[33m[0] > Building nlp.
[0mClearing temporary build folder: ./build/nlp/
Preparing: ./nlp/ build/nlp/function
Building: localhost:5000/nlp:latest with python3-http-debian-nlp template. Please wait..
Sending build context to Docker daemon  71.37MB
Step 1/45 : ARG FUNCTION_DIR=/home/app/.local
Step 2/45 : FROM python:slim-buster as build-image
 ---> bd4897b280b1
Step 3/45 : RUN apt-get update && 	apt-get install -y 	g++ 	make 	cmake 	unzip 	libcurl4-openssl-dev
 ---> Using cache
 ---> 04ca119da391
Step 4/45 : RUN addgroup --system app && adduser app --system --ingroup app
 ---> Using cache
 ---> ddc00c5e4422
Step 5/45 : RUN chown app /home/app
 ---> Using cache
 ---> cb9bdbd7472d
Step 6/45 : USER app
 ---> Using cache
 ---> d88c4d92eb63
Step 7/45 : ENV PATH=$PATH:/home/app/.local/bin
 ---> Using cache
 ---> 87436b7210c9
Step 8/45 : WORKDIR /home/app
 ---> Using cache
 ---> be0040268aca
Step 9/45 : COPY requirements.txt .
 ---> Using cache
 ---> c909f96296dc
Step 10/45 : RUN pip install --user -r requirements.txt
 ---> Using cache
 ---> dcd9a61b4b05
Step 11/45 : FROM openfaas/of-watchdog:0.7.7 as watchdog
 ---> d0f9fd4de119
Step 12/45 : FROM python:slim-buster
 ---> bd4897b280b1
Step 13/45 : COPY --from=watchdog /fwatchdog /usr/bin/fwatchdog
 ---> Using cache
 ---> 14a5d22aa53a
Step 14/45 : RUN chmod +x /usr/bin/fwatchdog
 ---> Using cache
 ---> 97cce00ed014
Step 15/45 : ARG FUNCTION_DIR
 ---> Using cache
 ---> c1bde1a19cd2
Step 16/45 : ARG ADDITIONAL_PACKAGE
 ---> Using cache
 ---> 0654032d2815
Step 17/45 : RUN apt-get -qy update && 	apt-get -qy install gcc make ${ADDITIONAL_PACKAGE} && 	rm -rf /var/lib/apt/lists/*
 ---> Running in ce3860dbc99a
Get:1 http://deb.debian.org/debian buster InRelease [122 kB]
Get:2 http://security.debian.org/debian-security buster/updates InRelease [65.4 kB]
Get:3 http://deb.debian.org/debian buster-updates InRelease [51.9 kB]
Get:4 http://security.debian.org/debian-security buster/updates/main amd64 Packages [318 kB]
Get:5 http://deb.debian.org/debian buster/main amd64 Packages [7911 kB]
Get:6 http://deb.debian.org/debian buster-updates/main amd64 Packages [8796 B]
Fetched 8477 kB in 3s (2795 kB/s)
Reading package lists...
Reading package lists...
Building dependency tree...
Reading state information...
The following additional packages will be installed:
  binutils binutils-common binutils-x86-64-linux-gnu cpp cpp-8 gcc-8 libasan5
  libatomic1 libbinutils libc-dev-bin libc6-dev libcc1-0 libgcc-8-dev libgomp1
  libisl19 libitm1 liblsan0 libmpc3 libmpfr6 libmpx2 libquadmath0 libtsan0
  libubsan1 linux-libc-dev manpages manpages-dev
Suggested packages:
  binutils-doc cpp-doc gcc-8-locales gcc-multilib autoconf automake libtool
  flex bison gdb gcc-doc gcc-8-multilib gcc-8-doc libgcc1-dbg libgomp1-dbg
  libitm1-dbg libatomic1-dbg libasan5-dbg liblsan0-dbg libtsan0-dbg
  libubsan1-dbg libmpx2-dbg libquadmath0-dbg glibc-doc make-doc man-browser
The following NEW packages will be installed:
  binutils binutils-common binutils-x86-64-linux-gnu cpp cpp-8 gcc gcc-8
  libasan5 libatomic1 libbinutils libc-dev-bin libc6-dev libcc1-0 libgcc-8-dev
  libgomp1 libisl19 libitm1 liblsan0 libmpc3 libmpfr6 libmpx2 libquadmath0
  libtsan0 libubsan1 linux-libc-dev make manpages manpages-dev
0 upgraded, 28 newly installed, 0 to remove and 2 not upgraded.
Need to get 36.1 MB of archives.
After this operation, 137 MB of additional disk space will be used.
Get:1 http://deb.debian.org/debian buster/main amd64 manpages all 4.16-2 [1295 kB]
Get:2 http://deb.debian.org/debian buster/main amd64 binutils-common amd64 2.31.1-16 [2073 kB]
Get:3 http://deb.debian.org/debian buster/main amd64 libbinutils amd64 2.31.1-16 [478 kB]
Get:4 http://deb.debian.org/debian buster/main amd64 binutils-x86-64-linux-gnu amd64 2.31.1-16 [1823 kB]
Get:5 http://deb.debian.org/debian buster/main amd64 binutils amd64 2.31.1-16 [56.8 kB]
Get:6 http://deb.debian.org/debian buster/main amd64 libisl19 amd64 0.20-2 [587 kB]
Get:7 http://deb.debian.org/debian buster/main amd64 libmpfr6 amd64 4.0.2-1 [775 kB]
Get:8 http://deb.debian.org/debian buster/main amd64 libmpc3 amd64 1.1.0-1 [41.3 kB]
Get:9 http://deb.debian.org/debian buster/main amd64 cpp-8 amd64 8.3.0-6 [8914 kB]
Get:10 http://deb.debian.org/debian buster/main amd64 cpp amd64 4:8.3.0-1 [19.4 kB]
Get:11 http://deb.debian.org/debian buster/main amd64 libcc1-0 amd64 8.3.0-6 [46.6 kB]
Get:12 http://deb.debian.org/debian buster/main amd64 libgomp1 amd64 8.3.0-6 [75.8 kB]
Get:13 http://deb.debian.org/debian buster/main amd64 libitm1 amd64 8.3.0-6 [27.7 kB]
Get:14 http://deb.debian.org/debian buster/main amd64 libatomic1 amd64 8.3.0-6 [9032 B]
Get:15 http://deb.debian.org/debian buster/main amd64 libasan5 amd64 8.3.0-6 [362 kB]
Get:16 http://deb.debian.org/debian buster/main amd64 liblsan0 amd64 8.3.0-6 [131 kB]
Get:17 http://deb.debian.org/debian buster/main amd64 libtsan0 amd64 8.3.0-6 [283 kB]
Get:18 http://deb.debian.org/debian buster/main amd64 libubsan1 amd64 8.3.0-6 [120 kB]
Get:19 http://deb.debian.org/debian buster/main amd64 libmpx2 amd64 8.3.0-6 [11.4 kB]
Get:20 http://deb.debian.org/debian buster/main amd64 libquadmath0 amd64 8.3.0-6 [133 kB]
Get:21 http://deb.debian.org/debian buster/main amd64 libgcc-8-dev amd64 8.3.0-6 [2298 kB]
Get:22 http://deb.debian.org/debian buster/main amd64 gcc-8 amd64 8.3.0-6 [9452 kB]
Get:23 http://deb.debian.org/debian buster/main amd64 gcc amd64 4:8.3.0-1 [5196 B]
Get:24 http://deb.debian.org/debian buster/main amd64 libc-dev-bin amd64 2.28-10+deb10u1 [276 kB]
Get:25 http://deb.debian.org/debian buster/main amd64 linux-libc-dev amd64 4.19.235-1 [1510 kB]
Get:26 http://deb.debian.org/debian buster/main amd64 libc6-dev amd64 2.28-10+deb10u1 [2692 kB]
Get:27 http://deb.debian.org/debian buster/main amd64 make amd64 4.2.1-1.2 [341 kB]
Get:28 http://deb.debian.org/debian buster/main amd64 manpages-dev all 4.16-2 [2232 kB]
[91mdebconf: delaying package configuration, since apt-utils is not installed
[0mFetched 36.1 MB in 4s (9404 kB/s)
Selecting previously unselected package manpages.
(Reading database ... (Reading database ... 5%(Reading database ... 10%(Reading database ... 15%(Reading database ... 20%(Reading database ... 25%(Reading database ... 30%(Reading database ... 35%(Reading database ... 40%(Reading database ... 45%(Reading database ... 50%(Reading database ... 55%(Reading database ... 60%(Reading database ... 65%(Reading database ... 70%(Reading database ... 75%(Reading database ... 80%(Reading database ... 85%(Reading database ... 90%(Reading database ... 95%(Reading database ... 100%(Reading database ... 6840 files and directories currently installed.)
Preparing to unpack .../00-manpages_4.16-2_all.deb ...
Unpacking manpages (4.16-2) ...
Selecting previously unselected package binutils-common:amd64.
Preparing to unpack .../01-binutils-common_2.31.1-16_amd64.deb ...
Unpacking binutils-common:amd64 (2.31.1-16) ...
Selecting previously unselected package libbinutils:amd64.
Preparing to unpack .../02-libbinutils_2.31.1-16_amd64.deb ...
Unpacking libbinutils:amd64 (2.31.1-16) ...
Selecting previously unselected package binutils-x86-64-linux-gnu.
Preparing to unpack .../03-binutils-x86-64-linux-gnu_2.31.1-16_amd64.deb ...
Unpacking binutils-x86-64-linux-gnu (2.31.1-16) ...
Selecting previously unselected package binutils.
Preparing to unpack .../04-binutils_2.31.1-16_amd64.deb ...
Unpacking binutils (2.31.1-16) ...
Selecting previously unselected package libisl19:amd64.
Preparing to unpack .../05-libisl19_0.20-2_amd64.deb ...
Unpacking libisl19:amd64 (0.20-2) ...
Selecting previously unselected package libmpfr6:amd64.
Preparing to unpack .../06-libmpfr6_4.0.2-1_amd64.deb ...
Unpacking libmpfr6:amd64 (4.0.2-1) ...
Selecting previously unselected package libmpc3:amd64.
Preparing to unpack .../07-libmpc3_1.1.0-1_amd64.deb ...
Unpacking libmpc3:amd64 (1.1.0-1) ...
Selecting previously unselected package cpp-8.
Preparing to unpack .../08-cpp-8_8.3.0-6_amd64.deb ...
Unpacking cpp-8 (8.3.0-6) ...
Selecting previously unselected package cpp.
Preparing to unpack .../09-cpp_4%3a8.3.0-1_amd64.deb ...
Unpacking cpp (4:8.3.0-1) ...
Selecting previously unselected package libcc1-0:amd64.
Preparing to unpack .../10-libcc1-0_8.3.0-6_amd64.deb ...
Unpacking libcc1-0:amd64 (8.3.0-6) ...
Selecting previously unselected package libgomp1:amd64.
Preparing to unpack .../11-libgomp1_8.3.0-6_amd64.deb ...
Unpacking libgomp1:amd64 (8.3.0-6) ...
Selecting previously unselected package libitm1:amd64.
Preparing to unpack .../12-libitm1_8.3.0-6_amd64.deb ...
Unpacking libitm1:amd64 (8.3.0-6) ...
Selecting previously unselected package libatomic1:amd64.
Preparing to unpack .../13-libatomic1_8.3.0-6_amd64.deb ...
Unpacking libatomic1:amd64 (8.3.0-6) ...
Selecting previously unselected package libasan5:amd64.
Preparing to unpack .../14-libasan5_8.3.0-6_amd64.deb ...
Unpacking libasan5:amd64 (8.3.0-6) ...
Selecting previously unselected package liblsan0:amd64.
Preparing to unpack .../15-liblsan0_8.3.0-6_amd64.deb ...
Unpacking liblsan0:amd64 (8.3.0-6) ...
Selecting previously unselected package libtsan0:amd64.
Preparing to unpack .../16-libtsan0_8.3.0-6_amd64.deb ...
Unpacking libtsan0:amd64 (8.3.0-6) ...
Selecting previously unselected package libubsan1:amd64.
Preparing to unpack .../17-libubsan1_8.3.0-6_amd64.deb ...
Unpacking libubsan1:amd64 (8.3.0-6) ...
Selecting previously unselected package libmpx2:amd64.
Preparing to unpack .../18-libmpx2_8.3.0-6_amd64.deb ...
Unpacking libmpx2:amd64 (8.3.0-6) ...
Selecting previously unselected package libquadmath0:amd64.
Preparing to unpack .../19-libquadmath0_8.3.0-6_amd64.deb ...
Unpacking libquadmath0:amd64 (8.3.0-6) ...
Selecting previously unselected package libgcc-8-dev:amd64.
Preparing to unpack .../20-libgcc-8-dev_8.3.0-6_amd64.deb ...
Unpacking libgcc-8-dev:amd64 (8.3.0-6) ...
Selecting previously unselected package gcc-8.
Preparing to unpack .../21-gcc-8_8.3.0-6_amd64.deb ...
Unpacking gcc-8 (8.3.0-6) ...
Selecting previously unselected package gcc.
Preparing to unpack .../22-gcc_4%3a8.3.0-1_amd64.deb ...
Unpacking gcc (4:8.3.0-1) ...
Selecting previously unselected package libc-dev-bin.
Preparing to unpack .../23-libc-dev-bin_2.28-10+deb10u1_amd64.deb ...
Unpacking libc-dev-bin (2.28-10+deb10u1) ...
Selecting previously unselected package linux-libc-dev:amd64.
Preparing to unpack .../24-linux-libc-dev_4.19.235-1_amd64.deb ...
Unpacking linux-libc-dev:amd64 (4.19.235-1) ...
Selecting previously unselected package libc6-dev:amd64.
Preparing to unpack .../25-libc6-dev_2.28-10+deb10u1_amd64.deb ...
Unpacking libc6-dev:amd64 (2.28-10+deb10u1) ...
Selecting previously unselected package make.
Preparing to unpack .../26-make_4.2.1-1.2_amd64.deb ...
Unpacking make (4.2.1-1.2) ...
Selecting previously unselected package manpages-dev.
Preparing to unpack .../27-manpages-dev_4.16-2_all.deb ...
Unpacking manpages-dev (4.16-2) ...
Setting up manpages (4.16-2) ...
Setting up binutils-common:amd64 (2.31.1-16) ...
Setting up linux-libc-dev:amd64 (4.19.235-1) ...
Setting up libgomp1:amd64 (8.3.0-6) ...
Setting up libasan5:amd64 (8.3.0-6) ...
Setting up make (4.2.1-1.2) ...
Setting up libmpfr6:amd64 (4.0.2-1) ...
Setting up libquadmath0:amd64 (8.3.0-6) ...
Setting up libmpc3:amd64 (1.1.0-1) ...
Setting up libatomic1:amd64 (8.3.0-6) ...
Setting up libmpx2:amd64 (8.3.0-6) ...
Setting up libubsan1:amd64 (8.3.0-6) ...
Setting up libisl19:amd64 (0.20-2) ...
Setting up libbinutils:amd64 (2.31.1-16) ...
Setting up cpp-8 (8.3.0-6) ...
Setting up libc-dev-bin (2.28-10+deb10u1) ...
Setting up libcc1-0:amd64 (8.3.0-6) ...
Setting up liblsan0:amd64 (8.3.0-6) ...
Setting up libitm1:amd64 (8.3.0-6) ...
Setting up binutils-x86-64-linux-gnu (2.31.1-16) ...
Setting up libtsan0:amd64 (8.3.0-6) ...
Setting up manpages-dev (4.16-2) ...
Setting up binutils (2.31.1-16) ...
Setting up libgcc-8-dev:amd64 (8.3.0-6) ...
Setting up cpp (4:8.3.0-1) ...
Setting up libc6-dev:amd64 (2.28-10+deb10u1) ...
Setting up gcc-8 (8.3.0-6) ...
Setting up gcc (4:8.3.0-1) ...
Processing triggers for libc-bin (2.28-10+deb10u1) ...
Removing intermediate container ce3860dbc99a
 ---> a3246b871a77
Step 18/45 : RUN addgroup --system app && adduser app --system --ingroup app
 ---> Running in a6848de99e2c
Adding group `app' (GID 101) ...
Done.
Adding system user `app' (UID 101) ...
Adding new user `app' (UID 101) with group `app' ...
Creating home directory `/home/app' ...
Removing intermediate container a6848de99e2c
 ---> 5692be8ca028
Step 19/45 : RUN chown app /home/app
 ---> Running in dd5bdff44f9a
Removing intermediate container dd5bdff44f9a
 ---> 8a1746c6f749
Step 20/45 : USER app
 ---> Running in 7a925b841041
Removing intermediate container 7a925b841041
 ---> 5e050f423d81
Step 21/45 : ENV PATH=$PATH:/home/app/.local/bin
 ---> Running in 2e7175703d11
Removing intermediate container 2e7175703d11
 ---> c77f888e9b6d
Step 22/45 : WORKDIR /home/app/
 ---> Running in dca286d427d5
Removing intermediate container dca286d427d5
 ---> 4b0373313215
Step 23/45 : COPY index.py .
 ---> 0402f8eb7a3d
Step 24/45 : COPY requirements.txt .
 ---> 95561c41dcd7
Step 25/45 : USER root
 ---> Running in 65a5c375ffcb
Removing intermediate container 65a5c375ffcb
 ---> 046d69533a9b
Step 26/45 : RUN pip install -r requirements.txt
 ---> Running in 51234a805e27
Collecting flask
  Downloading Flask-2.1.1-py3-none-any.whl (95 kB)
     â”â”â”â”â”â”â”â”â”â”â”â”â”â”â”â”â”â”â”â”â”â”â”â”â”â”â”â”â”â”â”â”â”â”â”â”â”â”â”â” 95.2/95.2 KB 2.5 MB/s eta 0:00:00
Collecting waitress
  Downloading waitress-2.1.1-py3-none-any.whl (57 kB)
     â”â”â”â”â”â”â”â”â”â”â”â”â”â”â”â”â”â”â”â”â”â”â”â”â”â”â”â”â”â”â”â”â”â”â”â”â”â”â”â” 57.3/57.3 KB 3.4 MB/s eta 0:00:00
Collecting tox==3.*
  Downloading tox-3.25.0-py2.py3-none-any.whl (85 kB)
     â”â”â”â”â”â”â”â”â”â”â”â”â”â”â”â”â”â”â”â”â”â”â”â”â”â”â”â”â”â”â”â”â”â”â”â”â”â”â”â” 85.9/85.9 KB 2.9 MB/s eta 0:00:00
Collecting toml>=0.9.4
  Downloading toml-0.10.2-py2.py3-none-any.whl (16 kB)
Collecting packaging>=14
  Downloading packaging-21.3-py3-none-any.whl (40 kB)
     â”â”â”â”â”â”â”â”â”â”â”â”â”â”â”â”â”â”â”â”â”â”â”â”â”â”â”â”â”â”â”â”â”â”â”â”â”â”â”â” 40.8/40.8 KB 2.6 MB/s eta 0:00:00
Collecting filelock>=3.0.0
  Downloading filelock-3.6.0-py3-none-any.whl (10.0 kB)
Collecting py>=1.4.17
  Downloading py-1.11.0-py2.py3-none-any.whl (98 kB)
     â”â”â”â”â”â”â”â”â”â”â”â”â”â”â”â”â”â”â”â”â”â”â”â”â”â”â”â”â”â”â”â”â”â”â”â”â”â”â”â” 98.7/98.7 KB 7.4 MB/s eta 0:00:00
Collecting six>=1.14.0
  Downloading six-1.16.0-py2.py3-none-any.whl (11 kB)
Collecting pluggy>=0.12.0
  Downloading pluggy-1.0.0-py2.py3-none-any.whl (13 kB)
Collecting virtualenv!=20.0.0,!=20.0.1,!=20.0.2,!=20.0.3,!=20.0.4,!=20.0.5,!=20.0.6,!=20.0.7,>=16.0.0
  Downloading virtualenv-20.14.1-py2.py3-none-any.whl (8.8 MB)
     â”â”â”â”â”â”â”â”â”â”â”â”â”â”â”â”â”â”â”â”â”â”â”â”â”â”â”â”â”â”â”â”â”â”â”â”â”â”â”â” 8.8/8.8 MB 7.0 MB/s eta 0:00:00
Collecting itsdangerous>=2.0
  Downloading itsdangerous-2.1.2-py3-none-any.whl (15 kB)
Collecting Jinja2>=3.0
  Downloading Jinja2-3.1.1-py3-none-any.whl (132 kB)
     â”â”â”â”â”â”â”â”â”â”â”â”â”â”â”â”â”â”â”â”â”â”â”â”â”â”â”â”â”â”â”â”â”â”â”â”â”â”â” 132.6/132.6 KB 8.1 MB/s eta 0:00:00
Collecting click>=8.0
  Downloading click-8.1.2-py3-none-any.whl (96 kB)
     â”â”â”â”â”â”â”â”â”â”â”â”â”â”â”â”â”â”â”â”â”â”â”â”â”â”â”â”â”â”â”â”â”â”â”â”â”â”â”â” 96.6/96.6 KB 6.5 MB/s eta 0:00:00
Collecting Werkzeug>=2.0
  Downloading Werkzeug-2.1.1-py3-none-any.whl (224 kB)
     â”â”â”â”â”â”â”â”â”â”â”â”â”â”â”â”â”â”â”â”â”â”â”â”â”â”â”â”â”â”â”â”â”â”â”â”â”â”â” 224.7/224.7 KB 7.8 MB/s eta 0:00:00
Collecting MarkupSafe>=2.0
  Downloading MarkupSafe-2.1.1-cp310-cp310-manylinux_2_17_x86_64.manylinux2014_x86_64.whl (25 kB)
Collecting pyparsing!=3.0.5,>=2.0.2
  Downloading pyparsing-3.0.8-py3-none-any.whl (98 kB)
     â”â”â”â”â”â”â”â”â”â”â”â”â”â”â”â”â”â”â”â”â”â”â”â”â”â”â”â”â”â”â”â”â”â”â”â”â”â”â”â” 98.5/98.5 KB 5.9 MB/s eta 0:00:00
Collecting platformdirs<3,>=2
  Downloading platformdirs-2.5.2-py3-none-any.whl (14 kB)
Collecting distlib<1,>=0.3.1
  Downloading distlib-0.3.4-py2.py3-none-any.whl (461 kB)
     â”â”â”â”â”â”â”â”â”â”â”â”â”â”â”â”â”â”â”â”â”â”â”â”â”â”â”â”â”â”â”â”â”â”â”â”â”â”â” 461.2/461.2 KB 9.3 MB/s eta 0:00:00
Installing collected packages: distlib, Werkzeug, waitress, toml, six, pyparsing, py, pluggy, platformdirs, MarkupSafe, itsdangerous, filelock, click, virtualenv, packaging, Jinja2, tox, flask
Successfully installed Jinja2-3.1.1 MarkupSafe-2.1.1 Werkzeug-2.1.1 click-8.1.2 distlib-0.3.4 filelock-3.6.0 flask-2.1.1 itsdangerous-2.1.2 packaging-21.3 platformdirs-2.5.2 pluggy-1.0.0 py-1.11.0 pyparsing-3.0.8 six-1.16.0 toml-0.10.2 tox-3.25.0 virtualenv-20.14.1 waitress-2.1.1
[91mWARNING: Running pip as the 'root' user can result in broken permissions and conflicting behaviour with the system package manager. It is recommended to use a virtual environment instead: https://pip.pypa.io/warnings/venv
[0mRemoving intermediate container 51234a805e27
 ---> 66dc343af738
Step 27/45 : USER app
 ---> Running in c1ee2eda213b
Removing intermediate container c1ee2eda213b
 ---> d5443935f8a9
Step 28/45 : COPY --from=build-image ${FUNCTION_DIR} ${FUNCTION_DIR}
 ---> 1a4812b68e0c
Step 29/45 : RUN mkdir -p /home/app/function
 ---> Running in 4552195f7c2d
Removing intermediate container 4552195f7c2d
 ---> fb6e65471472
Step 30/45 : WORKDIR /home/app/function/
 ---> Running in d3101b98119e
Removing intermediate container d3101b98119e
 ---> bbd1d45abf1e
Step 31/45 : ENV NLTK_DATA=/home/app/function/nltk_data
 ---> Running in 92a94e7a8b85
Removing intermediate container 92a94e7a8b85
 ---> 545a302dfe72
Step 32/45 : USER root
 ---> Running in c0ebb665e034
Removing intermediate container c0ebb665e034
 ---> cef159eaab51
Step 33/45 : COPY function/ .
 ---> 7f156448fa62
Step 34/45 : RUN chown -R app:app ../
 ---> Running in 617e348e6d01
Removing intermediate container 617e348e6d01
 ---> bbe9099477d0
Step 35/45 : ARG TEST_COMMAND=tox
 ---> Running in bf0f9fcbddc4
Removing intermediate container bf0f9fcbddc4
 ---> 9236036f2de8
Step 36/45 : ARG TEST_ENABLED=true
 ---> Running in c6cef4ec6efd
Removing intermediate container c6cef4ec6efd
 ---> 28e19d4a83bb
Step 37/45 : RUN $TEST_ENABLED && eval "$TEST_COMMAND" || echo "skipping tests"
 ---> Running in 28b7ce5643af
lint create: /home/app/function/.tox/lint
lint installdeps: flake8
lint installed: flake8==4.0.1,mccabe==0.6.1,pycodestyle==2.8.0,pyflakes==2.4.0
lint run-test-pre: PYTHONHASHSEED='2196305283'
lint run-test: commands[0] | flake8 .
0
test create: /home/app/function/.tox/test
test installdeps: flask, pytest, -rrequirements.txt
ERROR: invocation failed (exit code 1), logfile: /home/app/function/.tox/test/log/test-1.log
================================== log start ===================================
Collecting flask
  Using cached Flask-2.1.1-py3-none-any.whl (95 kB)
Collecting pytest
  Downloading pytest-7.1.1-py3-none-any.whl (297 kB)
     â”â”â”â”â”â”â”â”â”â”â”â”â”â”â”â”â”â”â”â”â”â”â”â”â”â”â”â”â”â”â”â”â”â”â”â”â”â”â” 297.0/297.0 KB 4.3 MB/s eta 0:00:00
Collecting boto3==1.20.17
  Downloading boto3-1.20.17-py3-none-any.whl (131 kB)
     â”â”â”â”â”â”â”â”â”â”â”â”â”â”â”â”â”â”â”â”â”â”â”â”â”â”â”â”â”â”â”â”â”â”â”â”â”â”â” 131.8/131.8 KB 8.8 MB/s eta 0:00:00
Collecting botocore==1.23.17
  Downloading botocore-1.23.17-py3-none-any.whl (8.4 MB)
     â”â”â”â”â”â”â”â”â”â”â”â”â”â”â”â”â”â”â”â”â”â”â”â”â”â”â”â”â”â”â”â”â”â”â”â”â”â”â”â” 8.4/8.4 MB 10.5 MB/s eta 0:00:00
Collecting click==8.0.3
  Downloading click-8.0.3-py3-none-any.whl (97 kB)
     â”â”â”â”â”â”â”â”â”â”â”â”â”â”â”â”â”â”â”â”â”â”â”â”â”â”â”â”â”â”â”â”â”â”â”â”â”â”â”â” 97.5/97.5 KB 2.7 MB/s eta 0:00:00
Collecting gensim==4.1.2
  Downloading gensim-4.1.2.tar.gz (23.2 MB)
     â”â”â”â”â”â”â”â”â”â”â”â”â”â”â”â”â”â”â”â”â”â”â”â”â”â”â”â”â”â”â”â”â”â”â”â”â”â”â”â” 23.2/23.2 MB 11.1 MB/s eta 0:00:00
  Preparing metadata (setup.py): started
  Preparing metadata (setup.py): finished with status 'done'
Collecting jmespath==0.10.0
  Downloading jmespath-0.10.0-py2.py3-none-any.whl (24 kB)
Collecting joblib==1.1.0
  Downloading joblib-1.1.0-py2.py3-none-any.whl (306 kB)
     â”â”â”â”â”â”â”â”â”â”â”â”â”â”â”â”â”â”â”â”â”â”â”â”â”â”â”â”â”â”â”â”â”â”â”â”â”â”â” 307.0/307.0 KB 9.6 MB/s eta 0:00:00
Collecting nltk==3.6.5
  Downloading nltk-3.6.5-py3-none-any.whl (1.5 MB)
     â”â”â”â”â”â”â”â”â”â”â”â”â”â”â”â”â”â”â”â”â”â”â”â”â”â”â”â”â”â”â”â”â”â”â”â”â”â”â”â” 1.5/1.5 MB 12.5 MB/s eta 0:00:00
Collecting numpy==1.22.1
  Downloading numpy-1.22.1-cp310-cp310-manylinux_2_17_x86_64.manylinux2014_x86_64.whl (16.8 MB)
     â”â”â”â”â”â”â”â”â”â”â”â”â”â”â”â”â”â”â”â”â”â”â”â”â”â”â”â”â”â”â”â”â”â”â”â”â”â”â”â” 16.8/16.8 MB 10.7 MB/s eta 0:00:00
Collecting pandas==1.3.4
  Downloading pandas-1.3.4-cp310-cp310-manylinux_2_17_x86_64.manylinux2014_x86_64.whl (11.5 MB)
     â”â”â”â”â”â”â”â”â”â”â”â”â”â”â”â”â”â”â”â”â”â”â”â”â”â”â”â”â”â”â”â”â”â”â”â”â”â”â”â” 11.5/11.5 MB 11.6 MB/s eta 0:00:00
Collecting python-dateutil==2.8.2
  Downloading python_dateutil-2.8.2-py2.py3-none-any.whl (247 kB)
     â”â”â”â”â”â”â”â”â”â”â”â”â”â”â”â”â”â”â”â”â”â”â”â”â”â”â”â”â”â”â”â”â”â”â”â”â”â”â” 247.7/247.7 KB 9.9 MB/s eta 0:00:00
Collecting pytz==2021.3
  Downloading pytz-2021.3-py2.py3-none-any.whl (503 kB)
     â”â”â”â”â”â”â”â”â”â”â”â”â”â”â”â”â”â”â”â”â”â”â”â”â”â”â”â”â”â”â”â”â”â”â”â”â”â” 503.5/503.5 KB 11.1 MB/s eta 0:00:00
Collecting regex==2021.11.10
  Downloading regex-2021.11.10-cp310-cp310-manylinux_2_17_x86_64.manylinux2014_x86_64.whl (764 kB)
     â”â”â”â”â”â”â”â”â”â”â”â”â”â”â”â”â”â”â”â”â”â”â”â”â”â”â”â”â”â”â”â”â”â”â”â”â”â” 764.0/764.0 KB 11.1 MB/s eta 0:00:00
Collecting s3transfer==0.5.0
  Downloading s3transfer-0.5.0-py3-none-any.whl (79 kB)
     â”â”â”â”â”â”â”â”â”â”â”â”â”â”â”â”â”â”â”â”â”â”â”â”â”â”â”â”â”â”â”â”â”â”â”â”â”â”â”â” 79.2/79.2 KB 4.4 MB/s eta 0:00:00
Collecting scipy==1.7.3
  Downloading scipy-1.7.3-cp310-cp310-manylinux_2_17_x86_64.manylinux2014_x86_64.whl (39.9 MB)
     â”â”â”â”â”â”â”â”â”â”â”â”â”â”â”â”â”â”â”â”â”â”â”â”â”â”â”â”â”â”â”â”â”â”â”â”â”â”â”â” 39.9/39.9 MB 9.5 MB/s eta 0:00:00
Collecting simplejson==3.17.2
  Downloading simplejson-3.17.2.tar.gz (83 kB)
     â”â”â”â”â”â”â”â”â”â”â”â”â”â”â”â”â”â”â”â”â”â”â”â”â”â”â”â”â”â”â”â”â”â”â”â”â”â”â”â” 83.2/83.2 KB 7.2 MB/s eta 0:00:00
  Preparing metadata (setup.py): started
  Preparing metadata (setup.py): finished with status 'done'
Collecting six==1.16.0
  Using cached six-1.16.0-py2.py3-none-any.whl (11 kB)
Collecting smart-open==5.2.1
  Downloading smart_open-5.2.1-py3-none-any.whl (58 kB)
     â”â”â”â”â”â”â”â”â”â”â”â”â”â”â”â”â”â”â”â”â”â”â”â”â”â”â”â”â”â”â”â”â”â”â”â”â”â”â”â” 58.6/58.6 KB 4.9 MB/s eta 0:00:00
Collecting tqdm==4.62.3
  Downloading tqdm-4.62.3-py2.py3-none-any.whl (76 kB)
     â”â”â”â”â”â”â”â”â”â”â”â”â”â”â”â”â”â”â”â”â”â”â”â”â”â”â”â”â”â”â”â”â”â”â”â”â”â”â”â” 76.2/76.2 KB 6.0 MB/s eta 0:00:00
Collecting urllib3==1.26.7
  Downloading urllib3-1.26.7-py2.py3-none-any.whl (138 kB)
     â”â”â”â”â”â”â”â”â”â”â”â”â”â”â”â”â”â”â”â”â”â”â”â”â”â”â”â”â”â”â”â”â”â”â”â”â”â”â” 138.8/138.8 KB 5.6 MB/s eta 0:00:00
Collecting itsdangerous>=2.0
  Using cached itsdangerous-2.1.2-py3-none-any.whl (15 kB)
Collecting Jinja2>=3.0
  Using cached Jinja2-3.1.1-py3-none-any.whl (132 kB)
Collecting Werkzeug>=2.0
  Using cached Werkzeug-2.1.1-py3-none-any.whl (224 kB)
Collecting packaging
  Using cached packaging-21.3-py3-none-any.whl (40 kB)
Collecting iniconfig
  Downloading iniconfig-1.1.1-py2.py3-none-any.whl (5.0 kB)
Collecting tomli>=1.0.0
  Downloading tomli-2.0.1-py3-none-any.whl (12 kB)
Collecting attrs>=19.2.0
  Downloading attrs-21.4.0-py2.py3-none-any.whl (60 kB)
     â”â”â”â”â”â”â”â”â”â”â”â”â”â”â”â”â”â”â”â”â”â”â”â”â”â”â”â”â”â”â”â”â”â”â”â”â”â”â”â” 60.6/60.6 KB 4.1 MB/s eta 0:00:00
Collecting py>=1.8.2
  Using cached py-1.11.0-py2.py3-none-any.whl (98 kB)
Collecting pluggy<2.0,>=0.12
  Using cached pluggy-1.0.0-py2.py3-none-any.whl (13 kB)
Collecting MarkupSafe>=2.0
  Using cached MarkupSafe-2.1.1-cp310-cp310-manylinux_2_17_x86_64.manylinux2014_x86_64.whl (25 kB)
Collecting pyparsing!=3.0.5,>=2.0.2
  Using cached pyparsing-3.0.8-py3-none-any.whl (98 kB)
Building wheels for collected packages: gensim, simplejson
  Building wheel for gensim (setup.py): started
  Building wheel for gensim (setup.py): finished with status 'error'
  error: subprocess-exited-with-error
  
  Ã— python setup.py bdist_wheel did not run successfully.
  â”‚ exit code: 1
  â•°â”€> [478 lines of output]
      /home/app/function/.tox/test/lib/python3.10/site-packages/setuptools/installer.py:27: SetuptoolsDeprecationWarning: setuptools.installer is deprecated. Requirements should be satisfied by a PEP 517 installer.
        warnings.warn(
      running bdist_wheel
      running build
      running build_py
      creating build
      creating build/lib.linux-x86_64-cpython-310
      creating build/lib.linux-x86_64-cpython-310/gensim
      copying gensim/nosy.py -> build/lib.linux-x86_64-cpython-310/gensim
      copying gensim/utils.py -> build/lib.linux-x86_64-cpython-310/gensim
      copying gensim/interfaces.py -> build/lib.linux-x86_64-cpython-310/gensim
      copying gensim/downloader.py -> build/lib.linux-x86_64-cpython-310/gensim
      copying gensim/matutils.py -> build/lib.linux-x86_64-cpython-310/gensim
      copying gensim/__init__.py -> build/lib.linux-x86_64-cpython-310/gensim
      creating build/lib.linux-x86_64-cpython-310/gensim/similarities
      copying gensim/similarities/levenshtein.py -> build/lib.linux-x86_64-cpython-310/gensim/similarities
      copying gensim/similarities/docsim.py -> build/lib.linux-x86_64-cpython-310/gensim/similarities
      copying gensim/similarities/annoy.py -> build/lib.linux-x86_64-cpython-310/gensim/similarities
      copying gensim/similarities/termsim.py -> build/lib.linux-x86_64-cpython-310/gensim/similarities
      copying gensim/similarities/__init__.py -> build/lib.linux-x86_64-cpython-310/gensim/similarities
      copying gensim/similarities/nmslib.py -> build/lib.linux-x86_64-cpython-310/gensim/similarities
      creating build/lib.linux-x86_64-cpython-310/gensim/scripts
      copying gensim/scripts/make_wiki_online_nodebug.py -> build/lib.linux-x86_64-cpython-310/gensim/scripts
      copying gensim/scripts/benchmark.py -> build/lib.linux-x86_64-cpython-310/gensim/scripts
      copying gensim/scripts/make_wikicorpus.py -> build/lib.linux-x86_64-cpython-310/gensim/scripts
      copying gensim/scripts/make_wiki.py -> build/lib.linux-x86_64-cpython-310/gensim/scripts
      copying gensim/scripts/segment_wiki.py -> build/lib.linux-x86_64-cpython-310/gensim/scripts
      copying gensim/scripts/word2vec_standalone.py -> build/lib.linux-x86_64-cpython-310/gensim/scripts
      copying gensim/scripts/word2vec2tensor.py -> build/lib.linux-x86_64-cpython-310/gensim/scripts
      copying gensim/scripts/make_wiki_online.py -> build/lib.linux-x86_64-cpython-310/gensim/scripts
      copying gensim/scripts/package_info.py -> build/lib.linux-x86_64-cpython-310/gensim/scripts
      copying gensim/scripts/glove2word2vec.py -> build/lib.linux-x86_64-cpython-310/gensim/scripts
      copying gensim/scripts/__init__.py -> build/lib.linux-x86_64-cpython-310/gensim/scripts
      creating build/lib.linux-x86_64-cpython-310/gensim/test
      copying gensim/test/test_corpora.py -> build/lib.linux-x86_64-cpython-310/gensim/test
      copying gensim/test/test_hdpmodel.py -> build/lib.linux-x86_64-cpython-310/gensim/test
      copying gensim/test/test_direct_confirmation.py -> build/lib.linux-x86_64-cpython-310/gensim/test
      copying gensim/test/test_lsimodel.py -> build/lib.linux-x86_64-cpython-310/gensim/test
      copying gensim/test/test_atmodel.py -> build/lib.linux-x86_64-cpython-310/gensim/test
      copying gensim/test/test_text_analysis.py -> build/lib.linux-x86_64-cpython-310/gensim/test
      copying gensim/test/test_normmodel.py -> build/lib.linux-x86_64-cpython-310/gensim/test
      copying gensim/test/test_translation_matrix.py -> build/lib.linux-x86_64-cpython-310/gensim/test
      copying gensim/test/test_corpora_hashdictionary.py -> build/lib.linux-x86_64-cpython-310/gensim/test
      copying gensim/test/test_indirect_confirmation.py -> build/lib.linux-x86_64-cpython-310/gensim/test
      copying gensim/test/test_coherencemodel.py -> build/lib.linux-x86_64-cpython-310/gensim/test
      copying gensim/test/simspeed2.py -> build/lib.linux-x86_64-cpython-310/gensim/test
      copying gensim/test/utils.py -> build/lib.linux-x86_64-cpython-310/gensim/test
      copying gensim/test/test_similarity_metrics.py -> build/lib.linux-x86_64-cpython-310/gensim/test
      copying gensim/test/test_phrases.py -> build/lib.linux-x86_64-cpython-310/gensim/test
      copying gensim/test/test_logentropy_model.py -> build/lib.linux-x86_64-cpython-310/gensim/test
      copying gensim/test/test_fasttext.py -> build/lib.linux-x86_64-cpython-310/gensim/test
      copying gensim/test/test_doc2vec.py -> build/lib.linux-x86_64-cpython-310/gensim/test
      copying gensim/test/test_similarities.py -> build/lib.linux-x86_64-cpython-310/gensim/test
      copying gensim/test/test_parsing.py -> build/lib.linux-x86_64-cpython-310/gensim/test
      copying gensim/test/test_corpora_dictionary.py -> build/lib.linux-x86_64-cpython-310/gensim/test
      copying gensim/test/test_word2vec.py -> build/lib.linux-x86_64-cpython-310/gensim/test
      copying gensim/test/test_utils.py -> build/lib.linux-x86_64-cpython-310/gensim/test
      copying gensim/test/test_ensemblelda.py -> build/lib.linux-x86_64-cpython-310/gensim/test
      copying gensim/test/test_rpmodel.py -> build/lib.linux-x86_64-cpython-310/gensim/test
      copying gensim/test/test_datatype.py -> build/lib.linux-x86_64-cpython-310/gensim/test
      copying gensim/test/test_sharded_corpus.py -> build/lib.linux-x86_64-cpython-310/gensim/test
      copying gensim/test/test_ldamodel.py -> build/lib.linux-x86_64-cpython-310/gensim/test
      copying gensim/test/basetmtests.py -> build/lib.linux-x86_64-cpython-310/gensim/test
      copying gensim/test/test_probability_estimation.py -> build/lib.linux-x86_64-cpython-310/gensim/test
      copying gensim/test/svd_error.py -> build/lib.linux-x86_64-cpython-310/gensim/test
      copying gensim/test/test_segmentation.py -> build/lib.linux-x86_64-cpython-310/gensim/test
      copying gensim/test/test_miislita.py -> build/lib.linux-x86_64-cpython-310/gensim/test
      copying gensim/test/test_tfidfmodel.py -> build/lib.linux-x86_64-cpython-310/gensim/test
      copying gensim/test/test_tmdiff.py -> build/lib.linux-x86_64-cpython-310/gensim/test
      copying gensim/test/test_ldaseqmodel.py -> build/lib.linux-x86_64-cpython-310/gensim/test
      copying gensim/test/test_api.py -> build/lib.linux-x86_64-cpython-310/gensim/test
      copying gensim/test/test_aggregation.py -> build/lib.linux-x86_64-cpython-310/gensim/test
      copying gensim/test/test_nmf.py -> build/lib.linux-x86_64-cpython-310/gensim/test
      copying gensim/test/test_dtm.py -> build/lib.linux-x86_64-cpython-310/gensim/test
      copying gensim/test/test_lee.py -> build/lib.linux-x86_64-cpython-310/gensim/test
      copying gensim/test/test_matutils.py -> build/lib.linux-x86_64-cpython-310/gensim/test
      copying gensim/test/test_poincare.py -> build/lib.linux-x86_64-cpython-310/gensim/test
      copying gensim/test/__init__.py -> build/lib.linux-x86_64-cpython-310/gensim/test
      copying gensim/test/test_glove2word2vec.py -> build/lib.linux-x86_64-cpython-310/gensim/test
      copying gensim/test/test_lda_callback.py -> build/lib.linux-x86_64-cpython-310/gensim/test
      copying gensim/test/test_keyedvectors.py -> build/lib.linux-x86_64-cpython-310/gensim/test
      copying gensim/test/simspeed.py -> build/lib.linux-x86_64-cpython-310/gensim/test
      copying gensim/test/test_scripts.py -> build/lib.linux-x86_64-cpython-310/gensim/test
      copying gensim/test/test_big.py -> build/lib.linux-x86_64-cpython-310/gensim/test
      creating build/lib.linux-x86_64-cpython-310/gensim/topic_coherence
      copying gensim/topic_coherence/segmentation.py -> build/lib.linux-x86_64-cpython-310/gensim/topic_coherence
      copying gensim/topic_coherence/aggregation.py -> build/lib.linux-x86_64-cpython-310/gensim/topic_coherence
      copying gensim/topic_coherence/probability_estimation.py -> build/lib.linux-x86_64-cpython-310/gensim/topic_coherence
      copying gensim/topic_coherence/direct_confirmation_measure.py -> build/lib.linux-x86_64-cpython-310/gensim/topic_coherence
      copying gensim/topic_coherence/indirect_confirmation_measure.py -> build/lib.linux-x86_64-cpython-310/gensim/topic_coherence
      copying gensim/topic_coherence/text_analysis.py -> build/lib.linux-x86_64-cpython-310/gensim/topic_coherence
      copying gensim/topic_coherence/__init__.py -> build/lib.linux-x86_64-cpython-310/gensim/topic_coherence
      creating build/lib.linux-x86_64-cpython-310/gensim/parsing
      copying gensim/parsing/preprocessing.py -> build/lib.linux-x86_64-cpython-310/gensim/parsing
      copying gensim/parsing/porter.py -> build/lib.linux-x86_64-cpython-310/gensim/parsing
      copying gensim/parsing/__init__.py -> build/lib.linux-x86_64-cpython-310/gensim/parsing
      creating build/lib.linux-x86_64-cpython-310/gensim/corpora
      copying gensim/corpora/lowcorpus.py -> build/lib.linux-x86_64-cpython-310/gensim/corpora
      copying gensim/corpora/hashdictionary.py -> build/lib.linux-x86_64-cpython-310/gensim/corpora
      copying gensim/corpora/dictionary.py -> build/lib.linux-x86_64-cpython-310/gensim/corpora
      copying gensim/corpora/malletcorpus.py -> build/lib.linux-x86_64-cpython-310/gensim/corpora
      copying gensim/corpora/sharded_corpus.py -> build/lib.linux-x86_64-cpython-310/gensim/corpora
      copying gensim/corpora/csvcorpus.py -> build/lib.linux-x86_64-cpython-310/gensim/corpora
      copying gensim/corpora/bleicorpus.py -> build/lib.linux-x86_64-cpython-310/gensim/corpora
      copying gensim/corpora/mmcorpus.py -> build/lib.linux-x86_64-cpython-310/gensim/corpora
      copying gensim/corpora/indexedcorpus.py -> build/lib.linux-x86_64-cpython-310/gensim/corpora
      copying gensim/corpora/wikicorpus.py -> build/lib.linux-x86_64-cpython-310/gensim/corpora
      copying gensim/corpora/textcorpus.py -> build/lib.linux-x86_64-cpython-310/gensim/corpora
      copying gensim/corpora/opinosiscorpus.py -> build/lib.linux-x86_64-cpython-310/gensim/corpora
      copying gensim/corpora/svmlightcorpus.py -> build/lib.linux-x86_64-cpython-310/gensim/corpora
      copying gensim/corpora/ucicorpus.py -> build/lib.linux-x86_64-cpython-310/gensim/corpora
      copying gensim/corpora/__init__.py -> build/lib.linux-x86_64-cpython-310/gensim/corpora
      creating build/lib.linux-x86_64-cpython-310/gensim/models
      copying gensim/models/ldamodel.py -> build/lib.linux-x86_64-cpython-310/gensim/models
      copying gensim/models/callbacks.py -> build/lib.linux-x86_64-cpython-310/gensim/models
      copying gensim/models/word2vec.py -> build/lib.linux-x86_64-cpython-310/gensim/models
      copying gensim/models/ensemblelda.py -> build/lib.linux-x86_64-cpython-310/gensim/models
      copying gensim/models/ldaseqmodel.py -> build/lib.linux-x86_64-cpython-310/gensim/models
      copying gensim/models/phrases.py -> build/lib.linux-x86_64-cpython-310/gensim/models
      copying gensim/models/hdpmodel.py -> build/lib.linux-x86_64-cpython-310/gensim/models
      copying gensim/models/translation_matrix.py -> build/lib.linux-x86_64-cpython-310/gensim/models
      copying gensim/models/lsimodel.py -> build/lib.linux-x86_64-cpython-310/gensim/models
      copying gensim/models/fasttext.py -> build/lib.linux-x86_64-cpython-310/gensim/models
      copying gensim/models/lda_worker.py -> build/lib.linux-x86_64-cpython-310/gensim/models
      copying gensim/models/lsi_worker.py -> build/lib.linux-x86_64-cpython-310/gensim/models
      copying gensim/models/tfidfmodel.py -> build/lib.linux-x86_64-cpython-310/gensim/models
      copying gensim/models/ldamulticore.py -> build/lib.linux-x86_64-cpython-310/gensim/models
      copying gensim/models/rpmodel.py -> build/lib.linux-x86_64-cpython-310/gensim/models
      copying gensim/models/nmf.py -> build/lib.linux-x86_64-cpython-310/gensim/models
      copying gensim/models/logentropy_model.py -> build/lib.linux-x86_64-cpython-310/gensim/models
      copying gensim/models/poincare.py -> build/lib.linux-x86_64-cpython-310/gensim/models
      copying gensim/models/doc2vec.py -> build/lib.linux-x86_64-cpython-310/gensim/models
      copying gensim/models/basemodel.py -> build/lib.linux-x86_64-cpython-310/gensim/models
      copying gensim/models/keyedvectors.py -> build/lib.linux-x86_64-cpython-310/gensim/models
      copying gensim/models/normmodel.py -> build/lib.linux-x86_64-cpython-310/gensim/models
      copying gensim/models/lda_dispatcher.py -> build/lib.linux-x86_64-cpython-310/gensim/models
      copying gensim/models/_fasttext_bin.py -> build/lib.linux-x86_64-cpython-310/gensim/models
      copying gensim/models/__init__.py -> build/lib.linux-x86_64-cpython-310/gensim/models
      copying gensim/models/atmodel.py -> build/lib.linux-x86_64-cpython-310/gensim/models
      copying gensim/models/coherencemodel.py -> build/lib.linux-x86_64-cpython-310/gensim/models
      copying gensim/models/lsi_dispatcher.py -> build/lib.linux-x86_64-cpython-310/gensim/models
      running egg_info
      writing gensim.egg-info/PKG-INFO
      writing dependency_links to gensim.egg-info/dependency_links.txt
      writing requirements to gensim.egg-info/requires.txt
      writing top-level names to gensim.egg-info/top_level.txt
      reading manifest file 'gensim.egg-info/SOURCES.txt'
      reading manifest template 'MANIFEST.in'
      warning: no files found matching 'COPYING.LESSER'
      warning: no files found matching 'ez_setup.py'
      warning: no files found matching 'gensim/models/doc2vec_inner.c'
      adding license file 'COPYING'
      writing manifest file 'gensim.egg-info/SOURCES.txt'
      copying gensim/_matutils.c -> build/lib.linux-x86_64-cpython-310/gensim
      copying gensim/_matutils.pyx -> build/lib.linux-x86_64-cpython-310/gensim
      copying gensim/similarities/fastss.c -> build/lib.linux-x86_64-cpython-310/gensim/similarities
      creating build/lib.linux-x86_64-cpython-310/gensim/test/test_data
      copying gensim/test/test_data/EN.1-10.cbow1_wind5_hs0_neg10_size300_smpl1e-05.txt -> build/lib.linux-x86_64-cpython-310/gensim/test/test_data
      copying gensim/test/test_data/IT.1-10.cbow1_wind5_hs0_neg10_size300_smpl1e-05.txt -> build/lib.linux-x86_64-cpython-310/gensim/test/test_data
      copying gensim/test/test_data/OPUS_en_it_europarl_train_one2ten.txt -> build/lib.linux-x86_64-cpython-310/gensim/test/test_data
      copying gensim/test/test_data/alldata-id-10.txt -> build/lib.linux-x86_64-cpython-310/gensim/test/test_data
      copying gensim/test/test_data/atmodel_3_0_1_model -> build/lib.linux-x86_64-cpython-310/gensim/test/test_data
      copying gensim/test/test_data/atmodel_3_0_1_model.expElogbeta.npy -> build/lib.linux-x86_64-cpython-310/gensim/test/test_data
      copying gensim/test/test_data/atmodel_3_0_1_model.id2word -> build/lib.linux-x86_64-cpython-310/gensim/test/test_data
      copying gensim/test/test_data/atmodel_3_0_1_model.state -> build/lib.linux-x86_64-cpython-310/gensim/test/test_data
      copying gensim/test/test_data/bgwiki-latest-pages-articles-shortened.xml.bz2 -> build/lib.linux-x86_64-cpython-310/gensim/test/test_data
      copying gensim/test/test_data/compatible-hash-true.model -> build/lib.linux-x86_64-cpython-310/gensim/test/test_data
      copying gensim/test/test_data/cp852_fasttext.bin -> build/lib.linux-x86_64-cpython-310/gensim/test/test_data
      copying gensim/test/test_data/crime-and-punishment.bin -> build/lib.linux-x86_64-cpython-310/gensim/test/test_data
      copying gensim/test/test_data/crime-and-punishment.txt -> build/lib.linux-x86_64-cpython-310/gensim/test/test_data
      copying gensim/test/test_data/crime-and-punishment.vec -> build/lib.linux-x86_64-cpython-310/gensim/test/test_data
      copying gensim/test/test_data/d2v-lee-v0.13.0 -> build/lib.linux-x86_64-cpython-310/gensim/test/test_data
      copying gensim/test/test_data/doc2vec_old -> build/lib.linux-x86_64-cpython-310/gensim/test/test_data
      copying gensim/test/test_data/doc2vec_old_sep -> build/lib.linux-x86_64-cpython-310/gensim/test/test_data
      copying gensim/test/test_data/doc2vec_old_sep.syn0_lockf.npy -> build/lib.linux-x86_64-cpython-310/gensim/test/test_data
      copying gensim/test/test_data/doc2vec_old_sep.syn1neg.npy -> build/lib.linux-x86_64-cpython-310/gensim/test/test_data
      copying gensim/test/test_data/dtm_test.dict -> build/lib.linux-x86_64-cpython-310/gensim/test/test_data
      copying gensim/test/test_data/dtm_test.mm -> build/lib.linux-x86_64-cpython-310/gensim/test/test_data
      copying gensim/test/test_data/ensemblelda -> build/lib.linux-x86_64-cpython-310/gensim/test/test_data
      copying gensim/test/test_data/enwiki-latest-pages-articles1.xml-p000000010p000030302-shortened.bz2 -> build/lib.linux-x86_64-cpython-310/gensim/test/test_data
      copying gensim/test/test_data/enwiki-table-markup.xml.bz2 -> build/lib.linux-x86_64-cpython-310/gensim/test/test_data
      copying gensim/test/test_data/euclidean_vectors.bin -> build/lib.linux-x86_64-cpython-310/gensim/test/test_data
      copying gensim/test/test_data/fasttext_old -> build/lib.linux-x86_64-cpython-310/gensim/test/test_data
      copying gensim/test/test_data/fasttext_old_sep -> build/lib.linux-x86_64-cpython-310/gensim/test/test_data
      copying gensim/test/test_data/fasttext_old_sep.syn0_lockf.npy -> build/lib.linux-x86_64-cpython-310/gensim/test/test_data
      copying gensim/test/test_data/fasttext_old_sep.syn1neg.npy -> build/lib.linux-x86_64-cpython-310/gensim/test/test_data
      copying gensim/test/test_data/fb-ngrams.txt -> build/lib.linux-x86_64-cpython-310/gensim/test/test_data
      copying gensim/test/test_data/ft_kv_3.6.0.model.gz -> build/lib.linux-x86_64-cpython-310/gensim/test/test_data
      copying gensim/test/test_data/ft_model_2.3.0 -> build/lib.linux-x86_64-cpython-310/gensim/test/test_data
      copying gensim/test/test_data/head500.noblanks.cor -> build/lib.linux-x86_64-cpython-310/gensim/test/test_data
      copying gensim/test/test_data/head500.noblanks.cor.bz2 -> build/lib.linux-x86_64-cpython-310/gensim/test/test_data
      copying gensim/test/test_data/head500.noblanks.cor_tfidf.model -> build/lib.linux-x86_64-cpython-310/gensim/test/test_data
      copying gensim/test/test_data/head500.noblanks.cor_wordids.txt -> build/lib.linux-x86_64-cpython-310/gensim/test/test_data
      copying gensim/test/test_data/high_precision.kv.bin -> build/lib.linux-x86_64-cpython-310/gensim/test/test_data
      copying gensim/test/test_data/high_precision.kv.txt -> build/lib.linux-x86_64-cpython-310/gensim/test/test_data
      copying gensim/test/test_data/large_tag_doc_10_iter50 -> build/lib.linux-x86_64-cpython-310/gensim/test/test_data
      copying gensim/test/test_data/lda_3_0_1_model -> build/lib.linux-x86_64-cpython-310/gensim/test/test_data
      copying gensim/test/test_data/lda_3_0_1_model.expElogbeta.npy -> build/lib.linux-x86_64-cpython-310/gensim/test/test_data
      copying gensim/test/test_data/lda_3_0_1_model.id2word -> build/lib.linux-x86_64-cpython-310/gensim/test/test_data
      copying gensim/test/test_data/lda_3_0_1_model.state -> build/lib.linux-x86_64-cpython-310/gensim/test/test_data
      copying gensim/test/test_data/ldamodel_python_2_7 -> build/lib.linux-x86_64-cpython-310/gensim/test/test_data
      copying gensim/test/test_data/ldamodel_python_2_7.expElogbeta.npy -> build/lib.linux-x86_64-cpython-310/gensim/test/test_data
      copying gensim/test/test_data/ldamodel_python_2_7.id2word -> build/lib.linux-x86_64-cpython-310/gensim/test/test_data
      copying gensim/test/test_data/ldamodel_python_2_7.state -> build/lib.linux-x86_64-cpython-310/gensim/test/test_data
      copying gensim/test/test_data/ldamodel_python_3_5 -> build/lib.linux-x86_64-cpython-310/gensim/test/test_data
      copying gensim/test/test_data/ldamodel_python_3_5.expElogbeta.npy -> build/lib.linux-x86_64-cpython-310/gensim/test/test_data
      copying gensim/test/test_data/ldamodel_python_3_5.id2word -> build/lib.linux-x86_64-cpython-310/gensim/test/test_data
      copying gensim/test/test_data/ldamodel_python_3_5.state -> build/lib.linux-x86_64-cpython-310/gensim/test/test_data
      copying gensim/test/test_data/ldavowpalwabbit.dict.txt -> build/lib.linux-x86_64-cpython-310/gensim/test/test_data
      copying gensim/test/test_data/ldavowpalwabbit.txt -> build/lib.linux-x86_64-cpython-310/gensim/test/test_data
      copying gensim/test/test_data/lee.cor -> build/lib.linux-x86_64-cpython-310/gensim/test/test_data
      copying gensim/test/test_data/lee_background.cor -> build/lib.linux-x86_64-cpython-310/gensim/test/test_data
      copying gensim/test/test_data/lee_fasttext -> build/lib.linux-x86_64-cpython-310/gensim/test/test_data
      copying gensim/test/test_data/lee_fasttext.bin -> build/lib.linux-x86_64-cpython-310/gensim/test/test_data
      copying gensim/test/test_data/lee_fasttext.vec -> build/lib.linux-x86_64-cpython-310/gensim/test/test_data
      copying gensim/test/test_data/lee_fasttext_new.bin -> build/lib.linux-x86_64-cpython-310/gensim/test/test_data
      copying gensim/test/test_data/miIslita.cor -> build/lib.linux-x86_64-cpython-310/gensim/test/test_data
      copying gensim/test/test_data/mini_newsgroup -> build/lib.linux-x86_64-cpython-310/gensim/test/test_data
      copying gensim/test/test_data/nmf_model -> build/lib.linux-x86_64-cpython-310/gensim/test/test_data
      copying gensim/test/test_data/non_ascii_fasttext.bin -> build/lib.linux-x86_64-cpython-310/gensim/test/test_data
      copying gensim/test/test_data/old_keyedvectors_320.dat -> build/lib.linux-x86_64-cpython-310/gensim/test/test_data
      copying gensim/test/test_data/pang_lee_polarity.cor -> build/lib.linux-x86_64-cpython-310/gensim/test/test_data
      copying gensim/test/test_data/pang_lee_polarity_fasttext.bin -> build/lib.linux-x86_64-cpython-310/gensim/test/test_data
      copying gensim/test/test_data/pang_lee_polarity_fasttext.vec -> build/lib.linux-x86_64-cpython-310/gensim/test/test_data
      copying gensim/test/test_data/para2para_text1.txt -> build/lib.linux-x86_64-cpython-310/gensim/test/test_data
      copying gensim/test/test_data/para2para_text2.txt -> build/lib.linux-x86_64-cpython-310/gensim/test/test_data
      copying gensim/test/test_data/phraser-3.6.0.model -> build/lib.linux-x86_64-cpython-310/gensim/test/test_data
      copying gensim/test/test_data/phraser-no-common-terms.pkl -> build/lib.linux-x86_64-cpython-310/gensim/test/test_data
      copying gensim/test/test_data/phraser-no-scoring.pkl -> build/lib.linux-x86_64-cpython-310/gensim/test/test_data
      copying gensim/test/test_data/phraser-scoring-str.pkl -> build/lib.linux-x86_64-cpython-310/gensim/test/test_data
      copying gensim/test/test_data/phrases-3.6.0.model -> build/lib.linux-x86_64-cpython-310/gensim/test/test_data
      copying gensim/test/test_data/phrases-no-common-terms.pkl -> build/lib.linux-x86_64-cpython-310/gensim/test/test_data
      copying gensim/test/test_data/phrases-no-scoring.pkl -> build/lib.linux-x86_64-cpython-310/gensim/test/test_data
      copying gensim/test/test_data/phrases-scoring-str.pkl -> build/lib.linux-x86_64-cpython-310/gensim/test/test_data
      copying gensim/test/test_data/poincare_cp852.tsv -> build/lib.linux-x86_64-cpython-310/gensim/test/test_data
      copying gensim/test/test_data/poincare_hypernyms.tsv -> build/lib.linux-x86_64-cpython-310/gensim/test/test_data
      copying gensim/test/test_data/poincare_hypernyms_large.tsv -> build/lib.linux-x86_64-cpython-310/gensim/test/test_data
      copying gensim/test/test_data/poincare_test_3.4.0 -> build/lib.linux-x86_64-cpython-310/gensim/test/test_data
      copying gensim/test/test_data/poincare_utf8.tsv -> build/lib.linux-x86_64-cpython-310/gensim/test/test_data
      copying gensim/test/test_data/poincare_vectors.bin -> build/lib.linux-x86_64-cpython-310/gensim/test/test_data
      copying gensim/test/test_data/pre_0_13_2_model -> build/lib.linux-x86_64-cpython-310/gensim/test/test_data
      copying gensim/test/test_data/pre_0_13_2_model.state -> build/lib.linux-x86_64-cpython-310/gensim/test/test_data
      copying gensim/test/test_data/pretrained.vec -> build/lib.linux-x86_64-cpython-310/gensim/test/test_data
      copying gensim/test/test_data/questions-words.txt -> build/lib.linux-x86_64-cpython-310/gensim/test/test_data
      copying gensim/test/test_data/reproduce.dat -> build/lib.linux-x86_64-cpython-310/gensim/test/test_data
      copying gensim/test/test_data/reproduce.dat.gz -> build/lib.linux-x86_64-cpython-310/gensim/test/test_data
      copying gensim/test/test_data/similarities0-1.txt -> build/lib.linux-x86_64-cpython-310/gensim/test/test_data
      copying gensim/test/test_data/simlex999.txt -> build/lib.linux-x86_64-cpython-310/gensim/test/test_data
      copying gensim/test/test_data/small_tag_doc_5_iter50 -> build/lib.linux-x86_64-cpython-310/gensim/test/test_data
      copying gensim/test/test_data/test_corpus_ok.mm -> build/lib.linux-x86_64-cpython-310/gensim/test/test_data
      copying gensim/test/test_data/test_corpus_small.mm -> build/lib.linux-x86_64-cpython-310/gensim/test/test_data
      copying gensim/test/test_data/test_glove.txt -> build/lib.linux-x86_64-cpython-310/gensim/test/test_data
      copying gensim/test/test_data/test_mmcorpus_corrupt.mm -> build/lib.linux-x86_64-cpython-310/gensim/test/test_data
      copying gensim/test/test_data/test_mmcorpus_no_index.mm -> build/lib.linux-x86_64-cpython-310/gensim/test/test_data
      copying gensim/test/test_data/test_mmcorpus_no_index.mm.bz2 -> build/lib.linux-x86_64-cpython-310/gensim/test/test_data
      copying gensim/test/test_data/test_mmcorpus_no_index.mm.gz -> build/lib.linux-x86_64-cpython-310/gensim/test/test_data
      copying gensim/test/test_data/test_mmcorpus_overflow.mm -> build/lib.linux-x86_64-cpython-310/gensim/test/test_data
      copying gensim/test/test_data/test_mmcorpus_with_index.mm -> build/lib.linux-x86_64-cpython-310/gensim/test/test_data
      copying gensim/test/test_data/test_mmcorpus_with_index.mm.index -> build/lib.linux-x86_64-cpython-310/gensim/test/test_data
      copying gensim/test/test_data/testcorpus.blei -> build/lib.linux-x86_64-cpython-310/gensim/test/test_data
      copying gensim/test/test_data/testcorpus.blei.index -> build/lib.linux-x86_64-cpython-310/gensim/test/test_data
      copying gensim/test/test_data/testcorpus.blei.vocab -> build/lib.linux-x86_64-cpython-310/gensim/test/test_data
      copying gensim/test/test_data/testcorpus.low -> build/lib.linux-x86_64-cpython-310/gensim/test/test_data
      copying gensim/test/test_data/testcorpus.low.index -> build/lib.linux-x86_64-cpython-310/gensim/test/test_data
      copying gensim/test/test_data/testcorpus.mallet -> build/lib.linux-x86_64-cpython-310/gensim/test/test_data
      copying gensim/test/test_data/testcorpus.mallet.index -> build/lib.linux-x86_64-cpython-310/gensim/test/test_data
      copying gensim/test/test_data/testcorpus.mm -> build/lib.linux-x86_64-cpython-310/gensim/test/test_data
      copying gensim/test/test_data/testcorpus.mm.index -> build/lib.linux-x86_64-cpython-310/gensim/test/test_data
      copying gensim/test/test_data/testcorpus.svmlight -> build/lib.linux-x86_64-cpython-310/gensim/test/test_data
      copying gensim/test/test_data/testcorpus.svmlight.index -> build/lib.linux-x86_64-cpython-310/gensim/test/test_data
      copying gensim/test/test_data/testcorpus.txt -> build/lib.linux-x86_64-cpython-310/gensim/test/test_data
      copying gensim/test/test_data/testcorpus.uci -> build/lib.linux-x86_64-cpython-310/gensim/test/test_data
      copying gensim/test/test_data/testcorpus.uci.index -> build/lib.linux-x86_64-cpython-310/gensim/test/test_data
      copying gensim/test/test_data/testcorpus.uci.vocab -> build/lib.linux-x86_64-cpython-310/gensim/test/test_data
      copying gensim/test/test_data/testcorpus.xml.bz2 -> build/lib.linux-x86_64-cpython-310/gensim/test/test_data
      copying gensim/test/test_data/testcorpus_serialization.mm.index -> build/lib.linux-x86_64-cpython-310/gensim/test/test_data
      copying gensim/test/test_data/tfidf_model.tst -> build/lib.linux-x86_64-cpython-310/gensim/test/test_data
      copying gensim/test/test_data/tfidf_model.tst.bz2 -> build/lib.linux-x86_64-cpython-310/gensim/test/test_data
      copying gensim/test/test_data/tfidf_model_3_2.tst -> build/lib.linux-x86_64-cpython-310/gensim/test/test_data
      copying gensim/test/test_data/toy-data.txt -> build/lib.linux-x86_64-cpython-310/gensim/test/test_data
      copying gensim/test/test_data/toy-model-pretrained.bin -> build/lib.linux-x86_64-cpython-310/gensim/test/test_data
      copying gensim/test/test_data/toy-model.bin -> build/lib.linux-x86_64-cpython-310/gensim/test/test_data
      copying gensim/test/test_data/toy-model.vec -> build/lib.linux-x86_64-cpython-310/gensim/test/test_data
      copying gensim/test/test_data/varembed_lee_subcorpus.cor -> build/lib.linux-x86_64-cpython-310/gensim/test/test_data
      copying gensim/test/test_data/varembed_morfessor.bin -> build/lib.linux-x86_64-cpython-310/gensim/test/test_data
      copying gensim/test/test_data/varembed_vectors.pkl -> build/lib.linux-x86_64-cpython-310/gensim/test/test_data
      copying gensim/test/test_data/w2v-lee-v0.12.0 -> build/lib.linux-x86_64-cpython-310/gensim/test/test_data
      copying gensim/test/test_data/w2v_keyedvectors_load_test.modeldata -> build/lib.linux-x86_64-cpython-310/gensim/test/test_data
      copying gensim/test/test_data/w2v_keyedvectors_load_test.vocab -> build/lib.linux-x86_64-cpython-310/gensim/test/test_data
      copying gensim/test/test_data/word2vec_3.3 -> build/lib.linux-x86_64-cpython-310/gensim/test/test_data
      copying gensim/test/test_data/word2vec_old -> build/lib.linux-x86_64-cpython-310/gensim/test/test_data
      copying gensim/test/test_data/word2vec_old_sep -> build/lib.linux-x86_64-cpython-310/gensim/test/test_data
      copying gensim/test/test_data/word2vec_old_sep.syn0_lockf.npy -> build/lib.linux-x86_64-cpython-310/gensim/test/test_data
      copying gensim/test/test_data/word2vec_old_sep.syn1neg.npy -> build/lib.linux-x86_64-cpython-310/gensim/test/test_data
      copying gensim/test/test_data/word2vec_pre_kv_c -> build/lib.linux-x86_64-cpython-310/gensim/test/test_data
      copying gensim/test/test_data/word2vec_pre_kv_py2 -> build/lib.linux-x86_64-cpython-310/gensim/test/test_data
      copying gensim/test/test_data/word2vec_pre_kv_py3 -> build/lib.linux-x86_64-cpython-310/gensim/test/test_data
      copying gensim/test/test_data/word2vec_pre_kv_py3_4 -> build/lib.linux-x86_64-cpython-310/gensim/test/test_data
      copying gensim/test/test_data/word2vec_pre_kv_sep_py2 -> build/lib.linux-x86_64-cpython-310/gensim/test/test_data
      copying gensim/test/test_data/word2vec_pre_kv_sep_py2.neg_labels.npy -> build/lib.linux-x86_64-cpython-310/gensim/test/test_data
      copying gensim/test/test_data/word2vec_pre_kv_sep_py2.syn0.npy -> build/lib.linux-x86_64-cpython-310/gensim/test/test_data
      copying gensim/test/test_data/word2vec_pre_kv_sep_py2.syn0_lockf.npy -> build/lib.linux-x86_64-cpython-310/gensim/test/test_data
      copying gensim/test/test_data/word2vec_pre_kv_sep_py2.syn1neg.npy -> build/lib.linux-x86_64-cpython-310/gensim/test/test_data
      copying gensim/test/test_data/word2vec_pre_kv_sep_py3 -> build/lib.linux-x86_64-cpython-310/gensim/test/test_data
      copying gensim/test/test_data/word2vec_pre_kv_sep_py3.neg_labels.npy -> build/lib.linux-x86_64-cpython-310/gensim/test/test_data
      copying gensim/test/test_data/word2vec_pre_kv_sep_py3.syn0.npy -> build/lib.linux-x86_64-cpython-310/gensim/test/test_data
      copying gensim/test/test_data/word2vec_pre_kv_sep_py3.syn0_lockf.npy -> build/lib.linux-x86_64-cpython-310/gensim/test/test_data
      copying gensim/test/test_data/word2vec_pre_kv_sep_py3.syn1neg.npy -> build/lib.linux-x86_64-cpython-310/gensim/test/test_data
      copying gensim/test/test_data/word2vec_pre_kv_sep_py3_4 -> build/lib.linux-x86_64-cpython-310/gensim/test/test_data
      copying gensim/test/test_data/word2vec_pre_kv_sep_py3_4.neg_labels.npy -> build/lib.linux-x86_64-cpython-310/gensim/test/test_data
      copying gensim/test/test_data/word2vec_pre_kv_sep_py3_4.syn0.npy -> build/lib.linux-x86_64-cpython-310/gensim/test/test_data
      copying gensim/test/test_data/word2vec_pre_kv_sep_py3_4.syn0_lockf.npy -> build/lib.linux-x86_64-cpython-310/gensim/test/test_data
      copying gensim/test/test_data/word2vec_pre_kv_sep_py3_4.syn1neg.npy -> build/lib.linux-x86_64-cpython-310/gensim/test/test_data
      copying gensim/test/test_data/wordsim353.tsv -> build/lib.linux-x86_64-cpython-310/gensim/test/test_data
      creating build/lib.linux-x86_64-cpython-310/gensim/test/test_data/DTM
      copying gensim/test/test_data/DTM/ldaseq_3_0_1_model -> build/lib.linux-x86_64-cpython-310/gensim/test/test_data/DTM
      copying gensim/test/test_data/DTM/sstats_test.txt -> build/lib.linux-x86_64-cpython-310/gensim/test/test_data/DTM
      creating build/lib.linux-x86_64-cpython-310/gensim/test/test_data/PathLineSentences
      copying gensim/test/test_data/PathLineSentences/1.txt -> build/lib.linux-x86_64-cpython-310/gensim/test/test_data/PathLineSentences
      copying gensim/test/test_data/PathLineSentences/2.txt.bz2 -> build/lib.linux-x86_64-cpython-310/gensim/test/test_data/PathLineSentences
      creating build/lib.linux-x86_64-cpython-310/gensim/test/test_data/old_d2v_models
      copying gensim/test/test_data/old_d2v_models/d2v_0.12.0.mdl -> build/lib.linux-x86_64-cpython-310/gensim/test/test_data/old_d2v_models
      copying gensim/test/test_data/old_d2v_models/d2v_0.12.1.mdl -> build/lib.linux-x86_64-cpython-310/gensim/test/test_data/old_d2v_models
      copying gensim/test/test_data/old_d2v_models/d2v_0.12.2.mdl -> build/lib.linux-x86_64-cpython-310/gensim/test/test_data/old_d2v_models
      copying gensim/test/test_data/old_d2v_models/d2v_0.12.3.mdl -> build/lib.linux-x86_64-cpython-310/gensim/test/test_data/old_d2v_models
      copying gensim/test/test_data/old_d2v_models/d2v_0.12.4.mdl -> build/lib.linux-x86_64-cpython-310/gensim/test/test_data/old_d2v_models
      copying gensim/test/test_data/old_d2v_models/d2v_0.13.0.mdl -> build/lib.linux-x86_64-cpython-310/gensim/test/test_data/old_d2v_models
      copying gensim/test/test_data/old_d2v_models/d2v_0.13.1.mdl -> build/lib.linux-x86_64-cpython-310/gensim/test/test_data/old_d2v_models
      copying gensim/test/test_data/old_d2v_models/d2v_0.13.2.mdl -> build/lib.linux-x86_64-cpython-310/gensim/test/test_data/old_d2v_models
      copying gensim/test/test_data/old_d2v_models/d2v_0.13.3.mdl -> build/lib.linux-x86_64-cpython-310/gensim/test/test_data/old_d2v_models
      copying gensim/test/test_data/old_d2v_models/d2v_0.13.4.mdl -> build/lib.linux-x86_64-cpython-310/gensim/test/test_data/old_d2v_models
      copying gensim/test/test_data/old_d2v_models/d2v_1.0.0.mdl -> build/lib.linux-x86_64-cpython-310/gensim/test/test_data/old_d2v_models
      copying gensim/test/test_data/old_d2v_models/d2v_1.0.1.mdl -> build/lib.linux-x86_64-cpython-310/gensim/test/test_data/old_d2v_models
      copying gensim/test/test_data/old_d2v_models/d2v_2.0.0.mdl -> build/lib.linux-x86_64-cpython-310/gensim/test/test_data/old_d2v_models
      copying gensim/test/test_data/old_d2v_models/d2v_2.1.0.mdl -> build/lib.linux-x86_64-cpython-310/gensim/test/test_data/old_d2v_models
      copying gensim/test/test_data/old_d2v_models/d2v_2.2.0.mdl -> build/lib.linux-x86_64-cpython-310/gensim/test/test_data/old_d2v_models
      copying gensim/test/test_data/old_d2v_models/d2v_2.3.0.mdl -> build/lib.linux-x86_64-cpython-310/gensim/test/test_data/old_d2v_models
      copying gensim/test/test_data/old_d2v_models/d2v_3.0.0.mdl -> build/lib.linux-x86_64-cpython-310/gensim/test/test_data/old_d2v_models
      copying gensim/test/test_data/old_d2v_models/d2v_3.1.0.mdl -> build/lib.linux-x86_64-cpython-310/gensim/test/test_data/old_d2v_models
      copying gensim/test/test_data/old_d2v_models/d2v_3.2.0.mdl -> build/lib.linux-x86_64-cpython-310/gensim/test/test_data/old_d2v_models
      copying gensim/test/test_data/old_d2v_models/d2v_3.3.0.mdl -> build/lib.linux-x86_64-cpython-310/gensim/test/test_data/old_d2v_models
      copying gensim/test/test_data/old_d2v_models/d2v_3.4.0.mdl -> build/lib.linux-x86_64-cpython-310/gensim/test/test_data/old_d2v_models
      creating build/lib.linux-x86_64-cpython-310/gensim/test/test_data/old_w2v_models
      copying gensim/test/test_data/old_w2v_models/w2v_0.12.0.mdl -> build/lib.linux-x86_64-cpython-310/gensim/test/test_data/old_w2v_models
      copying gensim/test/test_data/old_w2v_models/w2v_0.12.1.mdl -> build/lib.linux-x86_64-cpython-310/gensim/test/test_data/old_w2v_models
      copying gensim/test/test_data/old_w2v_models/w2v_0.12.2.mdl -> build/lib.linux-x86_64-cpython-310/gensim/test/test_data/old_w2v_models
      copying gensim/test/test_data/old_w2v_models/w2v_0.12.3.mdl -> build/lib.linux-x86_64-cpython-310/gensim/test/test_data/old_w2v_models
      copying gensim/test/test_data/old_w2v_models/w2v_0.12.4.mdl -> build/lib.linux-x86_64-cpython-310/gensim/test/test_data/old_w2v_models
      copying gensim/test/test_data/old_w2v_models/w2v_0.13.0.mdl -> build/lib.linux-x86_64-cpython-310/gensim/test/test_data/old_w2v_models
      copying gensim/test/test_data/old_w2v_models/w2v_0.13.1.mdl -> build/lib.linux-x86_64-cpython-310/gensim/test/test_data/old_w2v_models
      copying gensim/test/test_data/old_w2v_models/w2v_0.13.2.mdl -> build/lib.linux-x86_64-cpython-310/gensim/test/test_data/old_w2v_models
      copying gensim/test/test_data/old_w2v_models/w2v_0.13.3.mdl -> build/lib.linux-x86_64-cpython-310/gensim/test/test_data/old_w2v_models
      copying gensim/test/test_data/old_w2v_models/w2v_0.13.4.mdl -> build/lib.linux-x86_64-cpython-310/gensim/test/test_data/old_w2v_models
      copying gensim/test/test_data/old_w2v_models/w2v_1.0.0.mdl -> build/lib.linux-x86_64-cpython-310/gensim/test/test_data/old_w2v_models
      copying gensim/test/test_data/old_w2v_models/w2v_1.0.1.mdl -> build/lib.linux-x86_64-cpython-310/gensim/test/test_data/old_w2v_models
      copying gensim/test/test_data/old_w2v_models/w2v_2.0.0.mdl -> build/lib.linux-x86_64-cpython-310/gensim/test/test_data/old_w2v_models
      copying gensim/test/test_data/old_w2v_models/w2v_2.1.0.mdl -> build/lib.linux-x86_64-cpython-310/gensim/test/test_data/old_w2v_models
      copying gensim/test/test_data/old_w2v_models/w2v_2.2.0.mdl -> build/lib.linux-x86_64-cpython-310/gensim/test/test_data/old_w2v_models
      copying gensim/test/test_data/old_w2v_models/w2v_2.3.0.mdl -> build/lib.linux-x86_64-cpython-310/gensim/test/test_data/old_w2v_models
      copying gensim/test/test_data/old_w2v_models/w2v_3.0.0.mdl -> build/lib.linux-x86_64-cpython-310/gensim/test/test_data/old_w2v_models
      copying gensim/test/test_data/old_w2v_models/w2v_3.1.0.mdl -> build/lib.linux-x86_64-cpython-310/gensim/test/test_data/old_w2v_models
      copying gensim/test/test_data/old_w2v_models/w2v_3.2.0.mdl -> build/lib.linux-x86_64-cpython-310/gensim/test/test_data/old_w2v_models
      copying gensim/test/test_data/old_w2v_models/w2v_3.3.0.mdl -> build/lib.linux-x86_64-cpython-310/gensim/test/test_data/old_w2v_models
      copying gensim/test/test_data/old_w2v_models/w2v_3.4.0.mdl -> build/lib.linux-x86_64-cpython-310/gensim/test/test_data/old_w2v_models
      copying gensim/corpora/_mmreader.c -> build/lib.linux-x86_64-cpython-310/gensim/corpora
      copying gensim/corpora/_mmreader.pyx -> build/lib.linux-x86_64-cpython-310/gensim/corpora
      copying gensim/models/doc2vec_corpusfile.cpp -> build/lib.linux-x86_64-cpython-310/gensim/models
      copying gensim/models/doc2vec_corpusfile.pyx -> build/lib.linux-x86_64-cpython-310/gensim/models
      copying gensim/models/doc2vec_inner.cpp -> build/lib.linux-x86_64-cpython-310/gensim/models
      copying gensim/models/doc2vec_inner.pxd -> build/lib.linux-x86_64-cpython-310/gensim/models
      copying gensim/models/doc2vec_inner.pyx -> build/lib.linux-x86_64-cpython-310/gensim/models
      copying gensim/models/fast_line_sentence.h -> build/lib.linux-x86_64-cpython-310/gensim/models
      copying gensim/models/fasttext_corpusfile.cpp -> build/lib.linux-x86_64-cpython-310/gensim/models
      copying gensim/models/fasttext_corpusfile.pyx -> build/lib.linux-x86_64-cpython-310/gensim/models
      copying gensim/models/fasttext_inner.c -> build/lib.linux-x86_64-cpython-310/gensim/models
      copying gensim/models/fasttext_inner.pxd -> build/lib.linux-x86_64-cpython-310/gensim/models
      copying gensim/models/fasttext_inner.pyx -> build/lib.linux-x86_64-cpython-310/gensim/models
      copying gensim/models/nmf_pgd.c -> build/lib.linux-x86_64-cpython-310/gensim/models
      copying gensim/models/nmf_pgd.pyx -> build/lib.linux-x86_64-cpython-310/gensim/models
      copying gensim/models/stdint_wrapper.h -> build/lib.linux-x86_64-cpython-310/gensim/models
      copying gensim/models/voidptr.h -> build/lib.linux-x86_64-cpython-310/gensim/models
      copying gensim/models/word2vec_corpusfile.cpp -> build/lib.linux-x86_64-cpython-310/gensim/models
      copying gensim/models/word2vec_corpusfile.pxd -> build/lib.linux-x86_64-cpython-310/gensim/models
      copying gensim/models/word2vec_corpusfile.pyx -> build/lib.linux-x86_64-cpython-310/gensim/models
      copying gensim/models/word2vec_inner.c -> build/lib.linux-x86_64-cpython-310/gensim/models
      copying gensim/models/word2vec_inner.pxd -> build/lib.linux-x86_64-cpython-310/gensim/models
      copying gensim/models/word2vec_inner.pyx -> build/lib.linux-x86_64-cpython-310/gensim/models
      running build_ext
      building 'gensim.models.word2vec_inner' extension
      creating build/temp.linux-x86_64-cpython-310
      creating build/temp.linux-x86_64-cpython-310/gensim
      creating build/temp.linux-x86_64-cpython-310/gensim/models
      gcc -pthread -Wno-unused-result -Wsign-compare -DNDEBUG -g -fwrapv -O3 -Wall -fPIC -I/home/app/function/.tox/test/include -I/usr/local/include/python3.10 -I/tmp/pip-install-t6zqr9w9/gensim_26c24c028c364da38e9cc0f1450f8ddd/.eggs/numpy-1.22.3-py3.10-linux-x86_64.egg/numpy/core/include -c gensim/models/word2vec_inner.c -o build/temp.linux-x86_64-cpython-310/gensim/models/word2vec_inner.o
      In file included from /tmp/pip-install-t6zqr9w9/gensim_26c24c028c364da38e9cc0f1450f8ddd/.eggs/numpy-1.22.3-py3.10-linux-x86_64.egg/numpy/core/include/numpy/ndarraytypes.h:1960,
                       from /tmp/pip-install-t6zqr9w9/gensim_26c24c028c364da38e9cc0f1450f8ddd/.eggs/numpy-1.22.3-py3.10-linux-x86_64.egg/numpy/core/include/numpy/ndarrayobject.h:12,
                       from /tmp/pip-install-t6zqr9w9/gensim_26c24c028c364da38e9cc0f1450f8ddd/.eggs/numpy-1.22.3-py3.10-linux-x86_64.egg/numpy/core/include/numpy/arrayobject.h:5,
                       from gensim/models/word2vec_inner.c:631:
      /tmp/pip-install-t6zqr9w9/gensim_26c24c028c364da38e9cc0f1450f8ddd/.eggs/numpy-1.22.3-py3.10-linux-x86_64.egg/numpy/core/include/numpy/npy_1_7_deprecated_api.h:17:2: warning: #warning "Using deprecated NumPy API, disable it with " "#define NPY_NO_DEPRECATED_API NPY_1_7_API_VERSION" [-Wcpp]
       #warning "Using deprecated NumPy API, disable it with " \
        ^~~~~~~
      gensim/models/word2vec_inner.c: In function â€˜__pyx_pf_6gensim_6models_14word2vec_inner_2train_batch_cbow.isra.22â€™:
      gensim/models/word2vec_inner.c:5799:28: warning: â€˜__pyx_v_vocab_sample_intsâ€™ may be used uninitialized in this function [-Wmaybe-uninitialized]
         __pyx_t_5numpy_uint32_t *__pyx_v_vocab_sample_ints;
                                  ^~~~~~~~~~~~~~~~~~~~~~~~~
      gensim/models/word2vec_inner.c: In function â€˜__pyx_pf_6gensim_6models_14word2vec_inner_train_batch_sg.isra.23â€™:
      gensim/models/word2vec_inner.c:4627:28: warning: â€˜__pyx_v_vocab_sample_intsâ€™ may be used uninitialized in this function [-Wmaybe-uninitialized]
         __pyx_t_5numpy_uint32_t *__pyx_v_vocab_sample_ints;
                                  ^~~~~~~~~~~~~~~~~~~~~~~~~
      gcc -pthread -shared -Wl,--strip-all build/temp.linux-x86_64-cpython-310/gensim/models/word2vec_inner.o -L/usr/local/lib -o build/lib.linux-x86_64-cpython-310/gensim/models/word2vec_inner.cpython-310-x86_64-linux-gnu.so
      building 'gensim.corpora._mmreader' extension
      creating build/temp.linux-x86_64-cpython-310/gensim/corpora
      gcc -pthread -Wno-unused-result -Wsign-compare -DNDEBUG -g -fwrapv -O3 -Wall -fPIC -I/home/app/function/.tox/test/include -I/usr/local/include/python3.10 -I/tmp/pip-install-t6zqr9w9/gensim_26c24c028c364da38e9cc0f1450f8ddd/.eggs/numpy-1.22.3-py3.10-linux-x86_64.egg/numpy/core/include -c gensim/corpora/_mmreader.c -o build/temp.linux-x86_64-cpython-310/gensim/corpora/_mmreader.o
      gcc -pthread -shared -Wl,--strip-all build/temp.linux-x86_64-cpython-310/gensim/corpora/_mmreader.o -L/usr/local/lib -o build/lib.linux-x86_64-cpython-310/gensim/corpora/_mmreader.cpython-310-x86_64-linux-gnu.so
      building 'gensim.models.fasttext_inner' extension
      gcc -pthread -Wno-unused-result -Wsign-compare -DNDEBUG -g -fwrapv -O3 -Wall -fPIC -I/home/app/function/.tox/test/include -I/usr/local/include/python3.10 -I/tmp/pip-install-t6zqr9w9/gensim_26c24c028c364da38e9cc0f1450f8ddd/.eggs/numpy-1.22.3-py3.10-linux-x86_64.egg/numpy/core/include -c gensim/models/fasttext_inner.c -o build/temp.linux-x86_64-cpython-310/gensim/models/fasttext_inner.o
      In file included from /tmp/pip-install-t6zqr9w9/gensim_26c24c028c364da38e9cc0f1450f8ddd/.eggs/numpy-1.22.3-py3.10-linux-x86_64.egg/numpy/core/include/numpy/ndarraytypes.h:1960,
                       from /tmp/pip-install-t6zqr9w9/gensim_26c24c028c364da38e9cc0f1450f8ddd/.eggs/numpy-1.22.3-py3.10-linux-x86_64.egg/numpy/core/include/numpy/ndarrayobject.h:12,
                       from /tmp/pip-install-t6zqr9w9/gensim_26c24c028c364da38e9cc0f1450f8ddd/.eggs/numpy-1.22.3-py3.10-linux-x86_64.egg/numpy/core/include/numpy/arrayobject.h:5,
                       from gensim/models/fasttext_inner.c:632:
      /tmp/pip-install-t6zqr9w9/gensim_26c24c028c364da38e9cc0f1450f8ddd/.eggs/numpy-1.22.3-py3.10-linux-x86_64.egg/numpy/core/include/numpy/npy_1_7_deprecated_api.h:17:2: warning: #warning "Using deprecated NumPy API, disable it with " "#define NPY_NO_DEPRECATED_API NPY_1_7_API_VERSION" [-Wcpp]
       #warning "Using deprecated NumPy API, disable it with " \
        ^~~~~~~
      gensim/models/fasttext_inner.c: In function â€˜__pyx_f_6gensim_6models_14fasttext_inner_fasttext_fast_sentence_sg_negâ€™:
      gensim/models/fasttext_inner.c:2268:35: warning: comparison of integer expressions of different signedness: â€˜intâ€™ and â€˜__pyx_t_5numpy_uint32_tâ€™ {aka â€˜unsigned intâ€™} [-Wsign-compare]
           for (__pyx_t_4 = 0; __pyx_t_4 < __pyx_t_3; __pyx_t_4+=1) {
                                         ^
      gensim/models/fasttext_inner.c:2534:33: warning: comparison of integer expressions of different signedness: â€˜intâ€™ and â€˜__pyx_t_5numpy_uint32_tâ€™ {aka â€˜unsigned intâ€™} [-Wsign-compare]
         for (__pyx_t_4 = 0; __pyx_t_4 < __pyx_t_3; __pyx_t_4+=1) {
                                       ^
      In file included from gensim/models/fasttext_inner.c:640:
      At top level:
      gensim/models/voidptr.h:8:15: warning: â€˜PyCObject_AsVoidPtrâ€™ defined but not used [-Wunused-function]
       static void * PyCObject_AsVoidPtr(PyObject *obj)
                     ^~~~~~~~~~~~~~~~~~~
      gensim/models/fasttext_inner.c: In function â€˜__pyx_f_6gensim_6models_14fasttext_inner_populate_ft_configâ€™:
      gensim/models/fasttext_inner.c:4360:28: warning: â€˜__pyx_v_vocab_sample_intsâ€™ may be used uninitialized in this function [-Wmaybe-uninitialized]
         __pyx_t_5numpy_uint32_t *__pyx_v_vocab_sample_ints;
                                  ^~~~~~~~~~~~~~~~~~~~~~~~~
      gcc -pthread -shared -Wl,--strip-all build/temp.linux-x86_64-cpython-310/gensim/models/fasttext_inner.o -L/usr/local/lib -o build/lib.linux-x86_64-cpython-310/gensim/models/fasttext_inner.cpython-310-x86_64-linux-gnu.so
      building 'gensim._matutils' extension
      gcc -pthread -Wno-unused-result -Wsign-compare -DNDEBUG -g -fwrapv -O3 -Wall -fPIC -I/home/app/function/.tox/test/include -I/usr/local/include/python3.10 -I/tmp/pip-install-t6zqr9w9/gensim_26c24c028c364da38e9cc0f1450f8ddd/.eggs/numpy-1.22.3-py3.10-linux-x86_64.egg/numpy/core/include -c gensim/_matutils.c -o build/temp.linux-x86_64-cpython-310/gensim/_matutils.o
      In file included from /tmp/pip-install-t6zqr9w9/gensim_26c24c028c364da38e9cc0f1450f8ddd/.eggs/numpy-1.22.3-py3.10-linux-x86_64.egg/numpy/core/include/numpy/ndarraytypes.h:1960,
                       from /tmp/pip-install-t6zqr9w9/gensim_26c24c028c364da38e9cc0f1450f8ddd/.eggs/numpy-1.22.3-py3.10-linux-x86_64.egg/numpy/core/include/numpy/ndarrayobject.h:12,
                       from /tmp/pip-install-t6zqr9w9/gensim_26c24c028c364da38e9cc0f1450f8ddd/.eggs/numpy-1.22.3-py3.10-linux-x86_64.egg/numpy/core/include/numpy/arrayobject.h:5,
                       from gensim/_matutils.c:626:
      /tmp/pip-install-t6zqr9w9/gensim_26c24c028c364da38e9cc0f1450f8ddd/.eggs/numpy-1.22.3-py3.10-linux-x86_64.egg/numpy/core/include/numpy/npy_1_7_deprecated_api.h:17:2: warning: #warning "Using deprecated NumPy API, disable it with " "#define NPY_NO_DEPRECATED_API NPY_1_7_API_VERSION" [-Wcpp]
       #warning "Using deprecated NumPy API, disable it with " \
        ^~~~~~~
      gensim/_matutils.c: In function â€˜__Pyx_InitGlobalsâ€™:
      gensim/_matutils.c:21523:1: warning: â€˜PyEval_InitThreadsâ€™ is deprecated [-Wdeprecated-declarations]
       PyEval_InitThreads();
       ^~~~~~~~~~~~~~~~~~
      In file included from /usr/local/include/python3.10/Python.h:130,
                       from gensim/_matutils.c:20:
      /usr/local/include/python3.10/ceval.h:122:37: note: declared here
       Py_DEPRECATED(3.9) PyAPI_FUNC(void) PyEval_InitThreads(void);
                                           ^~~~~~~~~~~~~~~~~~
      gcc -pthread -shared -Wl,--strip-all build/temp.linux-x86_64-cpython-310/gensim/_matutils.o -L/usr/local/lib -o build/lib.linux-x86_64-cpython-310/gensim/_matutils.cpython-310-x86_64-linux-gnu.so
      building 'gensim.models.nmf_pgd' extension
      gcc -pthread -Wno-unused-result -Wsign-compare -DNDEBUG -g -fwrapv -O3 -Wall -fPIC -I/home/app/function/.tox/test/include -I/usr/local/include/python3.10 -I/tmp/pip-install-t6zqr9w9/gensim_26c24c028c364da38e9cc0f1450f8ddd/.eggs/numpy-1.22.3-py3.10-linux-x86_64.egg/numpy/core/include -c gensim/models/nmf_pgd.c -o build/temp.linux-x86_64-cpython-310/gensim/models/nmf_pgd.o
      gensim/models/nmf_pgd.c: In function â€˜__Pyx_InitGlobalsâ€™:
      gensim/models/nmf_pgd.c:16730:1: warning: â€˜PyEval_InitThreadsâ€™ is deprecated [-Wdeprecated-declarations]
       PyEval_InitThreads();
       ^~~~~~~~~~~~~~~~~~
      In file included from /usr/local/include/python3.10/Python.h:130,
                       from gensim/models/nmf_pgd.c:20:
      /usr/local/include/python3.10/ceval.h:122:37: note: declared here
       Py_DEPRECATED(3.9) PyAPI_FUNC(void) PyEval_InitThreads(void);
                                           ^~~~~~~~~~~~~~~~~~
      gcc -pthread -shared -Wl,--strip-all build/temp.linux-x86_64-cpython-310/gensim/models/nmf_pgd.o -L/usr/local/lib -o build/lib.linux-x86_64-cpython-310/gensim/models/nmf_pgd.cpython-310-x86_64-linux-gnu.so
      building 'gensim.similarities.fastss' extension
      creating build/temp.linux-x86_64-cpython-310/gensim/similarities
      gcc -pthread -Wno-unused-result -Wsign-compare -DNDEBUG -g -fwrapv -O3 -Wall -fPIC -I/home/app/function/.tox/test/include -I/usr/local/include/python3.10 -I/tmp/pip-install-t6zqr9w9/gensim_26c24c028c364da38e9cc0f1450f8ddd/.eggs/numpy-1.22.3-py3.10-linux-x86_64.egg/numpy/core/include -c gensim/similarities/fastss.c -o build/temp.linux-x86_64-cpython-310/gensim/similarities/fastss.o
      gcc -pthread -shared -Wl,--strip-all build/temp.linux-x86_64-cpython-310/gensim/similarities/fastss.o -L/usr/local/lib -o build/lib.linux-x86_64-cpython-310/gensim/similarities/fastss.cpython-310-x86_64-linux-gnu.so
      building 'gensim.models.doc2vec_inner' extension
      gcc -pthread -Wno-unused-result -Wsign-compare -DNDEBUG -g -fwrapv -O3 -Wall -fPIC -I/home/app/function/.tox/test/include -I/usr/local/include/python3.10 -I/tmp/pip-install-t6zqr9w9/gensim_26c24c028c364da38e9cc0f1450f8ddd/.eggs/numpy-1.22.3-py3.10-linux-x86_64.egg/numpy/core/include -c gensim/models/doc2vec_inner.cpp -o build/temp.linux-x86_64-cpython-310/gensim/models/doc2vec_inner.o -std=c++11
      gcc: error trying to exec 'cc1plus': execvp: No such file or directory
      error: command '/usr/bin/gcc' failed with exit code 1
      [end of output]
  
  note: This error originates from a subprocess, and is likely not a problem with pip.
  ERROR: Failed building wheel for gensim
  Running setup.py clean for gensim
  Building wheel for simplejson (setup.py): started
  Building wheel for simplejson (setup.py): finished with status 'done'
  Created wheel for simplejson: filename=simplejson-3.17.2-cp310-cp310-linux_x86_64.whl size=74934 sha256=df63b017c49f378ce2b5bdff614e7173bb6808bea1813dae00091760fe97567f
  Stored in directory: /root/.cache/pip/wheels/4c/d2/65/e6ec94ca89c44483d8010d15e5fbead72b6411e01d26f90a31
Successfully built simplejson
Failed to build gensim
Installing collected packages: regex, pytz, iniconfig, Werkzeug, urllib3, tqdm, tomli, smart-open, six, simplejson, pyparsing, py, pluggy, numpy, MarkupSafe, joblib, jmespath, itsdangerous, click, attrs, scipy, python-dateutil, packaging, nltk, Jinja2, pytest, pandas, gensim, flask, botocore, s3transfer, boto3
  Running setup.py install for gensim: started
  Running setup.py install for gensim: finished with status 'error'
  error: subprocess-exited-with-error
  
  Ã— Running setup.py install for gensim did not run successfully.
  â”‚ exit code: 1
  â•°â”€> [478 lines of output]
      running install
      /home/app/function/.tox/test/lib/python3.10/site-packages/setuptools/command/install.py:34: SetuptoolsDeprecationWarning: setup.py install is deprecated. Use build and pip and other standards-based tools.
        warnings.warn(
      running build
      running build_py
      creating build
      creating build/lib.linux-x86_64-cpython-310
      creating build/lib.linux-x86_64-cpython-310/gensim
      copying gensim/nosy.py -> build/lib.linux-x86_64-cpython-310/gensim
      copying gensim/utils.py -> build/lib.linux-x86_64-cpython-310/gensim
      copying gensim/interfaces.py -> build/lib.linux-x86_64-cpython-310/gensim
      copying gensim/downloader.py -> build/lib.linux-x86_64-cpython-310/gensim
      copying gensim/matutils.py -> build/lib.linux-x86_64-cpython-310/gensim
      copying gensim/__init__.py -> build/lib.linux-x86_64-cpython-310/gensim
      creating build/lib.linux-x86_64-cpython-310/gensim/similarities
      copying gensim/similarities/levenshtein.py -> build/lib.linux-x86_64-cpython-310/gensim/similarities
      copying gensim/similarities/docsim.py -> build/lib.linux-x86_64-cpython-310/gensim/similarities
      copying gensim/similarities/annoy.py -> build/lib.linux-x86_64-cpython-310/gensim/similarities
      copying gensim/similarities/termsim.py -> build/lib.linux-x86_64-cpython-310/gensim/similarities
      copying gensim/similarities/__init__.py -> build/lib.linux-x86_64-cpython-310/gensim/similarities
      copying gensim/similarities/nmslib.py -> build/lib.linux-x86_64-cpython-310/gensim/similarities
      creating build/lib.linux-x86_64-cpython-310/gensim/scripts
      copying gensim/scripts/make_wiki_online_nodebug.py -> build/lib.linux-x86_64-cpython-310/gensim/scripts
      copying gensim/scripts/benchmark.py -> build/lib.linux-x86_64-cpython-310/gensim/scripts
      copying gensim/scripts/make_wikicorpus.py -> build/lib.linux-x86_64-cpython-310/gensim/scripts
      copying gensim/scripts/make_wiki.py -> build/lib.linux-x86_64-cpython-310/gensim/scripts
      copying gensim/scripts/segment_wiki.py -> build/lib.linux-x86_64-cpython-310/gensim/scripts
      copying gensim/scripts/word2vec_standalone.py -> build/lib.linux-x86_64-cpython-310/gensim/scripts
      copying gensim/scripts/word2vec2tensor.py -> build/lib.linux-x86_64-cpython-310/gensim/scripts
      copying gensim/scripts/make_wiki_online.py -> build/lib.linux-x86_64-cpython-310/gensim/scripts
      copying gensim/scripts/package_info.py -> build/lib.linux-x86_64-cpython-310/gensim/scripts
      copying gensim/scripts/glove2word2vec.py -> build/lib.linux-x86_64-cpython-310/gensim/scripts
      copying gensim/scripts/__init__.py -> build/lib.linux-x86_64-cpython-310/gensim/scripts
      creating build/lib.linux-x86_64-cpython-310/gensim/test
      copying gensim/test/test_corpora.py -> build/lib.linux-x86_64-cpython-310/gensim/test
      copying gensim/test/test_hdpmodel.py -> build/lib.linux-x86_64-cpython-310/gensim/test
      copying gensim/test/test_direct_confirmation.py -> build/lib.linux-x86_64-cpython-310/gensim/test
      copying gensim/test/test_lsimodel.py -> build/lib.linux-x86_64-cpython-310/gensim/test
      copying gensim/test/test_atmodel.py -> build/lib.linux-x86_64-cpython-310/gensim/test
      copying gensim/test/test_text_analysis.py -> build/lib.linux-x86_64-cpython-310/gensim/test
      copying gensim/test/test_normmodel.py -> build/lib.linux-x86_64-cpython-310/gensim/test
      copying gensim/test/test_translation_matrix.py -> build/lib.linux-x86_64-cpython-310/gensim/test
      copying gensim/test/test_corpora_hashdictionary.py -> build/lib.linux-x86_64-cpython-310/gensim/test
      copying gensim/test/test_indirect_confirmation.py -> build/lib.linux-x86_64-cpython-310/gensim/test
      copying gensim/test/test_coherencemodel.py -> build/lib.linux-x86_64-cpython-310/gensim/test
      copying gensim/test/simspeed2.py -> build/lib.linux-x86_64-cpython-310/gensim/test
      copying gensim/test/utils.py -> build/lib.linux-x86_64-cpython-310/gensim/test
      copying gensim/test/test_similarity_metrics.py -> build/lib.linux-x86_64-cpython-310/gensim/test
      copying gensim/test/test_phrases.py -> build/lib.linux-x86_64-cpython-310/gensim/test
      copying gensim/test/test_logentropy_model.py -> build/lib.linux-x86_64-cpython-310/gensim/test
      copying gensim/test/test_fasttext.py -> build/lib.linux-x86_64-cpython-310/gensim/test
      copying gensim/test/test_doc2vec.py -> build/lib.linux-x86_64-cpython-310/gensim/test
      copying gensim/test/test_similarities.py -> build/lib.linux-x86_64-cpython-310/gensim/test
      copying gensim/test/test_parsing.py -> build/lib.linux-x86_64-cpython-310/gensim/test
      copying gensim/test/test_corpora_dictionary.py -> build/lib.linux-x86_64-cpython-310/gensim/test
      copying gensim/test/test_word2vec.py -> build/lib.linux-x86_64-cpython-310/gensim/test
      copying gensim/test/test_utils.py -> build/lib.linux-x86_64-cpython-310/gensim/test
      copying gensim/test/test_ensemblelda.py -> build/lib.linux-x86_64-cpython-310/gensim/test
      copying gensim/test/test_rpmodel.py -> build/lib.linux-x86_64-cpython-310/gensim/test
      copying gensim/test/test_datatype.py -> build/lib.linux-x86_64-cpython-310/gensim/test
      copying gensim/test/test_sharded_corpus.py -> build/lib.linux-x86_64-cpython-310/gensim/test
      copying gensim/test/test_ldamodel.py -> build/lib.linux-x86_64-cpython-310/gensim/test
      copying gensim/test/basetmtests.py -> build/lib.linux-x86_64-cpython-310/gensim/test
      copying gensim/test/test_probability_estimation.py -> build/lib.linux-x86_64-cpython-310/gensim/test
      copying gensim/test/svd_error.py -> build/lib.linux-x86_64-cpython-310/gensim/test
      copying gensim/test/test_segmentation.py -> build/lib.linux-x86_64-cpython-310/gensim/test
      copying gensim/test/test_miislita.py -> build/lib.linux-x86_64-cpython-310/gensim/test
      copying gensim/test/test_tfidfmodel.py -> build/lib.linux-x86_64-cpython-310/gensim/test
      copying gensim/test/test_tmdiff.py -> build/lib.linux-x86_64-cpython-310/gensim/test
      copying gensim/test/test_ldaseqmodel.py -> build/lib.linux-x86_64-cpython-310/gensim/test
      copying gensim/test/test_api.py -> build/lib.linux-x86_64-cpython-310/gensim/test
      copying gensim/test/test_aggregation.py -> build/lib.linux-x86_64-cpython-310/gensim/test
      copying gensim/test/test_nmf.py -> build/lib.linux-x86_64-cpython-310/gensim/test
      copying gensim/test/test_dtm.py -> build/lib.linux-x86_64-cpython-310/gensim/test
      copying gensim/test/test_lee.py -> build/lib.linux-x86_64-cpython-310/gensim/test
      copying gensim/test/test_matutils.py -> build/lib.linux-x86_64-cpython-310/gensim/test
      copying gensim/test/test_poincare.py -> build/lib.linux-x86_64-cpython-310/gensim/test
      copying gensim/test/__init__.py -> build/lib.linux-x86_64-cpython-310/gensim/test
      copying gensim/test/test_glove2word2vec.py -> build/lib.linux-x86_64-cpython-310/gensim/test
      copying gensim/test/test_lda_callback.py -> build/lib.linux-x86_64-cpython-310/gensim/test
      copying gensim/test/test_keyedvectors.py -> build/lib.linux-x86_64-cpython-310/gensim/test
      copying gensim/test/simspeed.py -> build/lib.linux-x86_64-cpython-310/gensim/test
      copying gensim/test/test_scripts.py -> build/lib.linux-x86_64-cpython-310/gensim/test
      copying gensim/test/test_big.py -> build/lib.linux-x86_64-cpython-310/gensim/test
      creating build/lib.linux-x86_64-cpython-310/gensim/topic_coherence
      copying gensim/topic_coherence/segmentation.py -> build/lib.linux-x86_64-cpython-310/gensim/topic_coherence
      copying gensim/topic_coherence/aggregation.py -> build/lib.linux-x86_64-cpython-310/gensim/topic_coherence
      copying gensim/topic_coherence/probability_estimation.py -> build/lib.linux-x86_64-cpython-310/gensim/topic_coherence
      copying gensim/topic_coherence/direct_confirmation_measure.py -> build/lib.linux-x86_64-cpython-310/gensim/topic_coherence
      copying gensim/topic_coherence/indirect_confirmation_measure.py -> build/lib.linux-x86_64-cpython-310/gensim/topic_coherence
      copying gensim/topic_coherence/text_analysis.py -> build/lib.linux-x86_64-cpython-310/gensim/topic_coherence
      copying gensim/topic_coherence/__init__.py -> build/lib.linux-x86_64-cpython-310/gensim/topic_coherence
      creating build/lib.linux-x86_64-cpython-310/gensim/parsing
      copying gensim/parsing/preprocessing.py -> build/lib.linux-x86_64-cpython-310/gensim/parsing
      copying gensim/parsing/porter.py -> build/lib.linux-x86_64-cpython-310/gensim/parsing
      copying gensim/parsing/__init__.py -> build/lib.linux-x86_64-cpython-310/gensim/parsing
      creating build/lib.linux-x86_64-cpython-310/gensim/corpora
      copying gensim/corpora/lowcorpus.py -> build/lib.linux-x86_64-cpython-310/gensim/corpora
      copying gensim/corpora/hashdictionary.py -> build/lib.linux-x86_64-cpython-310/gensim/corpora
      copying gensim/corpora/dictionary.py -> build/lib.linux-x86_64-cpython-310/gensim/corpora
      copying gensim/corpora/malletcorpus.py -> build/lib.linux-x86_64-cpython-310/gensim/corpora
      copying gensim/corpora/sharded_corpus.py -> build/lib.linux-x86_64-cpython-310/gensim/corpora
      copying gensim/corpora/csvcorpus.py -> build/lib.linux-x86_64-cpython-310/gensim/corpora
      copying gensim/corpora/bleicorpus.py -> build/lib.linux-x86_64-cpython-310/gensim/corpora
      copying gensim/corpora/mmcorpus.py -> build/lib.linux-x86_64-cpython-310/gensim/corpora
      copying gensim/corpora/indexedcorpus.py -> build/lib.linux-x86_64-cpython-310/gensim/corpora
      copying gensim/corpora/wikicorpus.py -> build/lib.linux-x86_64-cpython-310/gensim/corpora
      copying gensim/corpora/textcorpus.py -> build/lib.linux-x86_64-cpython-310/gensim/corpora
      copying gensim/corpora/opinosiscorpus.py -> build/lib.linux-x86_64-cpython-310/gensim/corpora
      copying gensim/corpora/svmlightcorpus.py -> build/lib.linux-x86_64-cpython-310/gensim/corpora
      copying gensim/corpora/ucicorpus.py -> build/lib.linux-x86_64-cpython-310/gensim/corpora
      copying gensim/corpora/__init__.py -> build/lib.linux-x86_64-cpython-310/gensim/corpora
      creating build/lib.linux-x86_64-cpython-310/gensim/models
      copying gensim/models/ldamodel.py -> build/lib.linux-x86_64-cpython-310/gensim/models
      copying gensim/models/callbacks.py -> build/lib.linux-x86_64-cpython-310/gensim/models
      copying gensim/models/word2vec.py -> build/lib.linux-x86_64-cpython-310/gensim/models
      copying gensim/models/ensemblelda.py -> build/lib.linux-x86_64-cpython-310/gensim/models
      copying gensim/models/ldaseqmodel.py -> build/lib.linux-x86_64-cpython-310/gensim/models
      copying gensim/models/phrases.py -> build/lib.linux-x86_64-cpython-310/gensim/models
      copying gensim/models/hdpmodel.py -> build/lib.linux-x86_64-cpython-310/gensim/models
      copying gensim/models/translation_matrix.py -> build/lib.linux-x86_64-cpython-310/gensim/models
      copying gensim/models/lsimodel.py -> build/lib.linux-x86_64-cpython-310/gensim/models
      copying gensim/models/fasttext.py -> build/lib.linux-x86_64-cpython-310/gensim/models
      copying gensim/models/lda_worker.py -> build/lib.linux-x86_64-cpython-310/gensim/models
      copying gensim/models/lsi_worker.py -> build/lib.linux-x86_64-cpython-310/gensim/models
      copying gensim/models/tfidfmodel.py -> build/lib.linux-x86_64-cpython-310/gensim/models
      copying gensim/models/ldamulticore.py -> build/lib.linux-x86_64-cpython-310/gensim/models
      copying gensim/models/rpmodel.py -> build/lib.linux-x86_64-cpython-310/gensim/models
      copying gensim/models/nmf.py -> build/lib.linux-x86_64-cpython-310/gensim/models
      copying gensim/models/logentropy_model.py -> build/lib.linux-x86_64-cpython-310/gensim/models
      copying gensim/models/poincare.py -> build/lib.linux-x86_64-cpython-310/gensim/models
      copying gensim/models/doc2vec.py -> build/lib.linux-x86_64-cpython-310/gensim/models
      copying gensim/models/basemodel.py -> build/lib.linux-x86_64-cpython-310/gensim/models
      copying gensim/models/keyedvectors.py -> build/lib.linux-x86_64-cpython-310/gensim/models
      copying gensim/models/normmodel.py -> build/lib.linux-x86_64-cpython-310/gensim/models
      copying gensim/models/lda_dispatcher.py -> build/lib.linux-x86_64-cpython-310/gensim/models
      copying gensim/models/_fasttext_bin.py -> build/lib.linux-x86_64-cpython-310/gensim/models
      copying gensim/models/__init__.py -> build/lib.linux-x86_64-cpython-310/gensim/models
      copying gensim/models/atmodel.py -> build/lib.linux-x86_64-cpython-310/gensim/models
      copying gensim/models/coherencemodel.py -> build/lib.linux-x86_64-cpython-310/gensim/models
      copying gensim/models/lsi_dispatcher.py -> build/lib.linux-x86_64-cpython-310/gensim/models
      running egg_info
      writing gensim.egg-info/PKG-INFO
      writing dependency_links to gensim.egg-info/dependency_links.txt
      writing requirements to gensim.egg-info/requires.txt
      writing top-level names to gensim.egg-info/top_level.txt
      reading manifest file 'gensim.egg-info/SOURCES.txt'
      reading manifest template 'MANIFEST.in'
      warning: no files found matching 'COPYING.LESSER'
      warning: no files found matching 'ez_setup.py'
      warning: no files found matching 'gensim/models/doc2vec_inner.c'
      adding license file 'COPYING'
      writing manifest file 'gensim.egg-info/SOURCES.txt'
      copying gensim/_matutils.c -> build/lib.linux-x86_64-cpython-310/gensim
      copying gensim/_matutils.pyx -> build/lib.linux-x86_64-cpython-310/gensim
      copying gensim/similarities/fastss.c -> build/lib.linux-x86_64-cpython-310/gensim/similarities
      creating build/lib.linux-x86_64-cpython-310/gensim/test/test_data
      copying gensim/test/test_data/EN.1-10.cbow1_wind5_hs0_neg10_size300_smpl1e-05.txt -> build/lib.linux-x86_64-cpython-310/gensim/test/test_data
      copying gensim/test/test_data/IT.1-10.cbow1_wind5_hs0_neg10_size300_smpl1e-05.txt -> build/lib.linux-x86_64-cpython-310/gensim/test/test_data
      copying gensim/test/test_data/OPUS_en_it_europarl_train_one2ten.txt -> build/lib.linux-x86_64-cpython-310/gensim/test/test_data
      copying gensim/test/test_data/alldata-id-10.txt -> build/lib.linux-x86_64-cpython-310/gensim/test/test_data
      copying gensim/test/test_data/atmodel_3_0_1_model -> build/lib.linux-x86_64-cpython-310/gensim/test/test_data
      copying gensim/test/test_data/atmodel_3_0_1_model.expElogbeta.npy -> build/lib.linux-x86_64-cpython-310/gensim/test/test_data
      copying gensim/test/test_data/atmodel_3_0_1_model.id2word -> build/lib.linux-x86_64-cpython-310/gensim/test/test_data
      copying gensim/test/test_data/atmodel_3_0_1_model.state -> build/lib.linux-x86_64-cpython-310/gensim/test/test_data
      copying gensim/test/test_data/bgwiki-latest-pages-articles-shortened.xml.bz2 -> build/lib.linux-x86_64-cpython-310/gensim/test/test_data
      copying gensim/test/test_data/compatible-hash-true.model -> build/lib.linux-x86_64-cpython-310/gensim/test/test_data
      copying gensim/test/test_data/cp852_fasttext.bin -> build/lib.linux-x86_64-cpython-310/gensim/test/test_data
      copying gensim/test/test_data/crime-and-punishment.bin -> build/lib.linux-x86_64-cpython-310/gensim/test/test_data
      copying gensim/test/test_data/crime-and-punishment.txt -> build/lib.linux-x86_64-cpython-310/gensim/test/test_data
      copying gensim/test/test_data/crime-and-punishment.vec -> build/lib.linux-x86_64-cpython-310/gensim/test/test_data
      copying gensim/test/test_data/d2v-lee-v0.13.0 -> build/lib.linux-x86_64-cpython-310/gensim/test/test_data
      copying gensim/test/test_data/doc2vec_old -> build/lib.linux-x86_64-cpython-310/gensim/test/test_data
      copying gensim/test/test_data/doc2vec_old_sep -> build/lib.linux-x86_64-cpython-310/gensim/test/test_data
      copying gensim/test/test_data/doc2vec_old_sep.syn0_lockf.npy -> build/lib.linux-x86_64-cpython-310/gensim/test/test_data
      copying gensim/test/test_data/doc2vec_old_sep.syn1neg.npy -> build/lib.linux-x86_64-cpython-310/gensim/test/test_data
      copying gensim/test/test_data/dtm_test.dict -> build/lib.linux-x86_64-cpython-310/gensim/test/test_data
      copying gensim/test/test_data/dtm_test.mm -> build/lib.linux-x86_64-cpython-310/gensim/test/test_data
      copying gensim/test/test_data/ensemblelda -> build/lib.linux-x86_64-cpython-310/gensim/test/test_data
      copying gensim/test/test_data/enwiki-latest-pages-articles1.xml-p000000010p000030302-shortened.bz2 -> build/lib.linux-x86_64-cpython-310/gensim/test/test_data
      copying gensim/test/test_data/enwiki-table-markup.xml.bz2 -> build/lib.linux-x86_64-cpython-310/gensim/test/test_data
      copying gensim/test/test_data/euclidean_vectors.bin -> build/lib.linux-x86_64-cpython-310/gensim/test/test_data
      copying gensim/test/test_data/fasttext_old -> build/lib.linux-x86_64-cpython-310/gensim/test/test_data
      copying gensim/test/test_data/fasttext_old_sep -> build/lib.linux-x86_64-cpython-310/gensim/test/test_data
      copying gensim/test/test_data/fasttext_old_sep.syn0_lockf.npy -> build/lib.linux-x86_64-cpython-310/gensim/test/test_data
      copying gensim/test/test_data/fasttext_old_sep.syn1neg.npy -> build/lib.linux-x86_64-cpython-310/gensim/test/test_data
      copying gensim/test/test_data/fb-ngrams.txt -> build/lib.linux-x86_64-cpython-310/gensim/test/test_data
      copying gensim/test/test_data/ft_kv_3.6.0.model.gz -> build/lib.linux-x86_64-cpython-310/gensim/test/test_data
      copying gensim/test/test_data/ft_model_2.3.0 -> build/lib.linux-x86_64-cpython-310/gensim/test/test_data
      copying gensim/test/test_data/head500.noblanks.cor -> build/lib.linux-x86_64-cpython-310/gensim/test/test_data
      copying gensim/test/test_data/head500.noblanks.cor.bz2 -> build/lib.linux-x86_64-cpython-310/gensim/test/test_data
      copying gensim/test/test_data/head500.noblanks.cor_tfidf.model -> build/lib.linux-x86_64-cpython-310/gensim/test/test_data
      copying gensim/test/test_data/head500.noblanks.cor_wordids.txt -> build/lib.linux-x86_64-cpython-310/gensim/test/test_data
      copying gensim/test/test_data/high_precision.kv.bin -> build/lib.linux-x86_64-cpython-310/gensim/test/test_data
      copying gensim/test/test_data/high_precision.kv.txt -> build/lib.linux-x86_64-cpython-310/gensim/test/test_data
      copying gensim/test/test_data/large_tag_doc_10_iter50 -> build/lib.linux-x86_64-cpython-310/gensim/test/test_data
      copying gensim/test/test_data/lda_3_0_1_model -> build/lib.linux-x86_64-cpython-310/gensim/test/test_data
      copying gensim/test/test_data/lda_3_0_1_model.expElogbeta.npy -> build/lib.linux-x86_64-cpython-310/gensim/test/test_data
      copying gensim/test/test_data/lda_3_0_1_model.id2word -> build/lib.linux-x86_64-cpython-310/gensim/test/test_data
      copying gensim/test/test_data/lda_3_0_1_model.state -> build/lib.linux-x86_64-cpython-310/gensim/test/test_data
      copying gensim/test/test_data/ldamodel_python_2_7 -> build/lib.linux-x86_64-cpython-310/gensim/test/test_data
      copying gensim/test/test_data/ldamodel_python_2_7.expElogbeta.npy -> build/lib.linux-x86_64-cpython-310/gensim/test/test_data
      copying gensim/test/test_data/ldamodel_python_2_7.id2word -> build/lib.linux-x86_64-cpython-310/gensim/test/test_data
      copying gensim/test/test_data/ldamodel_python_2_7.state -> build/lib.linux-x86_64-cpython-310/gensim/test/test_data
      copying gensim/test/test_data/ldamodel_python_3_5 -> build/lib.linux-x86_64-cpython-310/gensim/test/test_data
      copying gensim/test/test_data/ldamodel_python_3_5.expElogbeta.npy -> build/lib.linux-x86_64-cpython-310/gensim/test/test_data
      copying gensim/test/test_data/ldamodel_python_3_5.id2word -> build/lib.linux-x86_64-cpython-310/gensim/test/test_data
      copying gensim/test/test_data/ldamodel_python_3_5.state -> build/lib.linux-x86_64-cpython-310/gensim/test/test_data
      copying gensim/test/test_data/ldavowpalwabbit.dict.txt -> build/lib.linux-x86_64-cpython-310/gensim/test/test_data
      copying gensim/test/test_data/ldavowpalwabbit.txt -> build/lib.linux-x86_64-cpython-310/gensim/test/test_data
      copying gensim/test/test_data/lee.cor -> build/lib.linux-x86_64-cpython-310/gensim/test/test_data
      copying gensim/test/test_data/lee_background.cor -> build/lib.linux-x86_64-cpython-310/gensim/test/test_data
      copying gensim/test/test_data/lee_fasttext -> build/lib.linux-x86_64-cpython-310/gensim/test/test_data
      copying gensim/test/test_data/lee_fasttext.bin -> build/lib.linux-x86_64-cpython-310/gensim/test/test_data
      copying gensim/test/test_data/lee_fasttext.vec -> build/lib.linux-x86_64-cpython-310/gensim/test/test_data
      copying gensim/test/test_data/lee_fasttext_new.bin -> build/lib.linux-x86_64-cpython-310/gensim/test/test_data
      copying gensim/test/test_data/miIslita.cor -> build/lib.linux-x86_64-cpython-310/gensim/test/test_data
      copying gensim/test/test_data/mini_newsgroup -> build/lib.linux-x86_64-cpython-310/gensim/test/test_data
      copying gensim/test/test_data/nmf_model -> build/lib.linux-x86_64-cpython-310/gensim/test/test_data
      copying gensim/test/test_data/non_ascii_fasttext.bin -> build/lib.linux-x86_64-cpython-310/gensim/test/test_data
      copying gensim/test/test_data/old_keyedvectors_320.dat -> build/lib.linux-x86_64-cpython-310/gensim/test/test_data
      copying gensim/test/test_data/pang_lee_polarity.cor -> build/lib.linux-x86_64-cpython-310/gensim/test/test_data
      copying gensim/test/test_data/pang_lee_polarity_fasttext.bin -> build/lib.linux-x86_64-cpython-310/gensim/test/test_data
      copying gensim/test/test_data/pang_lee_polarity_fasttext.vec -> build/lib.linux-x86_64-cpython-310/gensim/test/test_data
      copying gensim/test/test_data/para2para_text1.txt -> build/lib.linux-x86_64-cpython-310/gensim/test/test_data
      copying gensim/test/test_data/para2para_text2.txt -> build/lib.linux-x86_64-cpython-310/gensim/test/test_data
      copying gensim/test/test_data/phraser-3.6.0.model -> build/lib.linux-x86_64-cpython-310/gensim/test/test_data
      copying gensim/test/test_data/phraser-no-common-terms.pkl -> build/lib.linux-x86_64-cpython-310/gensim/test/test_data
      copying gensim/test/test_data/phraser-no-scoring.pkl -> build/lib.linux-x86_64-cpython-310/gensim/test/test_data
      copying gensim/test/test_data/phraser-scoring-str.pkl -> build/lib.linux-x86_64-cpython-310/gensim/test/test_data
      copying gensim/test/test_data/phrases-3.6.0.model -> build/lib.linux-x86_64-cpython-310/gensim/test/test_data
      copying gensim/test/test_data/phrases-no-common-terms.pkl -> build/lib.linux-x86_64-cpython-310/gensim/test/test_data
      copying gensim/test/test_data/phrases-no-scoring.pkl -> build/lib.linux-x86_64-cpython-310/gensim/test/test_data
      copying gensim/test/test_data/phrases-scoring-str.pkl -> build/lib.linux-x86_64-cpython-310/gensim/test/test_data
      copying gensim/test/test_data/poincare_cp852.tsv -> build/lib.linux-x86_64-cpython-310/gensim/test/test_data
      copying gensim/test/test_data/poincare_hypernyms.tsv -> build/lib.linux-x86_64-cpython-310/gensim/test/test_data
      copying gensim/test/test_data/poincare_hypernyms_large.tsv -> build/lib.linux-x86_64-cpython-310/gensim/test/test_data
      copying gensim/test/test_data/poincare_test_3.4.0 -> build/lib.linux-x86_64-cpython-310/gensim/test/test_data
      copying gensim/test/test_data/poincare_utf8.tsv -> build/lib.linux-x86_64-cpython-310/gensim/test/test_data
      copying gensim/test/test_data/poincare_vectors.bin -> build/lib.linux-x86_64-cpython-310/gensim/test/test_data
      copying gensim/test/test_data/pre_0_13_2_model -> build/lib.linux-x86_64-cpython-310/gensim/test/test_data
      copying gensim/test/test_data/pre_0_13_2_model.state -> build/lib.linux-x86_64-cpython-310/gensim/test/test_data
      copying gensim/test/test_data/pretrained.vec -> build/lib.linux-x86_64-cpython-310/gensim/test/test_data
      copying gensim/test/test_data/questions-words.txt -> build/lib.linux-x86_64-cpython-310/gensim/test/test_data
      copying gensim/test/test_data/reproduce.dat -> build/lib.linux-x86_64-cpython-310/gensim/test/test_data
      copying gensim/test/test_data/reproduce.dat.gz -> build/lib.linux-x86_64-cpython-310/gensim/test/test_data
      copying gensim/test/test_data/similarities0-1.txt -> build/lib.linux-x86_64-cpython-310/gensim/test/test_data
      copying gensim/test/test_data/simlex999.txt -> build/lib.linux-x86_64-cpython-310/gensim/test/test_data
      copying gensim/test/test_data/small_tag_doc_5_iter50 -> build/lib.linux-x86_64-cpython-310/gensim/test/test_data
      copying gensim/test/test_data/test_corpus_ok.mm -> build/lib.linux-x86_64-cpython-310/gensim/test/test_data
      copying gensim/test/test_data/test_corpus_small.mm -> build/lib.linux-x86_64-cpython-310/gensim/test/test_data
      copying gensim/test/test_data/test_glove.txt -> build/lib.linux-x86_64-cpython-310/gensim/test/test_data
      copying gensim/test/test_data/test_mmcorpus_corrupt.mm -> build/lib.linux-x86_64-cpython-310/gensim/test/test_data
      copying gensim/test/test_data/test_mmcorpus_no_index.mm -> build/lib.linux-x86_64-cpython-310/gensim/test/test_data
      copying gensim/test/test_data/test_mmcorpus_no_index.mm.bz2 -> build/lib.linux-x86_64-cpython-310/gensim/test/test_data
      copying gensim/test/test_data/test_mmcorpus_no_index.mm.gz -> build/lib.linux-x86_64-cpython-310/gensim/test/test_data
      copying gensim/test/test_data/test_mmcorpus_overflow.mm -> build/lib.linux-x86_64-cpython-310/gensim/test/test_data
      copying gensim/test/test_data/test_mmcorpus_with_index.mm -> build/lib.linux-x86_64-cpython-310/gensim/test/test_data
      copying gensim/test/test_data/test_mmcorpus_with_index.mm.index -> build/lib.linux-x86_64-cpython-310/gensim/test/test_data
      copying gensim/test/test_data/testcorpus.blei -> build/lib.linux-x86_64-cpython-310/gensim/test/test_data
      copying gensim/test/test_data/testcorpus.blei.index -> build/lib.linux-x86_64-cpython-310/gensim/test/test_data
      copying gensim/test/test_data/testcorpus.blei.vocab -> build/lib.linux-x86_64-cpython-310/gensim/test/test_data
      copying gensim/test/test_data/testcorpus.low -> build/lib.linux-x86_64-cpython-310/gensim/test/test_data
      copying gensim/test/test_data/testcorpus.low.index -> build/lib.linux-x86_64-cpython-310/gensim/test/test_data
      copying gensim/test/test_data/testcorpus.mallet -> build/lib.linux-x86_64-cpython-310/gensim/test/test_data
      copying gensim/test/test_data/testcorpus.mallet.index -> build/lib.linux-x86_64-cpython-310/gensim/test/test_data
      copying gensim/test/test_data/testcorpus.mm -> build/lib.linux-x86_64-cpython-310/gensim/test/test_data
      copying gensim/test/test_data/testcorpus.mm.index -> build/lib.linux-x86_64-cpython-310/gensim/test/test_data
      copying gensim/test/test_data/testcorpus.svmlight -> build/lib.linux-x86_64-cpython-310/gensim/test/test_data
      copying gensim/test/test_data/testcorpus.svmlight.index -> build/lib.linux-x86_64-cpython-310/gensim/test/test_data
      copying gensim/test/test_data/testcorpus.txt -> build/lib.linux-x86_64-cpython-310/gensim/test/test_data
      copying gensim/test/test_data/testcorpus.uci -> build/lib.linux-x86_64-cpython-310/gensim/test/test_data
      copying gensim/test/test_data/testcorpus.uci.index -> build/lib.linux-x86_64-cpython-310/gensim/test/test_data
      copying gensim/test/test_data/testcorpus.uci.vocab -> build/lib.linux-x86_64-cpython-310/gensim/test/test_data
      copying gensim/test/test_data/testcorpus.xml.bz2 -> build/lib.linux-x86_64-cpython-310/gensim/test/test_data
      copying gensim/test/test_data/testcorpus_serialization.mm.index -> build/lib.linux-x86_64-cpython-310/gensim/test/test_data
      copying gensim/test/test_data/tfidf_model.tst -> build/lib.linux-x86_64-cpython-310/gensim/test/test_data
      copying gensim/test/test_data/tfidf_model.tst.bz2 -> build/lib.linux-x86_64-cpython-310/gensim/test/test_data
      copying gensim/test/test_data/tfidf_model_3_2.tst -> build/lib.linux-x86_64-cpython-310/gensim/test/test_data
      copying gensim/test/test_data/toy-data.txt -> build/lib.linux-x86_64-cpython-310/gensim/test/test_data
      copying gensim/test/test_data/toy-model-pretrained.bin -> build/lib.linux-x86_64-cpython-310/gensim/test/test_data
      copying gensim/test/test_data/toy-model.bin -> build/lib.linux-x86_64-cpython-310/gensim/test/test_data
      copying gensim/test/test_data/toy-model.vec -> build/lib.linux-x86_64-cpython-310/gensim/test/test_data
      copying gensim/test/test_data/varembed_lee_subcorpus.cor -> build/lib.linux-x86_64-cpython-310/gensim/test/test_data
      copying gensim/test/test_data/varembed_morfessor.bin -> build/lib.linux-x86_64-cpython-310/gensim/test/test_data
      copying gensim/test/test_data/varembed_vectors.pkl -> build/lib.linux-x86_64-cpython-310/gensim/test/test_data
      copying gensim/test/test_data/w2v-lee-v0.12.0 -> build/lib.linux-x86_64-cpython-310/gensim/test/test_data
      copying gensim/test/test_data/w2v_keyedvectors_load_test.modeldata -> build/lib.linux-x86_64-cpython-310/gensim/test/test_data
      copying gensim/test/test_data/w2v_keyedvectors_load_test.vocab -> build/lib.linux-x86_64-cpython-310/gensim/test/test_data
      copying gensim/test/test_data/word2vec_3.3 -> build/lib.linux-x86_64-cpython-310/gensim/test/test_data
      copying gensim/test/test_data/word2vec_old -> build/lib.linux-x86_64-cpython-310/gensim/test/test_data
      copying gensim/test/test_data/word2vec_old_sep -> build/lib.linux-x86_64-cpython-310/gensim/test/test_data
      copying gensim/test/test_data/word2vec_old_sep.syn0_lockf.npy -> build/lib.linux-x86_64-cpython-310/gensim/test/test_data
      copying gensim/test/test_data/word2vec_old_sep.syn1neg.npy -> build/lib.linux-x86_64-cpython-310/gensim/test/test_data
      copying gensim/test/test_data/word2vec_pre_kv_c -> build/lib.linux-x86_64-cpython-310/gensim/test/test_data
      copying gensim/test/test_data/word2vec_pre_kv_py2 -> build/lib.linux-x86_64-cpython-310/gensim/test/test_data
      copying gensim/test/test_data/word2vec_pre_kv_py3 -> build/lib.linux-x86_64-cpython-310/gensim/test/test_data
      copying gensim/test/test_data/word2vec_pre_kv_py3_4 -> build/lib.linux-x86_64-cpython-310/gensim/test/test_data
      copying gensim/test/test_data/word2vec_pre_kv_sep_py2 -> build/lib.linux-x86_64-cpython-310/gensim/test/test_data
      copying gensim/test/test_data/word2vec_pre_kv_sep_py2.neg_labels.npy -> build/lib.linux-x86_64-cpython-310/gensim/test/test_data
      copying gensim/test/test_data/word2vec_pre_kv_sep_py2.syn0.npy -> build/lib.linux-x86_64-cpython-310/gensim/test/test_data
      copying gensim/test/test_data/word2vec_pre_kv_sep_py2.syn0_lockf.npy -> build/lib.linux-x86_64-cpython-310/gensim/test/test_data
      copying gensim/test/test_data/word2vec_pre_kv_sep_py2.syn1neg.npy -> build/lib.linux-x86_64-cpython-310/gensim/test/test_data
      copying gensim/test/test_data/word2vec_pre_kv_sep_py3 -> build/lib.linux-x86_64-cpython-310/gensim/test/test_data
      copying gensim/test/test_data/word2vec_pre_kv_sep_py3.neg_labels.npy -> build/lib.linux-x86_64-cpython-310/gensim/test/test_data
      copying gensim/test/test_data/word2vec_pre_kv_sep_py3.syn0.npy -> build/lib.linux-x86_64-cpython-310/gensim/test/test_data
      copying gensim/test/test_data/word2vec_pre_kv_sep_py3.syn0_lockf.npy -> build/lib.linux-x86_64-cpython-310/gensim/test/test_data
      copying gensim/test/test_data/word2vec_pre_kv_sep_py3.syn1neg.npy -> build/lib.linux-x86_64-cpython-310/gensim/test/test_data
      copying gensim/test/test_data/word2vec_pre_kv_sep_py3_4 -> build/lib.linux-x86_64-cpython-310/gensim/test/test_data
      copying gensim/test/test_data/word2vec_pre_kv_sep_py3_4.neg_labels.npy -> build/lib.linux-x86_64-cpython-310/gensim/test/test_data
      copying gensim/test/test_data/word2vec_pre_kv_sep_py3_4.syn0.npy -> build/lib.linux-x86_64-cpython-310/gensim/test/test_data
      copying gensim/test/test_data/word2vec_pre_kv_sep_py3_4.syn0_lockf.npy -> build/lib.linux-x86_64-cpython-310/gensim/test/test_data
      copying gensim/test/test_data/word2vec_pre_kv_sep_py3_4.syn1neg.npy -> build/lib.linux-x86_64-cpython-310/gensim/test/test_data
      copying gensim/test/test_data/wordsim353.tsv -> build/lib.linux-x86_64-cpython-310/gensim/test/test_data
      creating build/lib.linux-x86_64-cpython-310/gensim/test/test_data/DTM
      copying gensim/test/test_data/DTM/ldaseq_3_0_1_model -> build/lib.linux-x86_64-cpython-310/gensim/test/test_data/DTM
      copying gensim/test/test_data/DTM/sstats_test.txt -> build/lib.linux-x86_64-cpython-310/gensim/test/test_data/DTM
      creating build/lib.linux-x86_64-cpython-310/gensim/test/test_data/PathLineSentences
      copying gensim/test/test_data/PathLineSentences/1.txt -> build/lib.linux-x86_64-cpython-310/gensim/test/test_data/PathLineSentences
      copying gensim/test/test_data/PathLineSentences/2.txt.bz2 -> build/lib.linux-x86_64-cpython-310/gensim/test/test_data/PathLineSentences
      creating build/lib.linux-x86_64-cpython-310/gensim/test/test_data/old_d2v_models
      copying gensim/test/test_data/old_d2v_models/d2v_0.12.0.mdl -> build/lib.linux-x86_64-cpython-310/gensim/test/test_data/old_d2v_models
      copying gensim/test/test_data/old_d2v_models/d2v_0.12.1.mdl -> build/lib.linux-x86_64-cpython-310/gensim/test/test_data/old_d2v_models
      copying gensim/test/test_data/old_d2v_models/d2v_0.12.2.mdl -> build/lib.linux-x86_64-cpython-310/gensim/test/test_data/old_d2v_models
      copying gensim/test/test_data/old_d2v_models/d2v_0.12.3.mdl -> build/lib.linux-x86_64-cpython-310/gensim/test/test_data/old_d2v_models
      copying gensim/test/test_data/old_d2v_models/d2v_0.12.4.mdl -> build/lib.linux-x86_64-cpython-310/gensim/test/test_data/old_d2v_models
      copying gensim/test/test_data/old_d2v_models/d2v_0.13.0.mdl -> build/lib.linux-x86_64-cpython-310/gensim/test/test_data/old_d2v_models
      copying gensim/test/test_data/old_d2v_models/d2v_0.13.1.mdl -> build/lib.linux-x86_64-cpython-310/gensim/test/test_data/old_d2v_models
      copying gensim/test/test_data/old_d2v_models/d2v_0.13.2.mdl -> build/lib.linux-x86_64-cpython-310/gensim/test/test_data/old_d2v_models
      copying gensim/test/test_data/old_d2v_models/d2v_0.13.3.mdl -> build/lib.linux-x86_64-cpython-310/gensim/test/test_data/old_d2v_models
      copying gensim/test/test_data/old_d2v_models/d2v_0.13.4.mdl -> build/lib.linux-x86_64-cpython-310/gensim/test/test_data/old_d2v_models
      copying gensim/test/test_data/old_d2v_models/d2v_1.0.0.mdl -> build/lib.linux-x86_64-cpython-310/gensim/test/test_data/old_d2v_models
      copying gensim/test/test_data/old_d2v_models/d2v_1.0.1.mdl -> build/lib.linux-x86_64-cpython-310/gensim/test/test_data/old_d2v_models
      copying gensim/test/test_data/old_d2v_models/d2v_2.0.0.mdl -> build/lib.linux-x86_64-cpython-310/gensim/test/test_data/old_d2v_models
      copying gensim/test/test_data/old_d2v_models/d2v_2.1.0.mdl -> build/lib.linux-x86_64-cpython-310/gensim/test/test_data/old_d2v_models
      copying gensim/test/test_data/old_d2v_models/d2v_2.2.0.mdl -> build/lib.linux-x86_64-cpython-310/gensim/test/test_data/old_d2v_models
      copying gensim/test/test_data/old_d2v_models/d2v_2.3.0.mdl -> build/lib.linux-x86_64-cpython-310/gensim/test/test_data/old_d2v_models
      copying gensim/test/test_data/old_d2v_models/d2v_3.0.0.mdl -> build/lib.linux-x86_64-cpython-310/gensim/test/test_data/old_d2v_models
      copying gensim/test/test_data/old_d2v_models/d2v_3.1.0.mdl -> build/lib.linux-x86_64-cpython-310/gensim/test/test_data/old_d2v_models
      copying gensim/test/test_data/old_d2v_models/d2v_3.2.0.mdl -> build/lib.linux-x86_64-cpython-310/gensim/test/test_data/old_d2v_models
      copying gensim/test/test_data/old_d2v_models/d2v_3.3.0.mdl -> build/lib.linux-x86_64-cpython-310/gensim/test/test_data/old_d2v_models
      copying gensim/test/test_data/old_d2v_models/d2v_3.4.0.mdl -> build/lib.linux-x86_64-cpython-310/gensim/test/test_data/old_d2v_models
      creating build/lib.linux-x86_64-cpython-310/gensim/test/test_data/old_w2v_models
      copying gensim/test/test_data/old_w2v_models/w2v_0.12.0.mdl -> build/lib.linux-x86_64-cpython-310/gensim/test/test_data/old_w2v_models
      copying gensim/test/test_data/old_w2v_models/w2v_0.12.1.mdl -> build/lib.linux-x86_64-cpython-310/gensim/test/test_data/old_w2v_models
      copying gensim/test/test_data/old_w2v_models/w2v_0.12.2.mdl -> build/lib.linux-x86_64-cpython-310/gensim/test/test_data/old_w2v_models
      copying gensim/test/test_data/old_w2v_models/w2v_0.12.3.mdl -> build/lib.linux-x86_64-cpython-310/gensim/test/test_data/old_w2v_models
      copying gensim/test/test_data/old_w2v_models/w2v_0.12.4.mdl -> build/lib.linux-x86_64-cpython-310/gensim/test/test_data/old_w2v_models
      copying gensim/test/test_data/old_w2v_models/w2v_0.13.0.mdl -> build/lib.linux-x86_64-cpython-310/gensim/test/test_data/old_w2v_models
      copying gensim/test/test_data/old_w2v_models/w2v_0.13.1.mdl -> build/lib.linux-x86_64-cpython-310/gensim/test/test_data/old_w2v_models
      copying gensim/test/test_data/old_w2v_models/w2v_0.13.2.mdl -> build/lib.linux-x86_64-cpython-310/gensim/test/test_data/old_w2v_models
      copying gensim/test/test_data/old_w2v_models/w2v_0.13.3.mdl -> build/lib.linux-x86_64-cpython-310/gensim/test/test_data/old_w2v_models
      copying gensim/test/test_data/old_w2v_models/w2v_0.13.4.mdl -> build/lib.linux-x86_64-cpython-310/gensim/test/test_data/old_w2v_models
      copying gensim/test/test_data/old_w2v_models/w2v_1.0.0.mdl -> build/lib.linux-x86_64-cpython-310/gensim/test/test_data/old_w2v_models
      copying gensim/test/test_data/old_w2v_models/w2v_1.0.1.mdl -> build/lib.linux-x86_64-cpython-310/gensim/test/test_data/old_w2v_models
      copying gensim/test/test_data/old_w2v_models/w2v_2.0.0.mdl -> build/lib.linux-x86_64-cpython-310/gensim/test/test_data/old_w2v_models
      copying gensim/test/test_data/old_w2v_models/w2v_2.1.0.mdl -> build/lib.linux-x86_64-cpython-310/gensim/test/test_data/old_w2v_models
      copying gensim/test/test_data/old_w2v_models/w2v_2.2.0.mdl -> build/lib.linux-x86_64-cpython-310/gensim/test/test_data/old_w2v_models
      copying gensim/test/test_data/old_w2v_models/w2v_2.3.0.mdl -> build/lib.linux-x86_64-cpython-310/gensim/test/test_data/old_w2v_models
      copying gensim/test/test_data/old_w2v_models/w2v_3.0.0.mdl -> build/lib.linux-x86_64-cpython-310/gensim/test/test_data/old_w2v_models
      copying gensim/test/test_data/old_w2v_models/w2v_3.1.0.mdl -> build/lib.linux-x86_64-cpython-310/gensim/test/test_data/old_w2v_models
      copying gensim/test/test_data/old_w2v_models/w2v_3.2.0.mdl -> build/lib.linux-x86_64-cpython-310/gensim/test/test_data/old_w2v_models
      copying gensim/test/test_data/old_w2v_models/w2v_3.3.0.mdl -> build/lib.linux-x86_64-cpython-310/gensim/test/test_data/old_w2v_models
      copying gensim/test/test_data/old_w2v_models/w2v_3.4.0.mdl -> build/lib.linux-x86_64-cpython-310/gensim/test/test_data/old_w2v_models
      copying gensim/corpora/_mmreader.c -> build/lib.linux-x86_64-cpython-310/gensim/corpora
      copying gensim/corpora/_mmreader.pyx -> build/lib.linux-x86_64-cpython-310/gensim/corpora
      copying gensim/models/doc2vec_corpusfile.cpp -> build/lib.linux-x86_64-cpython-310/gensim/models
      copying gensim/models/doc2vec_corpusfile.pyx -> build/lib.linux-x86_64-cpython-310/gensim/models
      copying gensim/models/doc2vec_inner.cpp -> build/lib.linux-x86_64-cpython-310/gensim/models
      copying gensim/models/doc2vec_inner.pxd -> build/lib.linux-x86_64-cpython-310/gensim/models
      copying gensim/models/doc2vec_inner.pyx -> build/lib.linux-x86_64-cpython-310/gensim/models
      copying gensim/models/fast_line_sentence.h -> build/lib.linux-x86_64-cpython-310/gensim/models
      copying gensim/models/fasttext_corpusfile.cpp -> build/lib.linux-x86_64-cpython-310/gensim/models
      copying gensim/models/fasttext_corpusfile.pyx -> build/lib.linux-x86_64-cpython-310/gensim/models
      copying gensim/models/fasttext_inner.c -> build/lib.linux-x86_64-cpython-310/gensim/models
      copying gensim/models/fasttext_inner.pxd -> build/lib.linux-x86_64-cpython-310/gensim/models
      copying gensim/models/fasttext_inner.pyx -> build/lib.linux-x86_64-cpython-310/gensim/models
      copying gensim/models/nmf_pgd.c -> build/lib.linux-x86_64-cpython-310/gensim/models
      copying gensim/models/nmf_pgd.pyx -> build/lib.linux-x86_64-cpython-310/gensim/models
      copying gensim/models/stdint_wrapper.h -> build/lib.linux-x86_64-cpython-310/gensim/models
      copying gensim/models/voidptr.h -> build/lib.linux-x86_64-cpython-310/gensim/models
      copying gensim/models/word2vec_corpusfile.cpp -> build/lib.linux-x86_64-cpython-310/gensim/models
      copying gensim/models/word2vec_corpusfile.pxd -> build/lib.linux-x86_64-cpython-310/gensim/models
      copying gensim/models/word2vec_corpusfile.pyx -> build/lib.linux-x86_64-cpython-310/gensim/models
      copying gensim/models/word2vec_inner.c -> build/lib.linux-x86_64-cpython-310/gensim/models
      copying gensim/models/word2vec_inner.pxd -> build/lib.linux-x86_64-cpython-310/gensim/models
      copying gensim/models/word2vec_inner.pyx -> build/lib.linux-x86_64-cpython-310/gensim/models
      running build_ext
      building 'gensim.models.word2vec_inner' extension
      creating build/temp.linux-x86_64-cpython-310
      creating build/temp.linux-x86_64-cpython-310/gensim
      creating build/temp.linux-x86_64-cpython-310/gensim/models
      gcc -pthread -Wno-unused-result -Wsign-compare -DNDEBUG -g -fwrapv -O3 -Wall -fPIC -I/home/app/function/.tox/test/include -I/usr/local/include/python3.10 -I/home/app/function/.tox/test/lib/python3.10/site-packages/numpy/core/include -c gensim/models/word2vec_inner.c -o build/temp.linux-x86_64-cpython-310/gensim/models/word2vec_inner.o
      In file included from /home/app/function/.tox/test/lib/python3.10/site-packages/numpy/core/include/numpy/ndarraytypes.h:1960,
                       from /home/app/function/.tox/test/lib/python3.10/site-packages/numpy/core/include/numpy/ndarrayobject.h:12,
                       from /home/app/function/.tox/test/lib/python3.10/site-packages/numpy/core/include/numpy/arrayobject.h:5,
                       from gensim/models/word2vec_inner.c:631:
      /home/app/function/.tox/test/lib/python3.10/site-packages/numpy/core/include/numpy/npy_1_7_deprecated_api.h:17:2: warning: #warning "Using deprecated NumPy API, disable it with " "#define NPY_NO_DEPRECATED_API NPY_1_7_API_VERSION" [-Wcpp]
       #warning "Using deprecated NumPy API, disable it with " \
        ^~~~~~~
      gensim/models/word2vec_inner.c: In function â€˜__pyx_pf_6gensim_6models_14word2vec_inner_2train_batch_cbow.isra.22â€™:
      gensim/models/word2vec_inner.c:5799:28: warning: â€˜__pyx_v_vocab_sample_intsâ€™ may be used uninitialized in this function [-Wmaybe-uninitialized]
         __pyx_t_5numpy_uint32_t *__pyx_v_vocab_sample_ints;
                                  ^~~~~~~~~~~~~~~~~~~~~~~~~
      gensim/models/word2vec_inner.c: In function â€˜__pyx_pf_6gensim_6models_14word2vec_inner_train_batch_sg.isra.23â€™:
      gensim/models/word2vec_inner.c:4627:28: warning: â€˜__pyx_v_vocab_sample_intsâ€™ may be used uninitialized in this function [-Wmaybe-uninitialized]
         __pyx_t_5numpy_uint32_t *__pyx_v_vocab_sample_ints;
                                  ^~~~~~~~~~~~~~~~~~~~~~~~~
      gcc -pthread -shared -Wl,--strip-all build/temp.linux-x86_64-cpython-310/gensim/models/word2vec_inner.o -L/usr/local/lib -o build/lib.linux-x86_64-cpython-310/gensim/models/word2vec_inner.cpython-310-x86_64-linux-gnu.so
      building 'gensim.corpora._mmreader' extension
      creating build/temp.linux-x86_64-cpython-310/gensim/corpora
      gcc -pthread -Wno-unused-result -Wsign-compare -DNDEBUG -g -fwrapv -O3 -Wall -fPIC -I/home/app/function/.tox/test/include -I/usr/local/include/python3.10 -I/home/app/function/.tox/test/lib/python3.10/site-packages/numpy/core/include -c gensim/corpora/_mmreader.c -o build/temp.linux-x86_64-cpython-310/gensim/corpora/_mmreader.o
      gcc -pthread -shared -Wl,--strip-all build/temp.linux-x86_64-cpython-310/gensim/corpora/_mmreader.o -L/usr/local/lib -o build/lib.linux-x86_64-cpython-310/gensim/corpora/_mmreader.cpython-310-x86_64-linux-gnu.so
      building 'gensim.models.fasttext_inner' extension
      gcc -pthread -Wno-unused-result -Wsign-compare -DNDEBUG -g -fwrapv -O3 -Wall -fPIC -I/home/app/function/.tox/test/include -I/usr/local/include/python3.10 -I/home/app/function/.tox/test/lib/python3.10/site-packages/numpy/core/include -c gensim/models/fasttext_inner.c -o build/temp.linux-x86_64-cpython-310/gensim/models/fasttext_inner.o
      In file included from /home/app/function/.tox/test/lib/python3.10/site-packages/numpy/core/include/numpy/ndarraytypes.h:1960,
                       from /home/app/function/.tox/test/lib/python3.10/site-packages/numpy/core/include/numpy/ndarrayobject.h:12,
                       from /home/app/function/.tox/test/lib/python3.10/site-packages/numpy/core/include/numpy/arrayobject.h:5,
                       from gensim/models/fasttext_inner.c:632:
      /home/app/function/.tox/test/lib/python3.10/site-packages/numpy/core/include/numpy/npy_1_7_deprecated_api.h:17:2: warning: #warning "Using deprecated NumPy API, disable it with " "#define NPY_NO_DEPRECATED_API NPY_1_7_API_VERSION" [-Wcpp]
       #warning "Using deprecated NumPy API, disable it with " \
        ^~~~~~~
      gensim/models/fasttext_inner.c: In function â€˜__pyx_f_6gensim_6models_14fasttext_inner_fasttext_fast_sentence_sg_negâ€™:
      gensim/models/fasttext_inner.c:2268:35: warning: comparison of integer expressions of different signedness: â€˜intâ€™ and â€˜__pyx_t_5numpy_uint32_tâ€™ {aka â€˜unsigned intâ€™} [-Wsign-compare]
           for (__pyx_t_4 = 0; __pyx_t_4 < __pyx_t_3; __pyx_t_4+=1) {
                                         ^
      gensim/models/fasttext_inner.c:2534:33: warning: comparison of integer expressions of different signedness: â€˜intâ€™ and â€˜__pyx_t_5numpy_uint32_tâ€™ {aka â€˜unsigned intâ€™} [-Wsign-compare]
         for (__pyx_t_4 = 0; __pyx_t_4 < __pyx_t_3; __pyx_t_4+=1) {
                                       ^
      In file included from gensim/models/fasttext_inner.c:640:
      At top level:
      gensim/models/voidptr.h:8:15: warning: â€˜PyCObject_AsVoidPtrâ€™ defined but not used [-Wunused-function]
       static void * PyCObject_AsVoidPtr(PyObject *obj)
                     ^~~~~~~~~~~~~~~~~~~
      gensim/models/fasttext_inner.c: In function â€˜__pyx_f_6gensim_6models_14fasttext_inner_populate_ft_configâ€™:
      gensim/models/fasttext_inner.c:4360:28: warning: â€˜__pyx_v_vocab_sample_intsâ€™ may be used uninitialized in this function [-Wmaybe-uninitialized]
         __pyx_t_5numpy_uint32_t *__pyx_v_vocab_sample_ints;
                                  ^~~~~~~~~~~~~~~~~~~~~~~~~
      gcc -pthread -shared -Wl,--strip-all build/temp.linux-x86_64-cpython-310/gensim/models/fasttext_inner.o -L/usr/local/lib -o build/lib.linux-x86_64-cpython-310/gensim/models/fasttext_inner.cpython-310-x86_64-linux-gnu.so
      building 'gensim._matutils' extension
      gcc -pthread -Wno-unused-result -Wsign-compare -DNDEBUG -g -fwrapv -O3 -Wall -fPIC -I/home/app/function/.tox/test/include -I/usr/local/include/python3.10 -I/home/app/function/.tox/test/lib/python3.10/site-packages/numpy/core/include -c gensim/_matutils.c -o build/temp.linux-x86_64-cpython-310/gensim/_matutils.o
      In file included from /home/app/function/.tox/test/lib/python3.10/site-packages/numpy/core/include/numpy/ndarraytypes.h:1960,
                       from /home/app/function/.tox/test/lib/python3.10/site-packages/numpy/core/include/numpy/ndarrayobject.h:12,
                       from /home/app/function/.tox/test/lib/python3.10/site-packages/numpy/core/include/numpy/arrayobject.h:5,
                       from gensim/_matutils.c:626:
      /home/app/function/.tox/test/lib/python3.10/site-packages/numpy/core/include/numpy/npy_1_7_deprecated_api.h:17:2: warning: #warning "Using deprecated NumPy API, disable it with " "#define NPY_NO_DEPRECATED_API NPY_1_7_API_VERSION" [-Wcpp]
       #warning "Using deprecated NumPy API, disable it with " \
        ^~~~~~~
      gensim/_matutils.c: In function â€˜__Pyx_InitGlobalsâ€™:
      gensim/_matutils.c:21523:1: warning: â€˜PyEval_InitThreadsâ€™ is deprecated [-Wdeprecated-declarations]
       PyEval_InitThreads();
       ^~~~~~~~~~~~~~~~~~
      In file included from /usr/local/include/python3.10/Python.h:130,
                       from gensim/_matutils.c:20:
      /usr/local/include/python3.10/ceval.h:122:37: note: declared here
       Py_DEPRECATED(3.9) PyAPI_FUNC(void) PyEval_InitThreads(void);
                                           ^~~~~~~~~~~~~~~~~~
      gcc -pthread -shared -Wl,--strip-all build/temp.linux-x86_64-cpython-310/gensim/_matutils.o -L/usr/local/lib -o build/lib.linux-x86_64-cpython-310/gensim/_matutils.cpython-310-x86_64-linux-gnu.so
      building 'gensim.models.nmf_pgd' extension
      gcc -pthread -Wno-unused-result -Wsign-compare -DNDEBUG -g -fwrapv -O3 -Wall -fPIC -I/home/app/function/.tox/test/include -I/usr/local/include/python3.10 -I/home/app/function/.tox/test/lib/python3.10/site-packages/numpy/core/include -c gensim/models/nmf_pgd.c -o build/temp.linux-x86_64-cpython-310/gensim/models/nmf_pgd.o
      gensim/models/nmf_pgd.c: In function â€˜__Pyx_InitGlobalsâ€™:
      gensim/models/nmf_pgd.c:16730:1: warning: â€˜PyEval_InitThreadsâ€™ is deprecated [-Wdeprecated-declarations]
       PyEval_InitThreads();
       ^~~~~~~~~~~~~~~~~~
      In file included from /usr/local/include/python3.10/Python.h:130,
                       from gensim/models/nmf_pgd.c:20:
      /usr/local/include/python3.10/ceval.h:122:37: note: declared here
       Py_DEPRECATED(3.9) PyAPI_FUNC(void) PyEval_InitThreads(void);
                                           ^~~~~~~~~~~~~~~~~~
      gcc -pthread -shared -Wl,--strip-all build/temp.linux-x86_64-cpython-310/gensim/models/nmf_pgd.o -L/usr/local/lib -o build/lib.linux-x86_64-cpython-310/gensim/models/nmf_pgd.cpython-310-x86_64-linux-gnu.so
      building 'gensim.similarities.fastss' extension
      creating build/temp.linux-x86_64-cpython-310/gensim/similarities
      gcc -pthread -Wno-unused-result -Wsign-compare -DNDEBUG -g -fwrapv -O3 -Wall -fPIC -I/home/app/function/.tox/test/include -I/usr/local/include/python3.10 -I/home/app/function/.tox/test/lib/python3.10/site-packages/numpy/core/include -c gensim/similarities/fastss.c -o build/temp.linux-x86_64-cpython-310/gensim/similarities/fastss.o
      gcc -pthread -shared -Wl,--strip-all build/temp.linux-x86_64-cpython-310/gensim/similarities/fastss.o -L/usr/local/lib -o build/lib.linux-x86_64-cpython-310/gensim/similarities/fastss.cpython-310-x86_64-linux-gnu.so
      building 'gensim.models.doc2vec_inner' extension
      gcc -pthread -Wno-unused-result -Wsign-compare -DNDEBUG -g -fwrapv -O3 -Wall -fPIC -I/home/app/function/.tox/test/include -I/usr/local/include/python3.10 -I/home/app/function/.tox/test/lib/python3.10/site-packages/numpy/core/include -c gensim/models/doc2vec_inner.cpp -o build/temp.linux-x86_64-cpython-310/gensim/models/doc2vec_inner.o -std=c++11
      gcc: error trying to exec 'cc1plus': execvp: No such file or directory
      error: command '/usr/bin/gcc' failed with exit code 1
      [end of output]
  
  note: This error originates from a subprocess, and is likely not a problem with pip.
error: legacy-install-failure

Ã— Encountered error while trying to install package.
â•°â”€> gensim

note: This is an issue with the package mentioned above, not pip.
hint: See above for output from the failure.

=================================== log end ====================================
ERROR: could not install deps [flask, pytest, -rrequirements.txt]; v = InvocationError('/home/app/function/.tox/test/bin/python -m pip install flask pytest -rrequirements.txt', 1)
___________________________________ summary ____________________________________
  lint: commands succeeded
ERROR:   test: could not install deps [flask, pytest, -rrequirements.txt]; v = InvocationError('/home/app/function/.tox/test/bin/python -m pip install flask pytest -rrequirements.txt', 1)
skipping tests
Removing intermediate container 28b7ce5643af
 ---> b887846359e7
Step 38/45 : WORKDIR /home/app/
 ---> Running in a18f086569ba
Removing intermediate container a18f086569ba
 ---> de8d51940291
Step 39/45 : USER app
 ---> Running in 3d11ff13dd95
Removing intermediate container 3d11ff13dd95
 ---> 472ccf18b0ff
Step 40/45 : ENV fprocess="python index.py"
 ---> Running in 195fb47f849f
Removing intermediate container 195fb47f849f
 ---> 307e2e6b04b3
Step 41/45 : ENV cgi_headers="true"
 ---> Running in a903e88fb320
Removing intermediate container a903e88fb320
 ---> 7b9ec3c64375
Step 42/45 : ENV mode="http"
 ---> Running in 125ce116f6ef
Removing intermediate container 125ce116f6ef
 ---> ddf977eb5504
Step 43/45 : ENV upstream_url="http://127.0.0.1:5000"
 ---> Running in 29a4ecc14927
Removing intermediate container 29a4ecc14927
 ---> 022c5166c9b1
Step 44/45 : HEALTHCHECK --interval=5s CMD [ -e /tmp/.lock ] || exit 1
 ---> Running in 505f33900d74
Removing intermediate container 505f33900d74
 ---> 52bd6ea10237
Step 45/45 : CMD ["fwatchdog"]
 ---> Running in 0b049b4f633b
Removing intermediate container 0b049b4f633b
 ---> 7163f223123f
Successfully built 7163f223123f
Successfully tagged localhost:5000/nlp:latest
Image: localhost:5000/nlp:latest built.
[33m[0] < Building nlp done in 318.85s.
[0m[33m[0] Worker done.
[0m
[33mTotal build time: 318.85s[0m
