[33m[0] > Building nlp.
[0mClearing temporary build folder: ./build/nlp/
Preparing: ./nlp/ build/nlp/function
Building: localhost:5000/nlp:latest with python3-http-debian-nlp template. Please wait..
Sending build context to Docker daemon  71.37MB
Step 1/45 : ARG FUNCTION_DIR=/home/app/.local
Step 2/45 : FROM python:slim-buster as build-image
 ---> bd4897b280b1
Step 3/45 : RUN apt-get update && 	apt-get install -y 	g++ 	make 	cmake 	unzip 	libcurl4-openssl-dev
 ---> Running in 62ef81f2dddc
Get:1 http://deb.debian.org/debian buster InRelease [122 kB]
Get:2 http://security.debian.org/debian-security buster/updates InRelease [65.4 kB]
Get:3 http://deb.debian.org/debian buster-updates InRelease [51.9 kB]
Get:4 http://security.debian.org/debian-security buster/updates/main amd64 Packages [318 kB]
Get:5 http://deb.debian.org/debian buster/main amd64 Packages [7911 kB]
Get:6 http://deb.debian.org/debian buster-updates/main amd64 Packages [8796 B]
Fetched 8477 kB in 3s (3026 kB/s)
Reading package lists...
Reading package lists...
Building dependency tree...
Reading state information...
The following additional packages will be installed:
  binutils binutils-common binutils-x86-64-linux-gnu cmake-data cpp cpp-8
  g++-8 gcc gcc-8 krb5-locales libarchive13 libasan5 libatomic1 libbinutils
  libc-dev-bin libc6-dev libcc1-0 libcurl4 libgcc-8-dev libgomp1 libgpm2
  libgssapi-krb5-2 libicu63 libisl19 libitm1 libjsoncpp1 libk5crypto3
  libkeyutils1 libkrb5-3 libkrb5support0 libldap-2.4-2 libldap-common liblsan0
  libmpc3 libmpfr6 libmpx2 libncurses6 libnghttp2-14 libprocps7 libpsl5
  libquadmath0 librhash0 librtmp1 libsasl2-2 libsasl2-modules
  libsasl2-modules-db libssh2-1 libstdc++-8-dev libtsan0 libubsan1 libuv1
  libxml2 linux-libc-dev lsb-base manpages manpages-dev procps psmisc
  publicsuffix
Suggested packages:
  binutils-doc cmake-doc ninja-build cpp-doc gcc-8-locales g++-multilib
  g++-8-multilib gcc-8-doc libstdc++6-8-dbg gcc-multilib autoconf automake
  libtool flex bison gdb gcc-doc gcc-8-multilib libgcc1-dbg libgomp1-dbg
  libitm1-dbg libatomic1-dbg libasan5-dbg liblsan0-dbg libtsan0-dbg
  libubsan1-dbg libmpx2-dbg libquadmath0-dbg lrzip glibc-doc libcurl4-doc
  libidn11-dev libkrb5-dev libldap2-dev librtmp-dev libssh2-1-dev libssl-dev
  pkg-config zlib1g-dev gpm krb5-doc krb5-user libsasl2-modules-gssapi-mit
  | libsasl2-modules-gssapi-heimdal libsasl2-modules-ldap libsasl2-modules-otp
  libsasl2-modules-sql libstdc++-8-doc make-doc man-browser zip
The following NEW packages will be installed:
  binutils binutils-common binutils-x86-64-linux-gnu cmake cmake-data cpp
  cpp-8 g++ g++-8 gcc gcc-8 krb5-locales libarchive13 libasan5 libatomic1
  libbinutils libc-dev-bin libc6-dev libcc1-0 libcurl4 libcurl4-openssl-dev
  libgcc-8-dev libgomp1 libgpm2 libgssapi-krb5-2 libicu63 libisl19 libitm1
  libjsoncpp1 libk5crypto3 libkeyutils1 libkrb5-3 libkrb5support0
  libldap-2.4-2 libldap-common liblsan0 libmpc3 libmpfr6 libmpx2 libncurses6
  libnghttp2-14 libprocps7 libpsl5 libquadmath0 librhash0 librtmp1 libsasl2-2
  libsasl2-modules libsasl2-modules-db libssh2-1 libstdc++-8-dev libtsan0
  libubsan1 libuv1 libxml2 linux-libc-dev lsb-base make manpages manpages-dev
  procps psmisc publicsuffix unzip
0 upgraded, 64 newly installed, 0 to remove and 2 not upgraded.
Need to get 65.3 MB of archives.
After this operation, 252 MB of additional disk space will be used.
Get:1 http://deb.debian.org/debian buster/main amd64 libncurses6 amd64 6.1+20181013-2+deb10u2 [102 kB]
Get:2 http://deb.debian.org/debian buster/main amd64 libprocps7 amd64 2:3.3.15-2 [61.7 kB]
Get:3 http://deb.debian.org/debian buster/main amd64 lsb-base all 10.2019051400 [28.4 kB]
Get:4 http://deb.debian.org/debian buster/main amd64 procps amd64 2:3.3.15-2 [259 kB]
Get:5 http://deb.debian.org/debian buster/main amd64 krb5-locales all 1.17-3+deb10u3 [95.5 kB]
Get:6 http://deb.debian.org/debian buster/main amd64 manpages all 4.16-2 [1295 kB]
Get:7 http://deb.debian.org/debian buster/main amd64 binutils-common amd64 2.31.1-16 [2073 kB]
Get:8 http://deb.debian.org/debian buster/main amd64 libbinutils amd64 2.31.1-16 [478 kB]
Get:9 http://deb.debian.org/debian buster/main amd64 binutils-x86-64-linux-gnu amd64 2.31.1-16 [1823 kB]
Get:10 http://deb.debian.org/debian buster/main amd64 binutils amd64 2.31.1-16 [56.8 kB]
Get:11 http://deb.debian.org/debian buster/main amd64 cmake-data all 3.13.4-1 [1476 kB]
Get:12 http://deb.debian.org/debian buster/main amd64 libicu63 amd64 63.1-6+deb10u3 [8293 kB]
Get:13 http://deb.debian.org/debian buster/main amd64 libxml2 amd64 2.9.4+dfsg1-7+deb10u3 [689 kB]
Get:14 http://deb.debian.org/debian buster/main amd64 libarchive13 amd64 3.3.3-4+deb10u1 [313 kB]
Get:15 http://deb.debian.org/debian buster/main amd64 libkeyutils1 amd64 1.6-6 [15.0 kB]
Get:16 http://deb.debian.org/debian buster/main amd64 libkrb5support0 amd64 1.17-3+deb10u3 [65.8 kB]
Get:17 http://deb.debian.org/debian buster/main amd64 libk5crypto3 amd64 1.17-3+deb10u3 [122 kB]
Get:18 http://deb.debian.org/debian buster/main amd64 libkrb5-3 amd64 1.17-3+deb10u3 [370 kB]
Get:19 http://deb.debian.org/debian buster/main amd64 libgssapi-krb5-2 amd64 1.17-3+deb10u3 [158 kB]
Get:20 http://deb.debian.org/debian buster/main amd64 libsasl2-modules-db amd64 2.1.27+dfsg-1+deb10u2 [69.2 kB]
Get:21 http://deb.debian.org/debian buster/main amd64 libsasl2-2 amd64 2.1.27+dfsg-1+deb10u2 [106 kB]
Get:22 http://deb.debian.org/debian buster/main amd64 libldap-common all 2.4.47+dfsg-3+deb10u6 [90.0 kB]
Get:23 http://deb.debian.org/debian buster/main amd64 libldap-2.4-2 amd64 2.4.47+dfsg-3+deb10u6 [224 kB]
Get:24 http://deb.debian.org/debian buster/main amd64 libnghttp2-14 amd64 1.36.0-2+deb10u1 [85.0 kB]
Get:25 http://deb.debian.org/debian buster/main amd64 libpsl5 amd64 0.20.2-2 [53.7 kB]
Get:26 http://deb.debian.org/debian buster/main amd64 librtmp1 amd64 2.4+20151223.gitfa8646d.1-2 [60.5 kB]
Get:27 http://deb.debian.org/debian buster/main amd64 libssh2-1 amd64 1.8.0-2.1 [140 kB]
Get:28 http://deb.debian.org/debian buster/main amd64 libcurl4 amd64 7.64.0-4+deb10u2 [332 kB]
Get:29 http://deb.debian.org/debian buster/main amd64 libjsoncpp1 amd64 1.7.4-3 [75.6 kB]
Get:30 http://deb.debian.org/debian buster/main amd64 librhash0 amd64 1.3.8-1 [122 kB]
Get:31 http://deb.debian.org/debian buster/main amd64 libuv1 amd64 1.24.1-1+deb10u1 [110 kB]
Get:32 http://deb.debian.org/debian buster/main amd64 cmake amd64 3.13.4-1 [3480 kB]
Get:33 http://deb.debian.org/debian buster/main amd64 libisl19 amd64 0.20-2 [587 kB]
Get:34 http://deb.debian.org/debian buster/main amd64 libmpfr6 amd64 4.0.2-1 [775 kB]
Get:35 http://deb.debian.org/debian buster/main amd64 libmpc3 amd64 1.1.0-1 [41.3 kB]
Get:36 http://deb.debian.org/debian buster/main amd64 cpp-8 amd64 8.3.0-6 [8914 kB]
Get:37 http://deb.debian.org/debian buster/main amd64 cpp amd64 4:8.3.0-1 [19.4 kB]
Get:38 http://deb.debian.org/debian buster/main amd64 libcc1-0 amd64 8.3.0-6 [46.6 kB]
Get:39 http://deb.debian.org/debian buster/main amd64 libgomp1 amd64 8.3.0-6 [75.8 kB]
Get:40 http://deb.debian.org/debian buster/main amd64 libitm1 amd64 8.3.0-6 [27.7 kB]
Get:41 http://deb.debian.org/debian buster/main amd64 libatomic1 amd64 8.3.0-6 [9032 B]
Get:42 http://deb.debian.org/debian buster/main amd64 libasan5 amd64 8.3.0-6 [362 kB]
Get:43 http://deb.debian.org/debian buster/main amd64 liblsan0 amd64 8.3.0-6 [131 kB]
Get:44 http://deb.debian.org/debian buster/main amd64 libtsan0 amd64 8.3.0-6 [283 kB]
Get:45 http://deb.debian.org/debian buster/main amd64 libubsan1 amd64 8.3.0-6 [120 kB]
Get:46 http://deb.debian.org/debian buster/main amd64 libmpx2 amd64 8.3.0-6 [11.4 kB]
Get:47 http://deb.debian.org/debian buster/main amd64 libquadmath0 amd64 8.3.0-6 [133 kB]
Get:48 http://deb.debian.org/debian buster/main amd64 libgcc-8-dev amd64 8.3.0-6 [2298 kB]
Get:49 http://deb.debian.org/debian buster/main amd64 gcc-8 amd64 8.3.0-6 [9452 kB]
Get:50 http://deb.debian.org/debian buster/main amd64 gcc amd64 4:8.3.0-1 [5196 B]
Get:51 http://deb.debian.org/debian buster/main amd64 libc-dev-bin amd64 2.28-10+deb10u1 [276 kB]
Get:52 http://deb.debian.org/debian buster/main amd64 linux-libc-dev amd64 4.19.235-1 [1510 kB]
Get:53 http://deb.debian.org/debian buster/main amd64 libc6-dev amd64 2.28-10+deb10u1 [2692 kB]
Get:54 http://deb.debian.org/debian buster/main amd64 libstdc++-8-dev amd64 8.3.0-6 [1532 kB]
Get:55 http://deb.debian.org/debian buster/main amd64 g++-8 amd64 8.3.0-6 [9752 kB]
Get:56 http://deb.debian.org/debian buster/main amd64 g++ amd64 4:8.3.0-1 [1644 B]
Get:57 http://deb.debian.org/debian buster/main amd64 libcurl4-openssl-dev amd64 7.64.0-4+deb10u2 [420 kB]
Get:58 http://deb.debian.org/debian buster/main amd64 libgpm2 amd64 1.20.7-5 [35.1 kB]
Get:59 http://deb.debian.org/debian buster/main amd64 libsasl2-modules amd64 2.1.27+dfsg-1+deb10u2 [104 kB]
Get:60 http://deb.debian.org/debian buster/main amd64 make amd64 4.2.1-1.2 [341 kB]
Get:61 http://deb.debian.org/debian buster/main amd64 manpages-dev all 4.16-2 [2232 kB]
Get:62 http://deb.debian.org/debian buster/main amd64 psmisc amd64 23.2-1+deb10u1 [126 kB]
Get:63 http://deb.debian.org/debian buster/main amd64 publicsuffix all 20211109.1735-0+deb10u1 [125 kB]
Get:64 http://deb.debian.org/debian buster/main amd64 unzip amd64 6.0-23+deb10u2 [172 kB]
[91mdebconf: delaying package configuration, since apt-utils is not installed
[0mFetched 65.3 MB in 6s (11.6 MB/s)
Selecting previously unselected package libncurses6:amd64.
(Reading database ... (Reading database ... 5%(Reading database ... 10%(Reading database ... 15%(Reading database ... 20%(Reading database ... 25%(Reading database ... 30%(Reading database ... 35%(Reading database ... 40%(Reading database ... 45%(Reading database ... 50%(Reading database ... 55%(Reading database ... 60%(Reading database ... 65%(Reading database ... 70%(Reading database ... 75%(Reading database ... 80%(Reading database ... 85%(Reading database ... 90%(Reading database ... 95%(Reading database ... 100%(Reading database ... 6840 files and directories currently installed.)
Preparing to unpack .../00-libncurses6_6.1+20181013-2+deb10u2_amd64.deb ...
Unpacking libncurses6:amd64 (6.1+20181013-2+deb10u2) ...
Selecting previously unselected package libprocps7:amd64.
Preparing to unpack .../01-libprocps7_2%3a3.3.15-2_amd64.deb ...
Unpacking libprocps7:amd64 (2:3.3.15-2) ...
Selecting previously unselected package lsb-base.
Preparing to unpack .../02-lsb-base_10.2019051400_all.deb ...
Unpacking lsb-base (10.2019051400) ...
Selecting previously unselected package procps.
Preparing to unpack .../03-procps_2%3a3.3.15-2_amd64.deb ...
Unpacking procps (2:3.3.15-2) ...
Selecting previously unselected package krb5-locales.
Preparing to unpack .../04-krb5-locales_1.17-3+deb10u3_all.deb ...
Unpacking krb5-locales (1.17-3+deb10u3) ...
Selecting previously unselected package manpages.
Preparing to unpack .../05-manpages_4.16-2_all.deb ...
Unpacking manpages (4.16-2) ...
Selecting previously unselected package binutils-common:amd64.
Preparing to unpack .../06-binutils-common_2.31.1-16_amd64.deb ...
Unpacking binutils-common:amd64 (2.31.1-16) ...
Selecting previously unselected package libbinutils:amd64.
Preparing to unpack .../07-libbinutils_2.31.1-16_amd64.deb ...
Unpacking libbinutils:amd64 (2.31.1-16) ...
Selecting previously unselected package binutils-x86-64-linux-gnu.
Preparing to unpack .../08-binutils-x86-64-linux-gnu_2.31.1-16_amd64.deb ...
Unpacking binutils-x86-64-linux-gnu (2.31.1-16) ...
Selecting previously unselected package binutils.
Preparing to unpack .../09-binutils_2.31.1-16_amd64.deb ...
Unpacking binutils (2.31.1-16) ...
Selecting previously unselected package cmake-data.
Preparing to unpack .../10-cmake-data_3.13.4-1_all.deb ...
Unpacking cmake-data (3.13.4-1) ...
Selecting previously unselected package libicu63:amd64.
Preparing to unpack .../11-libicu63_63.1-6+deb10u3_amd64.deb ...
Unpacking libicu63:amd64 (63.1-6+deb10u3) ...
Selecting previously unselected package libxml2:amd64.
Preparing to unpack .../12-libxml2_2.9.4+dfsg1-7+deb10u3_amd64.deb ...
Unpacking libxml2:amd64 (2.9.4+dfsg1-7+deb10u3) ...
Selecting previously unselected package libarchive13:amd64.
Preparing to unpack .../13-libarchive13_3.3.3-4+deb10u1_amd64.deb ...
Unpacking libarchive13:amd64 (3.3.3-4+deb10u1) ...
Selecting previously unselected package libkeyutils1:amd64.
Preparing to unpack .../14-libkeyutils1_1.6-6_amd64.deb ...
Unpacking libkeyutils1:amd64 (1.6-6) ...
Selecting previously unselected package libkrb5support0:amd64.
Preparing to unpack .../15-libkrb5support0_1.17-3+deb10u3_amd64.deb ...
Unpacking libkrb5support0:amd64 (1.17-3+deb10u3) ...
Selecting previously unselected package libk5crypto3:amd64.
Preparing to unpack .../16-libk5crypto3_1.17-3+deb10u3_amd64.deb ...
Unpacking libk5crypto3:amd64 (1.17-3+deb10u3) ...
Selecting previously unselected package libkrb5-3:amd64.
Preparing to unpack .../17-libkrb5-3_1.17-3+deb10u3_amd64.deb ...
Unpacking libkrb5-3:amd64 (1.17-3+deb10u3) ...
Selecting previously unselected package libgssapi-krb5-2:amd64.
Preparing to unpack .../18-libgssapi-krb5-2_1.17-3+deb10u3_amd64.deb ...
Unpacking libgssapi-krb5-2:amd64 (1.17-3+deb10u3) ...
Selecting previously unselected package libsasl2-modules-db:amd64.
Preparing to unpack .../19-libsasl2-modules-db_2.1.27+dfsg-1+deb10u2_amd64.deb ...
Unpacking libsasl2-modules-db:amd64 (2.1.27+dfsg-1+deb10u2) ...
Selecting previously unselected package libsasl2-2:amd64.
Preparing to unpack .../20-libsasl2-2_2.1.27+dfsg-1+deb10u2_amd64.deb ...
Unpacking libsasl2-2:amd64 (2.1.27+dfsg-1+deb10u2) ...
Selecting previously unselected package libldap-common.
Preparing to unpack .../21-libldap-common_2.4.47+dfsg-3+deb10u6_all.deb ...
Unpacking libldap-common (2.4.47+dfsg-3+deb10u6) ...
Selecting previously unselected package libldap-2.4-2:amd64.
Preparing to unpack .../22-libldap-2.4-2_2.4.47+dfsg-3+deb10u6_amd64.deb ...
Unpacking libldap-2.4-2:amd64 (2.4.47+dfsg-3+deb10u6) ...
Selecting previously unselected package libnghttp2-14:amd64.
Preparing to unpack .../23-libnghttp2-14_1.36.0-2+deb10u1_amd64.deb ...
Unpacking libnghttp2-14:amd64 (1.36.0-2+deb10u1) ...
Selecting previously unselected package libpsl5:amd64.
Preparing to unpack .../24-libpsl5_0.20.2-2_amd64.deb ...
Unpacking libpsl5:amd64 (0.20.2-2) ...
Selecting previously unselected package librtmp1:amd64.
Preparing to unpack .../25-librtmp1_2.4+20151223.gitfa8646d.1-2_amd64.deb ...
Unpacking librtmp1:amd64 (2.4+20151223.gitfa8646d.1-2) ...
Selecting previously unselected package libssh2-1:amd64.
Preparing to unpack .../26-libssh2-1_1.8.0-2.1_amd64.deb ...
Unpacking libssh2-1:amd64 (1.8.0-2.1) ...
Selecting previously unselected package libcurl4:amd64.
Preparing to unpack .../27-libcurl4_7.64.0-4+deb10u2_amd64.deb ...
Unpacking libcurl4:amd64 (7.64.0-4+deb10u2) ...
Selecting previously unselected package libjsoncpp1:amd64.
Preparing to unpack .../28-libjsoncpp1_1.7.4-3_amd64.deb ...
Unpacking libjsoncpp1:amd64 (1.7.4-3) ...
Selecting previously unselected package librhash0:amd64.
Preparing to unpack .../29-librhash0_1.3.8-1_amd64.deb ...
Unpacking librhash0:amd64 (1.3.8-1) ...
Selecting previously unselected package libuv1:amd64.
Preparing to unpack .../30-libuv1_1.24.1-1+deb10u1_amd64.deb ...
Unpacking libuv1:amd64 (1.24.1-1+deb10u1) ...
Selecting previously unselected package cmake.
Preparing to unpack .../31-cmake_3.13.4-1_amd64.deb ...
Unpacking cmake (3.13.4-1) ...
Selecting previously unselected package libisl19:amd64.
Preparing to unpack .../32-libisl19_0.20-2_amd64.deb ...
Unpacking libisl19:amd64 (0.20-2) ...
Selecting previously unselected package libmpfr6:amd64.
Preparing to unpack .../33-libmpfr6_4.0.2-1_amd64.deb ...
Unpacking libmpfr6:amd64 (4.0.2-1) ...
Selecting previously unselected package libmpc3:amd64.
Preparing to unpack .../34-libmpc3_1.1.0-1_amd64.deb ...
Unpacking libmpc3:amd64 (1.1.0-1) ...
Selecting previously unselected package cpp-8.
Preparing to unpack .../35-cpp-8_8.3.0-6_amd64.deb ...
Unpacking cpp-8 (8.3.0-6) ...
Selecting previously unselected package cpp.
Preparing to unpack .../36-cpp_4%3a8.3.0-1_amd64.deb ...
Unpacking cpp (4:8.3.0-1) ...
Selecting previously unselected package libcc1-0:amd64.
Preparing to unpack .../37-libcc1-0_8.3.0-6_amd64.deb ...
Unpacking libcc1-0:amd64 (8.3.0-6) ...
Selecting previously unselected package libgomp1:amd64.
Preparing to unpack .../38-libgomp1_8.3.0-6_amd64.deb ...
Unpacking libgomp1:amd64 (8.3.0-6) ...
Selecting previously unselected package libitm1:amd64.
Preparing to unpack .../39-libitm1_8.3.0-6_amd64.deb ...
Unpacking libitm1:amd64 (8.3.0-6) ...
Selecting previously unselected package libatomic1:amd64.
Preparing to unpack .../40-libatomic1_8.3.0-6_amd64.deb ...
Unpacking libatomic1:amd64 (8.3.0-6) ...
Selecting previously unselected package libasan5:amd64.
Preparing to unpack .../41-libasan5_8.3.0-6_amd64.deb ...
Unpacking libasan5:amd64 (8.3.0-6) ...
Selecting previously unselected package liblsan0:amd64.
Preparing to unpack .../42-liblsan0_8.3.0-6_amd64.deb ...
Unpacking liblsan0:amd64 (8.3.0-6) ...
Selecting previously unselected package libtsan0:amd64.
Preparing to unpack .../43-libtsan0_8.3.0-6_amd64.deb ...
Unpacking libtsan0:amd64 (8.3.0-6) ...
Selecting previously unselected package libubsan1:amd64.
Preparing to unpack .../44-libubsan1_8.3.0-6_amd64.deb ...
Unpacking libubsan1:amd64 (8.3.0-6) ...
Selecting previously unselected package libmpx2:amd64.
Preparing to unpack .../45-libmpx2_8.3.0-6_amd64.deb ...
Unpacking libmpx2:amd64 (8.3.0-6) ...
Selecting previously unselected package libquadmath0:amd64.
Preparing to unpack .../46-libquadmath0_8.3.0-6_amd64.deb ...
Unpacking libquadmath0:amd64 (8.3.0-6) ...
Selecting previously unselected package libgcc-8-dev:amd64.
Preparing to unpack .../47-libgcc-8-dev_8.3.0-6_amd64.deb ...
Unpacking libgcc-8-dev:amd64 (8.3.0-6) ...
Selecting previously unselected package gcc-8.
Preparing to unpack .../48-gcc-8_8.3.0-6_amd64.deb ...
Unpacking gcc-8 (8.3.0-6) ...
Selecting previously unselected package gcc.
Preparing to unpack .../49-gcc_4%3a8.3.0-1_amd64.deb ...
Unpacking gcc (4:8.3.0-1) ...
Selecting previously unselected package libc-dev-bin.
Preparing to unpack .../50-libc-dev-bin_2.28-10+deb10u1_amd64.deb ...
Unpacking libc-dev-bin (2.28-10+deb10u1) ...
Selecting previously unselected package linux-libc-dev:amd64.
Preparing to unpack .../51-linux-libc-dev_4.19.235-1_amd64.deb ...
Unpacking linux-libc-dev:amd64 (4.19.235-1) ...
Selecting previously unselected package libc6-dev:amd64.
Preparing to unpack .../52-libc6-dev_2.28-10+deb10u1_amd64.deb ...
Unpacking libc6-dev:amd64 (2.28-10+deb10u1) ...
Selecting previously unselected package libstdc++-8-dev:amd64.
Preparing to unpack .../53-libstdc++-8-dev_8.3.0-6_amd64.deb ...
Unpacking libstdc++-8-dev:amd64 (8.3.0-6) ...
Selecting previously unselected package g++-8.
Preparing to unpack .../54-g++-8_8.3.0-6_amd64.deb ...
Unpacking g++-8 (8.3.0-6) ...
Selecting previously unselected package g++.
Preparing to unpack .../55-g++_4%3a8.3.0-1_amd64.deb ...
Unpacking g++ (4:8.3.0-1) ...
Selecting previously unselected package libcurl4-openssl-dev:amd64.
Preparing to unpack .../56-libcurl4-openssl-dev_7.64.0-4+deb10u2_amd64.deb ...
Unpacking libcurl4-openssl-dev:amd64 (7.64.0-4+deb10u2) ...
Selecting previously unselected package libgpm2:amd64.
Preparing to unpack .../57-libgpm2_1.20.7-5_amd64.deb ...
Unpacking libgpm2:amd64 (1.20.7-5) ...
Selecting previously unselected package libsasl2-modules:amd64.
Preparing to unpack .../58-libsasl2-modules_2.1.27+dfsg-1+deb10u2_amd64.deb ...
Unpacking libsasl2-modules:amd64 (2.1.27+dfsg-1+deb10u2) ...
Selecting previously unselected package make.
Preparing to unpack .../59-make_4.2.1-1.2_amd64.deb ...
Unpacking make (4.2.1-1.2) ...
Selecting previously unselected package manpages-dev.
Preparing to unpack .../60-manpages-dev_4.16-2_all.deb ...
Unpacking manpages-dev (4.16-2) ...
Selecting previously unselected package psmisc.
Preparing to unpack .../61-psmisc_23.2-1+deb10u1_amd64.deb ...
Unpacking psmisc (23.2-1+deb10u1) ...
Selecting previously unselected package publicsuffix.
Preparing to unpack .../62-publicsuffix_20211109.1735-0+deb10u1_all.deb ...
Unpacking publicsuffix (20211109.1735-0+deb10u1) ...
Selecting previously unselected package unzip.
Preparing to unpack .../63-unzip_6.0-23+deb10u2_amd64.deb ...
Unpacking unzip (6.0-23+deb10u2) ...
Setting up lsb-base (10.2019051400) ...
Setting up libkeyutils1:amd64 (1.6-6) ...
Setting up libpsl5:amd64 (0.20.2-2) ...
Setting up libgpm2:amd64 (1.20.7-5) ...
Setting up psmisc (23.2-1+deb10u1) ...
Setting up manpages (4.16-2) ...
Setting up libprocps7:amd64 (2:3.3.15-2) ...
Setting up unzip (6.0-23+deb10u2) ...
Setting up libsasl2-modules:amd64 (2.1.27+dfsg-1+deb10u2) ...
Setting up binutils-common:amd64 (2.31.1-16) ...
Setting up libnghttp2-14:amd64 (1.36.0-2+deb10u1) ...
Setting up linux-libc-dev:amd64 (4.19.235-1) ...
Setting up krb5-locales (1.17-3+deb10u3) ...
Setting up libgomp1:amd64 (8.3.0-6) ...
Setting up libldap-common (2.4.47+dfsg-3+deb10u6) ...
Setting up libicu63:amd64 (63.1-6+deb10u3) ...
Setting up libkrb5support0:amd64 (1.17-3+deb10u3) ...
Setting up libsasl2-modules-db:amd64 (2.1.27+dfsg-1+deb10u2) ...
Setting up libasan5:amd64 (8.3.0-6) ...
Setting up libuv1:amd64 (1.24.1-1+deb10u1) ...
Setting up make (4.2.1-1.2) ...
Setting up libmpfr6:amd64 (4.0.2-1) ...
Setting up librtmp1:amd64 (2.4+20151223.gitfa8646d.1-2) ...
Setting up libncurses6:amd64 (6.1+20181013-2+deb10u2) ...
Setting up libquadmath0:amd64 (8.3.0-6) ...
Setting up libmpc3:amd64 (1.1.0-1) ...
Setting up libatomic1:amd64 (8.3.0-6) ...
Setting up libk5crypto3:amd64 (1.17-3+deb10u3) ...
Setting up libsasl2-2:amd64 (2.1.27+dfsg-1+deb10u2) ...
Setting up libmpx2:amd64 (8.3.0-6) ...
Setting up libubsan1:amd64 (8.3.0-6) ...
Setting up libisl19:amd64 (0.20-2) ...
Setting up librhash0:amd64 (1.3.8-1) ...
Setting up procps (2:3.3.15-2) ...
update-alternatives: using /usr/bin/w.procps to provide /usr/bin/w (w) in auto mode
update-alternatives: warning: skip creation of /usr/share/man/man1/w.1.gz because associated file /usr/share/man/man1/w.procps.1.gz (of link group w) doesn't exist
Setting up libssh2-1:amd64 (1.8.0-2.1) ...
Setting up cmake-data (3.13.4-1) ...
Setting up libkrb5-3:amd64 (1.17-3+deb10u3) ...
Setting up libbinutils:amd64 (2.31.1-16) ...
Setting up cpp-8 (8.3.0-6) ...
Setting up libc-dev-bin (2.28-10+deb10u1) ...
Setting up publicsuffix (20211109.1735-0+deb10u1) ...
Setting up libxml2:amd64 (2.9.4+dfsg1-7+deb10u3) ...
Setting up libcc1-0:amd64 (8.3.0-6) ...
Setting up liblsan0:amd64 (8.3.0-6) ...
Setting up libitm1:amd64 (8.3.0-6) ...
Setting up libjsoncpp1:amd64 (1.7.4-3) ...
Setting up binutils-x86-64-linux-gnu (2.31.1-16) ...
Setting up libtsan0:amd64 (8.3.0-6) ...
Setting up manpages-dev (4.16-2) ...
Setting up libarchive13:amd64 (3.3.3-4+deb10u1) ...
Setting up libldap-2.4-2:amd64 (2.4.47+dfsg-3+deb10u6) ...
Setting up binutils (2.31.1-16) ...
Setting up libgssapi-krb5-2:amd64 (1.17-3+deb10u3) ...
Setting up libgcc-8-dev:amd64 (8.3.0-6) ...
Setting up cpp (4:8.3.0-1) ...
Setting up libcurl4:amd64 (7.64.0-4+deb10u2) ...
Setting up libc6-dev:amd64 (2.28-10+deb10u1) ...
Setting up libstdc++-8-dev:amd64 (8.3.0-6) ...
Setting up gcc-8 (8.3.0-6) ...
Setting up gcc (4:8.3.0-1) ...
Setting up libcurl4-openssl-dev:amd64 (7.64.0-4+deb10u2) ...
Setting up g++-8 (8.3.0-6) ...
Setting up cmake (3.13.4-1) ...
Setting up g++ (4:8.3.0-1) ...
update-alternatives: using /usr/bin/g++ to provide /usr/bin/c++ (c++) in auto mode
Processing triggers for libc-bin (2.28-10+deb10u1) ...
Removing intermediate container 62ef81f2dddc
 ---> 93fdb6e0c459
Step 4/45 : RUN addgroup --system app && adduser app --system --ingroup app
 ---> Running in c771748933b8
Adding group `app' (GID 101) ...
Done.
Adding system user `app' (UID 101) ...
Adding new user `app' (UID 101) with group `app' ...
Creating home directory `/home/app' ...
Removing intermediate container c771748933b8
 ---> 71142f4ea14e
Step 5/45 : RUN chown app /home/app
 ---> Running in d863d9cbfd08
Removing intermediate container d863d9cbfd08
 ---> a79ae8a1bcbd
Step 6/45 : USER app
 ---> Running in 752d7fbca73c
Removing intermediate container 752d7fbca73c
 ---> 6cfa609e52d6
Step 7/45 : ENV PATH=$PATH:/home/app/.local/bin
 ---> Running in 14beb15907e8
Removing intermediate container 14beb15907e8
 ---> 4066a2a37a96
Step 8/45 : WORKDIR /home/app
 ---> Running in da95b12be70f
Removing intermediate container da95b12be70f
 ---> dbfc8388d093
Step 9/45 : COPY requirements.txt .
 ---> a101b9e25adb
Step 10/45 : RUN pip install --user -r requirements.txt
 ---> Running in 372f07be9fa4
Collecting flask
  Downloading Flask-2.1.1-py3-none-any.whl (95 kB)
     â”â”â”â”â”â”â”â”â”â”â”â”â”â”â”â”â”â”â”â”â”â”â”â”â”â”â”â”â”â”â”â”â”â”â”â”â”â”â”â” 95.2/95.2 KB 2.3 MB/s eta 0:00:00
Collecting waitress
  Downloading waitress-2.1.1-py3-none-any.whl (57 kB)
     â”â”â”â”â”â”â”â”â”â”â”â”â”â”â”â”â”â”â”â”â”â”â”â”â”â”â”â”â”â”â”â”â”â”â”â”â”â”â”â” 57.3/57.3 KB 1.3 MB/s eta 0:00:00
Collecting tox==3.*
  Downloading tox-3.25.0-py2.py3-none-any.whl (85 kB)
     â”â”â”â”â”â”â”â”â”â”â”â”â”â”â”â”â”â”â”â”â”â”â”â”â”â”â”â”â”â”â”â”â”â”â”â”â”â”â” 85.9/85.9 KB 732.2 kB/s eta 0:00:00
Collecting py>=1.4.17
  Downloading py-1.11.0-py2.py3-none-any.whl (98 kB)
     â”â”â”â”â”â”â”â”â”â”â”â”â”â”â”â”â”â”â”â”â”â”â”â”â”â”â”â”â”â”â”â”â”â”â”â”â”â”â”â” 98.7/98.7 KB 4.5 MB/s eta 0:00:00
Collecting filelock>=3.0.0
  Downloading filelock-3.6.0-py3-none-any.whl (10.0 kB)
Collecting virtualenv!=20.0.0,!=20.0.1,!=20.0.2,!=20.0.3,!=20.0.4,!=20.0.5,!=20.0.6,!=20.0.7,>=16.0.0
  Downloading virtualenv-20.14.1-py2.py3-none-any.whl (8.8 MB)
     â”â”â”â”â”â”â”â”â”â”â”â”â”â”â”â”â”â”â”â”â”â”â”â”â”â”â”â”â”â”â”â”â”â”â”â”â”â”â”â” 8.8/8.8 MB 9.4 MB/s eta 0:00:00
Collecting six>=1.14.0
  Downloading six-1.16.0-py2.py3-none-any.whl (11 kB)
Collecting pluggy>=0.12.0
  Downloading pluggy-1.0.0-py2.py3-none-any.whl (13 kB)
Collecting packaging>=14
  Downloading packaging-21.3-py3-none-any.whl (40 kB)
     â”â”â”â”â”â”â”â”â”â”â”â”â”â”â”â”â”â”â”â”â”â”â”â”â”â”â”â”â”â”â”â”â”â”â”â”â”â”â”â” 40.8/40.8 KB 3.4 MB/s eta 0:00:00
Collecting toml>=0.9.4
  Downloading toml-0.10.2-py2.py3-none-any.whl (16 kB)
Collecting itsdangerous>=2.0
  Downloading itsdangerous-2.1.2-py3-none-any.whl (15 kB)
Collecting click>=8.0
  Downloading click-8.1.2-py3-none-any.whl (96 kB)
     â”â”â”â”â”â”â”â”â”â”â”â”â”â”â”â”â”â”â”â”â”â”â”â”â”â”â”â”â”â”â”â”â”â”â”â”â”â”â”â” 96.6/96.6 KB 7.1 MB/s eta 0:00:00
Collecting Werkzeug>=2.0
  Downloading Werkzeug-2.1.1-py3-none-any.whl (224 kB)
     â”â”â”â”â”â”â”â”â”â”â”â”â”â”â”â”â”â”â”â”â”â”â”â”â”â”â”â”â”â”â”â”â”â”â”â”â”â” 224.7/224.7 KB 10.7 MB/s eta 0:00:00
Collecting Jinja2>=3.0
  Downloading Jinja2-3.1.1-py3-none-any.whl (132 kB)
     â”â”â”â”â”â”â”â”â”â”â”â”â”â”â”â”â”â”â”â”â”â”â”â”â”â”â”â”â”â”â”â”â”â”â”â”â”â”â” 132.6/132.6 KB 5.8 MB/s eta 0:00:00
Collecting MarkupSafe>=2.0
  Downloading MarkupSafe-2.1.1-cp310-cp310-manylinux_2_17_x86_64.manylinux2014_x86_64.whl (25 kB)
Collecting pyparsing!=3.0.5,>=2.0.2
  Downloading pyparsing-3.0.8-py3-none-any.whl (98 kB)
     â”â”â”â”â”â”â”â”â”â”â”â”â”â”â”â”â”â”â”â”â”â”â”â”â”â”â”â”â”â”â”â”â”â”â”â”â”â”â”â” 98.5/98.5 KB 5.7 MB/s eta 0:00:00
Collecting distlib<1,>=0.3.1
  Downloading distlib-0.3.4-py2.py3-none-any.whl (461 kB)
     â”â”â”â”â”â”â”â”â”â”â”â”â”â”â”â”â”â”â”â”â”â”â”â”â”â”â”â”â”â”â”â”â”â”â”â”â”â” 461.2/461.2 KB 11.2 MB/s eta 0:00:00
Collecting platformdirs<3,>=2
  Downloading platformdirs-2.5.2-py3-none-any.whl (14 kB)
Installing collected packages: distlib, Werkzeug, waitress, toml, six, pyparsing, py, pluggy, platformdirs, MarkupSafe, itsdangerous, filelock, click, virtualenv, packaging, Jinja2, tox, flask
Successfully installed Jinja2-3.1.1 MarkupSafe-2.1.1 Werkzeug-2.1.1 click-8.1.2 distlib-0.3.4 filelock-3.6.0 flask-2.1.1 itsdangerous-2.1.2 packaging-21.3 platformdirs-2.5.2 pluggy-1.0.0 py-1.11.0 pyparsing-3.0.8 six-1.16.0 toml-0.10.2 tox-3.25.0 virtualenv-20.14.1 waitress-2.1.1
Removing intermediate container 372f07be9fa4
 ---> 32f0dcd33b54
Step 11/45 : FROM openfaas/of-watchdog:0.7.7 as watchdog
 ---> d0f9fd4de119
Step 12/45 : FROM python:slim-buster
 ---> bd4897b280b1
Step 13/45 : COPY --from=watchdog /fwatchdog /usr/bin/fwatchdog
 ---> Using cache
 ---> 14a5d22aa53a
Step 14/45 : RUN chmod +x /usr/bin/fwatchdog
 ---> Using cache
 ---> 97cce00ed014
Step 15/45 : ARG FUNCTION_DIR
 ---> Running in 2196ba686308
Removing intermediate container 2196ba686308
 ---> eeffcf4fa3bc
Step 16/45 : ARG ADDITIONAL_PACKAGE
 ---> Running in 416a647aa25a
Removing intermediate container 416a647aa25a
 ---> 88827be54861
Step 17/45 : RUN apt-get -qy update && 	apt-get -qy install gcc make ${ADDITIONAL_PACKAGE} && 	rm -rf /var/lib/apt/lists/*
 ---> Running in 2a27833cd9c1
Get:1 http://security.debian.org/debian-security buster/updates InRelease [65.4 kB]
Get:2 http://deb.debian.org/debian buster InRelease [122 kB]
Get:3 http://deb.debian.org/debian buster-updates InRelease [51.9 kB]
Get:4 http://security.debian.org/debian-security buster/updates/main amd64 Packages [318 kB]
Get:5 http://deb.debian.org/debian buster/main amd64 Packages [7911 kB]
Get:6 http://deb.debian.org/debian buster-updates/main amd64 Packages [8796 B]
Fetched 8477 kB in 5s (1875 kB/s)
Reading package lists...
Reading package lists...
Building dependency tree...
Reading state information...
The following additional packages will be installed:
  binutils binutils-common binutils-x86-64-linux-gnu cpp cpp-8 gcc-8 libasan5
  libatomic1 libbinutils libc-dev-bin libc6-dev libcc1-0 libgcc-8-dev libgomp1
  libisl19 libitm1 liblsan0 libmpc3 libmpfr6 libmpx2 libquadmath0 libtsan0
  libubsan1 linux-libc-dev manpages manpages-dev
Suggested packages:
  binutils-doc cpp-doc gcc-8-locales gcc-multilib autoconf automake libtool
  flex bison gdb gcc-doc gcc-8-multilib gcc-8-doc libgcc1-dbg libgomp1-dbg
  libitm1-dbg libatomic1-dbg libasan5-dbg liblsan0-dbg libtsan0-dbg
  libubsan1-dbg libmpx2-dbg libquadmath0-dbg glibc-doc make-doc man-browser
The following NEW packages will be installed:
  binutils binutils-common binutils-x86-64-linux-gnu cpp cpp-8 gcc gcc-8
  libasan5 libatomic1 libbinutils libc-dev-bin libc6-dev libcc1-0 libgcc-8-dev
  libgomp1 libisl19 libitm1 liblsan0 libmpc3 libmpfr6 libmpx2 libquadmath0
  libtsan0 libubsan1 linux-libc-dev make manpages manpages-dev
0 upgraded, 28 newly installed, 0 to remove and 2 not upgraded.
Need to get 36.1 MB of archives.
After this operation, 137 MB of additional disk space will be used.
Get:1 http://deb.debian.org/debian buster/main amd64 manpages all 4.16-2 [1295 kB]
Get:2 http://deb.debian.org/debian buster/main amd64 binutils-common amd64 2.31.1-16 [2073 kB]
Get:3 http://deb.debian.org/debian buster/main amd64 libbinutils amd64 2.31.1-16 [478 kB]
Get:4 http://deb.debian.org/debian buster/main amd64 binutils-x86-64-linux-gnu amd64 2.31.1-16 [1823 kB]
Get:5 http://deb.debian.org/debian buster/main amd64 binutils amd64 2.31.1-16 [56.8 kB]
Get:6 http://deb.debian.org/debian buster/main amd64 libisl19 amd64 0.20-2 [587 kB]
Get:7 http://deb.debian.org/debian buster/main amd64 libmpfr6 amd64 4.0.2-1 [775 kB]
Get:8 http://deb.debian.org/debian buster/main amd64 libmpc3 amd64 1.1.0-1 [41.3 kB]
Get:9 http://deb.debian.org/debian buster/main amd64 cpp-8 amd64 8.3.0-6 [8914 kB]
Get:10 http://deb.debian.org/debian buster/main amd64 cpp amd64 4:8.3.0-1 [19.4 kB]
Get:11 http://deb.debian.org/debian buster/main amd64 libcc1-0 amd64 8.3.0-6 [46.6 kB]
Get:12 http://deb.debian.org/debian buster/main amd64 libgomp1 amd64 8.3.0-6 [75.8 kB]
Get:13 http://deb.debian.org/debian buster/main amd64 libitm1 amd64 8.3.0-6 [27.7 kB]
Get:14 http://deb.debian.org/debian buster/main amd64 libatomic1 amd64 8.3.0-6 [9032 B]
Get:15 http://deb.debian.org/debian buster/main amd64 libasan5 amd64 8.3.0-6 [362 kB]
Get:16 http://deb.debian.org/debian buster/main amd64 liblsan0 amd64 8.3.0-6 [131 kB]
Get:17 http://deb.debian.org/debian buster/main amd64 libtsan0 amd64 8.3.0-6 [283 kB]
Get:18 http://deb.debian.org/debian buster/main amd64 libubsan1 amd64 8.3.0-6 [120 kB]
Get:19 http://deb.debian.org/debian buster/main amd64 libmpx2 amd64 8.3.0-6 [11.4 kB]
Get:20 http://deb.debian.org/debian buster/main amd64 libquadmath0 amd64 8.3.0-6 [133 kB]
Get:21 http://deb.debian.org/debian buster/main amd64 libgcc-8-dev amd64 8.3.0-6 [2298 kB]
Get:22 http://deb.debian.org/debian buster/main amd64 gcc-8 amd64 8.3.0-6 [9452 kB]
Get:23 http://deb.debian.org/debian buster/main amd64 gcc amd64 4:8.3.0-1 [5196 B]
Get:24 http://deb.debian.org/debian buster/main amd64 libc-dev-bin amd64 2.28-10+deb10u1 [276 kB]
Get:25 http://deb.debian.org/debian buster/main amd64 linux-libc-dev amd64 4.19.235-1 [1510 kB]
Get:26 http://deb.debian.org/debian buster/main amd64 libc6-dev amd64 2.28-10+deb10u1 [2692 kB]
Get:27 http://deb.debian.org/debian buster/main amd64 make amd64 4.2.1-1.2 [341 kB]
Get:28 http://deb.debian.org/debian buster/main amd64 manpages-dev all 4.16-2 [2232 kB]
[91mdebconf: delaying package configuration, since apt-utils is not installed
[0mFetched 36.1 MB in 3s (11.5 MB/s)
Selecting previously unselected package manpages.
(Reading database ... (Reading database ... 5%(Reading database ... 10%(Reading database ... 15%(Reading database ... 20%(Reading database ... 25%(Reading database ... 30%(Reading database ... 35%(Reading database ... 40%(Reading database ... 45%(Reading database ... 50%(Reading database ... 55%(Reading database ... 60%(Reading database ... 65%(Reading database ... 70%(Reading database ... 75%(Reading database ... 80%(Reading database ... 85%(Reading database ... 90%(Reading database ... 95%(Reading database ... 100%(Reading database ... 6840 files and directories currently installed.)
Preparing to unpack .../00-manpages_4.16-2_all.deb ...
Unpacking manpages (4.16-2) ...
Selecting previously unselected package binutils-common:amd64.
Preparing to unpack .../01-binutils-common_2.31.1-16_amd64.deb ...
Unpacking binutils-common:amd64 (2.31.1-16) ...
Selecting previously unselected package libbinutils:amd64.
Preparing to unpack .../02-libbinutils_2.31.1-16_amd64.deb ...
Unpacking libbinutils:amd64 (2.31.1-16) ...
Selecting previously unselected package binutils-x86-64-linux-gnu.
Preparing to unpack .../03-binutils-x86-64-linux-gnu_2.31.1-16_amd64.deb ...
Unpacking binutils-x86-64-linux-gnu (2.31.1-16) ...
Selecting previously unselected package binutils.
Preparing to unpack .../04-binutils_2.31.1-16_amd64.deb ...
Unpacking binutils (2.31.1-16) ...
Selecting previously unselected package libisl19:amd64.
Preparing to unpack .../05-libisl19_0.20-2_amd64.deb ...
Unpacking libisl19:amd64 (0.20-2) ...
Selecting previously unselected package libmpfr6:amd64.
Preparing to unpack .../06-libmpfr6_4.0.2-1_amd64.deb ...
Unpacking libmpfr6:amd64 (4.0.2-1) ...
Selecting previously unselected package libmpc3:amd64.
Preparing to unpack .../07-libmpc3_1.1.0-1_amd64.deb ...
Unpacking libmpc3:amd64 (1.1.0-1) ...
Selecting previously unselected package cpp-8.
Preparing to unpack .../08-cpp-8_8.3.0-6_amd64.deb ...
Unpacking cpp-8 (8.3.0-6) ...
Selecting previously unselected package cpp.
Preparing to unpack .../09-cpp_4%3a8.3.0-1_amd64.deb ...
Unpacking cpp (4:8.3.0-1) ...
Selecting previously unselected package libcc1-0:amd64.
Preparing to unpack .../10-libcc1-0_8.3.0-6_amd64.deb ...
Unpacking libcc1-0:amd64 (8.3.0-6) ...
Selecting previously unselected package libgomp1:amd64.
Preparing to unpack .../11-libgomp1_8.3.0-6_amd64.deb ...
Unpacking libgomp1:amd64 (8.3.0-6) ...
Selecting previously unselected package libitm1:amd64.
Preparing to unpack .../12-libitm1_8.3.0-6_amd64.deb ...
Unpacking libitm1:amd64 (8.3.0-6) ...
Selecting previously unselected package libatomic1:amd64.
Preparing to unpack .../13-libatomic1_8.3.0-6_amd64.deb ...
Unpacking libatomic1:amd64 (8.3.0-6) ...
Selecting previously unselected package libasan5:amd64.
Preparing to unpack .../14-libasan5_8.3.0-6_amd64.deb ...
Unpacking libasan5:amd64 (8.3.0-6) ...
Selecting previously unselected package liblsan0:amd64.
Preparing to unpack .../15-liblsan0_8.3.0-6_amd64.deb ...
Unpacking liblsan0:amd64 (8.3.0-6) ...
Selecting previously unselected package libtsan0:amd64.
Preparing to unpack .../16-libtsan0_8.3.0-6_amd64.deb ...
Unpacking libtsan0:amd64 (8.3.0-6) ...
Selecting previously unselected package libubsan1:amd64.
Preparing to unpack .../17-libubsan1_8.3.0-6_amd64.deb ...
Unpacking libubsan1:amd64 (8.3.0-6) ...
Selecting previously unselected package libmpx2:amd64.
Preparing to unpack .../18-libmpx2_8.3.0-6_amd64.deb ...
Unpacking libmpx2:amd64 (8.3.0-6) ...
Selecting previously unselected package libquadmath0:amd64.
Preparing to unpack .../19-libquadmath0_8.3.0-6_amd64.deb ...
Unpacking libquadmath0:amd64 (8.3.0-6) ...
Selecting previously unselected package libgcc-8-dev:amd64.
Preparing to unpack .../20-libgcc-8-dev_8.3.0-6_amd64.deb ...
Unpacking libgcc-8-dev:amd64 (8.3.0-6) ...
Selecting previously unselected package gcc-8.
Preparing to unpack .../21-gcc-8_8.3.0-6_amd64.deb ...
Unpacking gcc-8 (8.3.0-6) ...
Selecting previously unselected package gcc.
Preparing to unpack .../22-gcc_4%3a8.3.0-1_amd64.deb ...
Unpacking gcc (4:8.3.0-1) ...
Selecting previously unselected package libc-dev-bin.
Preparing to unpack .../23-libc-dev-bin_2.28-10+deb10u1_amd64.deb ...
Unpacking libc-dev-bin (2.28-10+deb10u1) ...
Selecting previously unselected package linux-libc-dev:amd64.
Preparing to unpack .../24-linux-libc-dev_4.19.235-1_amd64.deb ...
Unpacking linux-libc-dev:amd64 (4.19.235-1) ...
Selecting previously unselected package libc6-dev:amd64.
Preparing to unpack .../25-libc6-dev_2.28-10+deb10u1_amd64.deb ...
Unpacking libc6-dev:amd64 (2.28-10+deb10u1) ...
Selecting previously unselected package make.
Preparing to unpack .../26-make_4.2.1-1.2_amd64.deb ...
Unpacking make (4.2.1-1.2) ...
Selecting previously unselected package manpages-dev.
Preparing to unpack .../27-manpages-dev_4.16-2_all.deb ...
Unpacking manpages-dev (4.16-2) ...
Setting up manpages (4.16-2) ...
Setting up binutils-common:amd64 (2.31.1-16) ...
Setting up linux-libc-dev:amd64 (4.19.235-1) ...
Setting up libgomp1:amd64 (8.3.0-6) ...
Setting up libasan5:amd64 (8.3.0-6) ...
Setting up make (4.2.1-1.2) ...
Setting up libmpfr6:amd64 (4.0.2-1) ...
Setting up libquadmath0:amd64 (8.3.0-6) ...
Setting up libmpc3:amd64 (1.1.0-1) ...
Setting up libatomic1:amd64 (8.3.0-6) ...
Setting up libmpx2:amd64 (8.3.0-6) ...
Setting up libubsan1:amd64 (8.3.0-6) ...
Setting up libisl19:amd64 (0.20-2) ...
Setting up libbinutils:amd64 (2.31.1-16) ...
Setting up cpp-8 (8.3.0-6) ...
Setting up libc-dev-bin (2.28-10+deb10u1) ...
Setting up libcc1-0:amd64 (8.3.0-6) ...
Setting up liblsan0:amd64 (8.3.0-6) ...
Setting up libitm1:amd64 (8.3.0-6) ...
Setting up binutils-x86-64-linux-gnu (2.31.1-16) ...
Setting up libtsan0:amd64 (8.3.0-6) ...
Setting up manpages-dev (4.16-2) ...
Setting up binutils (2.31.1-16) ...
Setting up libgcc-8-dev:amd64 (8.3.0-6) ...
Setting up cpp (4:8.3.0-1) ...
Setting up libc6-dev:amd64 (2.28-10+deb10u1) ...
Setting up gcc-8 (8.3.0-6) ...
Setting up gcc (4:8.3.0-1) ...
Processing triggers for libc-bin (2.28-10+deb10u1) ...
Removing intermediate container 2a27833cd9c1
 ---> 6169aaeb44c2
Step 18/45 : RUN addgroup --system app && adduser app --system --ingroup app
 ---> Running in 97d6824314fa
Adding group `app' (GID 101) ...
Done.
Adding system user `app' (UID 101) ...
Adding new user `app' (UID 101) with group `app' ...
Creating home directory `/home/app' ...
Removing intermediate container 97d6824314fa
 ---> b74d6bbc83bc
Step 19/45 : RUN chown app /home/app
 ---> Running in 3ec3c1b59882
Removing intermediate container 3ec3c1b59882
 ---> 3adc2f886bf6
Step 20/45 : USER app
 ---> Running in 561958870b8d
Removing intermediate container 561958870b8d
 ---> 2c81742404dc
Step 21/45 : ENV PATH=$PATH:/home/app/.local/bin
 ---> Running in 10b81b10c2d2
Removing intermediate container 10b81b10c2d2
 ---> 0d54651d45b4
Step 22/45 : WORKDIR /home/app/
 ---> Running in 192d494ed9ae
Removing intermediate container 192d494ed9ae
 ---> 35f471e79de1
Step 23/45 : COPY index.py .
 ---> edb133c7a742
Step 24/45 : COPY requirements.txt .
 ---> cf324f92f894
Step 25/45 : USER root
 ---> Running in 2e8634b98698
Removing intermediate container 2e8634b98698
 ---> 5300c176035b
Step 26/45 : RUN pip install -r requirements.txt
 ---> Running in 414bf3919485
Collecting flask
  Downloading Flask-2.1.1-py3-none-any.whl (95 kB)
     â”â”â”â”â”â”â”â”â”â”â”â”â”â”â”â”â”â”â”â”â”â”â”â”â”â”â”â”â”â”â”â”â”â”â”â”â”â”â”â” 95.2/95.2 KB 2.6 MB/s eta 0:00:00
Collecting waitress
  Downloading waitress-2.1.1-py3-none-any.whl (57 kB)
     â”â”â”â”â”â”â”â”â”â”â”â”â”â”â”â”â”â”â”â”â”â”â”â”â”â”â”â”â”â”â”â”â”â”â”â”â”â”â”â” 57.3/57.3 KB 3.3 MB/s eta 0:00:00
Collecting tox==3.*
  Downloading tox-3.25.0-py2.py3-none-any.whl (85 kB)
     â”â”â”â”â”â”â”â”â”â”â”â”â”â”â”â”â”â”â”â”â”â”â”â”â”â”â”â”â”â”â”â”â”â”â”â”â”â”â”â” 85.9/85.9 KB 6.2 MB/s eta 0:00:00
Collecting pluggy>=0.12.0
  Downloading pluggy-1.0.0-py2.py3-none-any.whl (13 kB)
Collecting virtualenv!=20.0.0,!=20.0.1,!=20.0.2,!=20.0.3,!=20.0.4,!=20.0.5,!=20.0.6,!=20.0.7,>=16.0.0
  Downloading virtualenv-20.14.1-py2.py3-none-any.whl (8.8 MB)
     â”â”â”â”â”â”â”â”â”â”â”â”â”â”â”â”â”â”â”â”â”â”â”â”â”â”â”â”â”â”â”â”â”â”â”â”â”â”â”â” 8.8/8.8 MB 13.4 MB/s eta 0:00:00
Collecting six>=1.14.0
  Downloading six-1.16.0-py2.py3-none-any.whl (11 kB)
Collecting py>=1.4.17
  Downloading py-1.11.0-py2.py3-none-any.whl (98 kB)
     â”â”â”â”â”â”â”â”â”â”â”â”â”â”â”â”â”â”â”â”â”â”â”â”â”â”â”â”â”â”â”â”â”â”â”â”â”â”â”â” 98.7/98.7 KB 2.9 MB/s eta 0:00:00
Collecting toml>=0.9.4
  Downloading toml-0.10.2-py2.py3-none-any.whl (16 kB)
Collecting packaging>=14
  Downloading packaging-21.3-py3-none-any.whl (40 kB)
     â”â”â”â”â”â”â”â”â”â”â”â”â”â”â”â”â”â”â”â”â”â”â”â”â”â”â”â”â”â”â”â”â”â”â”â”â”â”â”â” 40.8/40.8 KB 2.8 MB/s eta 0:00:00
Collecting filelock>=3.0.0
  Downloading filelock-3.6.0-py3-none-any.whl (10.0 kB)
Collecting Jinja2>=3.0
  Downloading Jinja2-3.1.1-py3-none-any.whl (132 kB)
     â”â”â”â”â”â”â”â”â”â”â”â”â”â”â”â”â”â”â”â”â”â”â”â”â”â”â”â”â”â”â”â”â”â”â”â”â”â”â” 132.6/132.6 KB 7.4 MB/s eta 0:00:00
Collecting itsdangerous>=2.0
  Downloading itsdangerous-2.1.2-py3-none-any.whl (15 kB)
Collecting click>=8.0
  Downloading click-8.1.2-py3-none-any.whl (96 kB)
     â”â”â”â”â”â”â”â”â”â”â”â”â”â”â”â”â”â”â”â”â”â”â”â”â”â”â”â”â”â”â”â”â”â”â”â”â”â”â”â” 96.6/96.6 KB 6.8 MB/s eta 0:00:00
Collecting Werkzeug>=2.0
  Downloading Werkzeug-2.1.1-py3-none-any.whl (224 kB)
     â”â”â”â”â”â”â”â”â”â”â”â”â”â”â”â”â”â”â”â”â”â”â”â”â”â”â”â”â”â”â”â”â”â”â”â”â”â” 224.7/224.7 KB 10.4 MB/s eta 0:00:00
Collecting MarkupSafe>=2.0
  Downloading MarkupSafe-2.1.1-cp310-cp310-manylinux_2_17_x86_64.manylinux2014_x86_64.whl (25 kB)
Collecting pyparsing!=3.0.5,>=2.0.2
  Downloading pyparsing-3.0.8-py3-none-any.whl (98 kB)
     â”â”â”â”â”â”â”â”â”â”â”â”â”â”â”â”â”â”â”â”â”â”â”â”â”â”â”â”â”â”â”â”â”â”â”â”â”â”â”â” 98.5/98.5 KB 7.7 MB/s eta 0:00:00
Collecting platformdirs<3,>=2
  Downloading platformdirs-2.5.2-py3-none-any.whl (14 kB)
Collecting distlib<1,>=0.3.1
  Downloading distlib-0.3.4-py2.py3-none-any.whl (461 kB)
     â”â”â”â”â”â”â”â”â”â”â”â”â”â”â”â”â”â”â”â”â”â”â”â”â”â”â”â”â”â”â”â”â”â”â”â”â”â” 461.2/461.2 KB 11.7 MB/s eta 0:00:00
Installing collected packages: distlib, Werkzeug, waitress, toml, six, pyparsing, py, pluggy, platformdirs, MarkupSafe, itsdangerous, filelock, click, virtualenv, packaging, Jinja2, tox, flask
Successfully installed Jinja2-3.1.1 MarkupSafe-2.1.1 Werkzeug-2.1.1 click-8.1.2 distlib-0.3.4 filelock-3.6.0 flask-2.1.1 itsdangerous-2.1.2 packaging-21.3 platformdirs-2.5.2 pluggy-1.0.0 py-1.11.0 pyparsing-3.0.8 six-1.16.0 toml-0.10.2 tox-3.25.0 virtualenv-20.14.1 waitress-2.1.1
[91mWARNING: Running pip as the 'root' user can result in broken permissions and conflicting behaviour with the system package manager. It is recommended to use a virtual environment instead: https://pip.pypa.io/warnings/venv
[0mRemoving intermediate container 414bf3919485
 ---> 157ae655b69e
Step 27/45 : USER app
 ---> Running in b53768bd362a
Removing intermediate container b53768bd362a
 ---> 2fa578c45656
Step 28/45 : COPY --from=build-image ${FUNCTION_DIR} ${FUNCTION_DIR}
 ---> de01cfbc90d1
Step 29/45 : RUN mkdir -p /home/app/function
 ---> Running in 5f24ac245aad
Removing intermediate container 5f24ac245aad
 ---> b48222ba944c
Step 30/45 : WORKDIR /home/app/function/
 ---> Running in edbd202088f4
Removing intermediate container edbd202088f4
 ---> 8a51c415e3d5
Step 31/45 : ENV NLTK_DATA=/home/app/function/nltk_data
 ---> Running in 49648c679dc2
Removing intermediate container 49648c679dc2
 ---> a25aec4bfedb
Step 32/45 : USER root
 ---> Running in 2cd2c2b9a161
Removing intermediate container 2cd2c2b9a161
 ---> 2cfb685b48a8
Step 33/45 : COPY function/ .
 ---> 12f75019d233
Step 34/45 : RUN chown -R app:app ../
 ---> Running in 68a18ce4091c
Removing intermediate container 68a18ce4091c
 ---> 76fdb7effcfb
Step 35/45 : ARG TEST_COMMAND=tox
 ---> Running in 2e4f48dda8c2
Removing intermediate container 2e4f48dda8c2
 ---> 6e78fdca2eb1
Step 36/45 : ARG TEST_ENABLED=true
 ---> Running in 747525626a1c
Removing intermediate container 747525626a1c
 ---> 7d2dc84b44cd
Step 37/45 : RUN if [ "$TEST_ENABLED" = "false" ]; then     echo "skipping tests";     else     eval "$TEST_COMMAND";     fi
 ---> Running in b12103493dbf
lint create: /home/app/function/.tox/lint
lint installdeps: flake8
lint installed: flake8==4.0.1,mccabe==0.6.1,pycodestyle==2.8.0,pyflakes==2.4.0
lint run-test-pre: PYTHONHASHSEED='3167718779'
lint run-test: commands[0] | flake8 .
0
test create: /home/app/function/.tox/test
test installdeps: flask, pytest, -rrequirements.txt
ERROR: invocation failed (exit code 1), logfile: /home/app/function/.tox/test/log/test-1.log
================================== log start ===================================
Collecting flask
  Using cached Flask-2.1.1-py3-none-any.whl (95 kB)
Collecting pytest
  Downloading pytest-7.1.1-py3-none-any.whl (297 kB)
     â”â”â”â”â”â”â”â”â”â”â”â”â”â”â”â”â”â”â”â”â”â”â”â”â”â”â”â”â”â”â”â”â”â”â”â”â”â”â” 297.0/297.0 KB 4.6 MB/s eta 0:00:00
Collecting boto3==1.20.17
  Downloading boto3-1.20.17-py3-none-any.whl (131 kB)
     â”â”â”â”â”â”â”â”â”â”â”â”â”â”â”â”â”â”â”â”â”â”â”â”â”â”â”â”â”â”â”â”â”â”â”â”â”â”â” 131.8/131.8 KB 5.5 MB/s eta 0:00:00
Collecting botocore==1.23.17
  Downloading botocore-1.23.17-py3-none-any.whl (8.4 MB)
     â”â”â”â”â”â”â”â”â”â”â”â”â”â”â”â”â”â”â”â”â”â”â”â”â”â”â”â”â”â”â”â”â”â”â”â”â”â”â”â” 8.4/8.4 MB 13.5 MB/s eta 0:00:00
Collecting click==8.0.3
  Downloading click-8.0.3-py3-none-any.whl (97 kB)
     â”â”â”â”â”â”â”â”â”â”â”â”â”â”â”â”â”â”â”â”â”â”â”â”â”â”â”â”â”â”â”â”â”â”â”â”â”â”â”â” 97.5/97.5 KB 7.9 MB/s eta 0:00:00
Collecting gensim==4.1.2
  Downloading gensim-4.1.2.tar.gz (23.2 MB)
     â”â”â”â”â”â”â”â”â”â”â”â”â”â”â”â”â”â”â”â”â”â”â”â”â”â”â”â”â”â”â”â”â”â”â”â”â”â”â”â” 23.2/23.2 MB 10.9 MB/s eta 0:00:00
  Preparing metadata (setup.py): started
  Preparing metadata (setup.py): finished with status 'done'
Collecting jmespath==0.10.0
  Downloading jmespath-0.10.0-py2.py3-none-any.whl (24 kB)
Collecting joblib==1.1.0
  Downloading joblib-1.1.0-py2.py3-none-any.whl (306 kB)
     â”â”â”â”â”â”â”â”â”â”â”â”â”â”â”â”â”â”â”â”â”â”â”â”â”â”â”â”â”â”â”â”â”â”â”â”â”â”â” 307.0/307.0 KB 7.2 MB/s eta 0:00:00
Collecting nltk==3.6.5
  Downloading nltk-3.6.5-py3-none-any.whl (1.5 MB)
     â”â”â”â”â”â”â”â”â”â”â”â”â”â”â”â”â”â”â”â”â”â”â”â”â”â”â”â”â”â”â”â”â”â”â”â”â”â”â”â” 1.5/1.5 MB 13.1 MB/s eta 0:00:00
Collecting numpy==1.22.1
  Downloading numpy-1.22.1-cp310-cp310-manylinux_2_17_x86_64.manylinux2014_x86_64.whl (16.8 MB)
     â”â”â”â”â”â”â”â”â”â”â”â”â”â”â”â”â”â”â”â”â”â”â”â”â”â”â”â”â”â”â”â”â”â”â”â”â”â”â”â” 16.8/16.8 MB 8.2 MB/s eta 0:00:00
Collecting pandas==1.3.4
  Downloading pandas-1.3.4-cp310-cp310-manylinux_2_17_x86_64.manylinux2014_x86_64.whl (11.5 MB)
     â”â”â”â”â”â”â”â”â”â”â”â”â”â”â”â”â”â”â”â”â”â”â”â”â”â”â”â”â”â”â”â”â”â”â”â”â”â”â”â” 11.5/11.5 MB 12.1 MB/s eta 0:00:00
Collecting python-dateutil==2.8.2
  Downloading python_dateutil-2.8.2-py2.py3-none-any.whl (247 kB)
     â”â”â”â”â”â”â”â”â”â”â”â”â”â”â”â”â”â”â”â”â”â”â”â”â”â”â”â”â”â”â”â”â”â”â”â”â”â” 247.7/247.7 KB 14.7 MB/s eta 0:00:00
Collecting pytz==2021.3
  Downloading pytz-2021.3-py2.py3-none-any.whl (503 kB)
     â”â”â”â”â”â”â”â”â”â”â”â”â”â”â”â”â”â”â”â”â”â”â”â”â”â”â”â”â”â”â”â”â”â”â”â”â”â” 503.5/503.5 KB 11.3 MB/s eta 0:00:00
Collecting regex==2021.11.10
  Downloading regex-2021.11.10-cp310-cp310-manylinux_2_17_x86_64.manylinux2014_x86_64.whl (764 kB)
     â”â”â”â”â”â”â”â”â”â”â”â”â”â”â”â”â”â”â”â”â”â”â”â”â”â”â”â”â”â”â”â”â”â”â”â”â”â”â” 764.0/764.0 KB 9.7 MB/s eta 0:00:00
Collecting s3transfer==0.5.0
  Downloading s3transfer-0.5.0-py3-none-any.whl (79 kB)
     â”â”â”â”â”â”â”â”â”â”â”â”â”â”â”â”â”â”â”â”â”â”â”â”â”â”â”â”â”â”â”â”â”â”â”â”â”â”â”â” 79.2/79.2 KB 4.2 MB/s eta 0:00:00
Collecting scipy==1.7.3
  Downloading scipy-1.7.3-cp310-cp310-manylinux_2_17_x86_64.manylinux2014_x86_64.whl (39.9 MB)
     â”â”â”â”â”â”â”â”â”â”â”â”â”â”â”â”â”â”â”â”â”â”â”â”â”â”â”â”â”â”â”â”â”â”â”â”â”â”â”â” 39.9/39.9 MB 4.3 MB/s eta 0:00:00
Collecting simplejson==3.17.2
  Downloading simplejson-3.17.2.tar.gz (83 kB)
     â”â”â”â”â”â”â”â”â”â”â”â”â”â”â”â”â”â”â”â”â”â”â”â”â”â”â”â”â”â”â”â”â”â”â”â”â”â”â”â” 83.2/83.2 KB 3.3 MB/s eta 0:00:00
  Preparing metadata (setup.py): started
  Preparing metadata (setup.py): finished with status 'done'
Collecting six==1.16.0
  Using cached six-1.16.0-py2.py3-none-any.whl (11 kB)
Collecting smart-open==5.2.1
  Downloading smart_open-5.2.1-py3-none-any.whl (58 kB)
     â”â”â”â”â”â”â”â”â”â”â”â”â”â”â”â”â”â”â”â”â”â”â”â”â”â”â”â”â”â”â”â”â”â”â”â”â”â”â”â” 58.6/58.6 KB 4.3 MB/s eta 0:00:00
Collecting tqdm==4.62.3
  Downloading tqdm-4.62.3-py2.py3-none-any.whl (76 kB)
     â”â”â”â”â”â”â”â”â”â”â”â”â”â”â”â”â”â”â”â”â”â”â”â”â”â”â”â”â”â”â”â”â”â”â”â”â”â”â”â” 76.2/76.2 KB 5.6 MB/s eta 0:00:00
Collecting urllib3==1.26.7
  Downloading urllib3-1.26.7-py2.py3-none-any.whl (138 kB)
     â”â”â”â”â”â”â”â”â”â”â”â”â”â”â”â”â”â”â”â”â”â”â”â”â”â”â”â”â”â”â”â”â”â”â”â”â”â”â” 138.8/138.8 KB 7.6 MB/s eta 0:00:00
Collecting itsdangerous>=2.0
  Using cached itsdangerous-2.1.2-py3-none-any.whl (15 kB)
Collecting Jinja2>=3.0
  Using cached Jinja2-3.1.1-py3-none-any.whl (132 kB)
Collecting Werkzeug>=2.0
  Using cached Werkzeug-2.1.1-py3-none-any.whl (224 kB)
Collecting py>=1.8.2
  Using cached py-1.11.0-py2.py3-none-any.whl (98 kB)
Collecting pluggy<2.0,>=0.12
  Using cached pluggy-1.0.0-py2.py3-none-any.whl (13 kB)
Collecting iniconfig
  Downloading iniconfig-1.1.1-py2.py3-none-any.whl (5.0 kB)
Collecting packaging
  Using cached packaging-21.3-py3-none-any.whl (40 kB)
Collecting attrs>=19.2.0
  Downloading attrs-21.4.0-py2.py3-none-any.whl (60 kB)
     â”â”â”â”â”â”â”â”â”â”â”â”â”â”â”â”â”â”â”â”â”â”â”â”â”â”â”â”â”â”â”â”â”â”â”â”â”â”â”â” 60.6/60.6 KB 5.2 MB/s eta 0:00:00
Collecting tomli>=1.0.0
  Downloading tomli-2.0.1-py3-none-any.whl (12 kB)
Collecting MarkupSafe>=2.0
  Using cached MarkupSafe-2.1.1-cp310-cp310-manylinux_2_17_x86_64.manylinux2014_x86_64.whl (25 kB)
Collecting pyparsing!=3.0.5,>=2.0.2
  Using cached pyparsing-3.0.8-py3-none-any.whl (98 kB)
Building wheels for collected packages: gensim, simplejson
  Building wheel for gensim (setup.py): started
  Building wheel for gensim (setup.py): finished with status 'error'
  error: subprocess-exited-with-error
  
  Ã— python setup.py bdist_wheel did not run successfully.
  â”‚ exit code: 1
  â•°â”€> [478 lines of output]
      /home/app/function/.tox/test/lib/python3.10/site-packages/setuptools/installer.py:27: SetuptoolsDeprecationWarning: setuptools.installer is deprecated. Requirements should be satisfied by a PEP 517 installer.
        warnings.warn(
      running bdist_wheel
      running build
      running build_py
      creating build
      creating build/lib.linux-x86_64-cpython-310
      creating build/lib.linux-x86_64-cpython-310/gensim
      copying gensim/nosy.py -> build/lib.linux-x86_64-cpython-310/gensim
      copying gensim/utils.py -> build/lib.linux-x86_64-cpython-310/gensim
      copying gensim/interfaces.py -> build/lib.linux-x86_64-cpython-310/gensim
      copying gensim/downloader.py -> build/lib.linux-x86_64-cpython-310/gensim
      copying gensim/matutils.py -> build/lib.linux-x86_64-cpython-310/gensim
      copying gensim/__init__.py -> build/lib.linux-x86_64-cpython-310/gensim
      creating build/lib.linux-x86_64-cpython-310/gensim/similarities
      copying gensim/similarities/levenshtein.py -> build/lib.linux-x86_64-cpython-310/gensim/similarities
      copying gensim/similarities/docsim.py -> build/lib.linux-x86_64-cpython-310/gensim/similarities
      copying gensim/similarities/annoy.py -> build/lib.linux-x86_64-cpython-310/gensim/similarities
      copying gensim/similarities/termsim.py -> build/lib.linux-x86_64-cpython-310/gensim/similarities
      copying gensim/similarities/__init__.py -> build/lib.linux-x86_64-cpython-310/gensim/similarities
      copying gensim/similarities/nmslib.py -> build/lib.linux-x86_64-cpython-310/gensim/similarities
      creating build/lib.linux-x86_64-cpython-310/gensim/scripts
      copying gensim/scripts/make_wiki_online_nodebug.py -> build/lib.linux-x86_64-cpython-310/gensim/scripts
      copying gensim/scripts/benchmark.py -> build/lib.linux-x86_64-cpython-310/gensim/scripts
      copying gensim/scripts/make_wikicorpus.py -> build/lib.linux-x86_64-cpython-310/gensim/scripts
      copying gensim/scripts/make_wiki.py -> build/lib.linux-x86_64-cpython-310/gensim/scripts
      copying gensim/scripts/segment_wiki.py -> build/lib.linux-x86_64-cpython-310/gensim/scripts
      copying gensim/scripts/word2vec_standalone.py -> build/lib.linux-x86_64-cpython-310/gensim/scripts
      copying gensim/scripts/word2vec2tensor.py -> build/lib.linux-x86_64-cpython-310/gensim/scripts
      copying gensim/scripts/make_wiki_online.py -> build/lib.linux-x86_64-cpython-310/gensim/scripts
      copying gensim/scripts/package_info.py -> build/lib.linux-x86_64-cpython-310/gensim/scripts
      copying gensim/scripts/glove2word2vec.py -> build/lib.linux-x86_64-cpython-310/gensim/scripts
      copying gensim/scripts/__init__.py -> build/lib.linux-x86_64-cpython-310/gensim/scripts
      creating build/lib.linux-x86_64-cpython-310/gensim/test
      copying gensim/test/test_corpora.py -> build/lib.linux-x86_64-cpython-310/gensim/test
      copying gensim/test/test_hdpmodel.py -> build/lib.linux-x86_64-cpython-310/gensim/test
      copying gensim/test/test_direct_confirmation.py -> build/lib.linux-x86_64-cpython-310/gensim/test
      copying gensim/test/test_lsimodel.py -> build/lib.linux-x86_64-cpython-310/gensim/test
      copying gensim/test/test_atmodel.py -> build/lib.linux-x86_64-cpython-310/gensim/test
      copying gensim/test/test_text_analysis.py -> build/lib.linux-x86_64-cpython-310/gensim/test
      copying gensim/test/test_normmodel.py -> build/lib.linux-x86_64-cpython-310/gensim/test
      copying gensim/test/test_translation_matrix.py -> build/lib.linux-x86_64-cpython-310/gensim/test
      copying gensim/test/test_corpora_hashdictionary.py -> build/lib.linux-x86_64-cpython-310/gensim/test
      copying gensim/test/test_indirect_confirmation.py -> build/lib.linux-x86_64-cpython-310/gensim/test
      copying gensim/test/test_coherencemodel.py -> build/lib.linux-x86_64-cpython-310/gensim/test
      copying gensim/test/simspeed2.py -> build/lib.linux-x86_64-cpython-310/gensim/test
      copying gensim/test/utils.py -> build/lib.linux-x86_64-cpython-310/gensim/test
      copying gensim/test/test_similarity_metrics.py -> build/lib.linux-x86_64-cpython-310/gensim/test
      copying gensim/test/test_phrases.py -> build/lib.linux-x86_64-cpython-310/gensim/test
      copying gensim/test/test_logentropy_model.py -> build/lib.linux-x86_64-cpython-310/gensim/test
      copying gensim/test/test_fasttext.py -> build/lib.linux-x86_64-cpython-310/gensim/test
      copying gensim/test/test_doc2vec.py -> build/lib.linux-x86_64-cpython-310/gensim/test
      copying gensim/test/test_similarities.py -> build/lib.linux-x86_64-cpython-310/gensim/test
      copying gensim/test/test_parsing.py -> build/lib.linux-x86_64-cpython-310/gensim/test
      copying gensim/test/test_corpora_dictionary.py -> build/lib.linux-x86_64-cpython-310/gensim/test
      copying gensim/test/test_word2vec.py -> build/lib.linux-x86_64-cpython-310/gensim/test
      copying gensim/test/test_utils.py -> build/lib.linux-x86_64-cpython-310/gensim/test
      copying gensim/test/test_ensemblelda.py -> build/lib.linux-x86_64-cpython-310/gensim/test
      copying gensim/test/test_rpmodel.py -> build/lib.linux-x86_64-cpython-310/gensim/test
      copying gensim/test/test_datatype.py -> build/lib.linux-x86_64-cpython-310/gensim/test
      copying gensim/test/test_sharded_corpus.py -> build/lib.linux-x86_64-cpython-310/gensim/test
      copying gensim/test/test_ldamodel.py -> build/lib.linux-x86_64-cpython-310/gensim/test
      copying gensim/test/basetmtests.py -> build/lib.linux-x86_64-cpython-310/gensim/test
      copying gensim/test/test_probability_estimation.py -> build/lib.linux-x86_64-cpython-310/gensim/test
      copying gensim/test/svd_error.py -> build/lib.linux-x86_64-cpython-310/gensim/test
      copying gensim/test/test_segmentation.py -> build/lib.linux-x86_64-cpython-310/gensim/test
      copying gensim/test/test_miislita.py -> build/lib.linux-x86_64-cpython-310/gensim/test
      copying gensim/test/test_tfidfmodel.py -> build/lib.linux-x86_64-cpython-310/gensim/test
      copying gensim/test/test_tmdiff.py -> build/lib.linux-x86_64-cpython-310/gensim/test
      copying gensim/test/test_ldaseqmodel.py -> build/lib.linux-x86_64-cpython-310/gensim/test
      copying gensim/test/test_api.py -> build/lib.linux-x86_64-cpython-310/gensim/test
      copying gensim/test/test_aggregation.py -> build/lib.linux-x86_64-cpython-310/gensim/test
      copying gensim/test/test_nmf.py -> build/lib.linux-x86_64-cpython-310/gensim/test
      copying gensim/test/test_dtm.py -> build/lib.linux-x86_64-cpython-310/gensim/test
      copying gensim/test/test_lee.py -> build/lib.linux-x86_64-cpython-310/gensim/test
      copying gensim/test/test_matutils.py -> build/lib.linux-x86_64-cpython-310/gensim/test
      copying gensim/test/test_poincare.py -> build/lib.linux-x86_64-cpython-310/gensim/test
      copying gensim/test/__init__.py -> build/lib.linux-x86_64-cpython-310/gensim/test
      copying gensim/test/test_glove2word2vec.py -> build/lib.linux-x86_64-cpython-310/gensim/test
      copying gensim/test/test_lda_callback.py -> build/lib.linux-x86_64-cpython-310/gensim/test
      copying gensim/test/test_keyedvectors.py -> build/lib.linux-x86_64-cpython-310/gensim/test
      copying gensim/test/simspeed.py -> build/lib.linux-x86_64-cpython-310/gensim/test
      copying gensim/test/test_scripts.py -> build/lib.linux-x86_64-cpython-310/gensim/test
      copying gensim/test/test_big.py -> build/lib.linux-x86_64-cpython-310/gensim/test
      creating build/lib.linux-x86_64-cpython-310/gensim/topic_coherence
      copying gensim/topic_coherence/segmentation.py -> build/lib.linux-x86_64-cpython-310/gensim/topic_coherence
      copying gensim/topic_coherence/aggregation.py -> build/lib.linux-x86_64-cpython-310/gensim/topic_coherence
      copying gensim/topic_coherence/probability_estimation.py -> build/lib.linux-x86_64-cpython-310/gensim/topic_coherence
      copying gensim/topic_coherence/direct_confirmation_measure.py -> build/lib.linux-x86_64-cpython-310/gensim/topic_coherence
      copying gensim/topic_coherence/indirect_confirmation_measure.py -> build/lib.linux-x86_64-cpython-310/gensim/topic_coherence
      copying gensim/topic_coherence/text_analysis.py -> build/lib.linux-x86_64-cpython-310/gensim/topic_coherence
      copying gensim/topic_coherence/__init__.py -> build/lib.linux-x86_64-cpython-310/gensim/topic_coherence
      creating build/lib.linux-x86_64-cpython-310/gensim/parsing
      copying gensim/parsing/preprocessing.py -> build/lib.linux-x86_64-cpython-310/gensim/parsing
      copying gensim/parsing/porter.py -> build/lib.linux-x86_64-cpython-310/gensim/parsing
      copying gensim/parsing/__init__.py -> build/lib.linux-x86_64-cpython-310/gensim/parsing
      creating build/lib.linux-x86_64-cpython-310/gensim/corpora
      copying gensim/corpora/lowcorpus.py -> build/lib.linux-x86_64-cpython-310/gensim/corpora
      copying gensim/corpora/hashdictionary.py -> build/lib.linux-x86_64-cpython-310/gensim/corpora
      copying gensim/corpora/dictionary.py -> build/lib.linux-x86_64-cpython-310/gensim/corpora
      copying gensim/corpora/malletcorpus.py -> build/lib.linux-x86_64-cpython-310/gensim/corpora
      copying gensim/corpora/sharded_corpus.py -> build/lib.linux-x86_64-cpython-310/gensim/corpora
      copying gensim/corpora/csvcorpus.py -> build/lib.linux-x86_64-cpython-310/gensim/corpora
      copying gensim/corpora/bleicorpus.py -> build/lib.linux-x86_64-cpython-310/gensim/corpora
      copying gensim/corpora/mmcorpus.py -> build/lib.linux-x86_64-cpython-310/gensim/corpora
      copying gensim/corpora/indexedcorpus.py -> build/lib.linux-x86_64-cpython-310/gensim/corpora
      copying gensim/corpora/wikicorpus.py -> build/lib.linux-x86_64-cpython-310/gensim/corpora
      copying gensim/corpora/textcorpus.py -> build/lib.linux-x86_64-cpython-310/gensim/corpora
      copying gensim/corpora/opinosiscorpus.py -> build/lib.linux-x86_64-cpython-310/gensim/corpora
      copying gensim/corpora/svmlightcorpus.py -> build/lib.linux-x86_64-cpython-310/gensim/corpora
      copying gensim/corpora/ucicorpus.py -> build/lib.linux-x86_64-cpython-310/gensim/corpora
      copying gensim/corpora/__init__.py -> build/lib.linux-x86_64-cpython-310/gensim/corpora
      creating build/lib.linux-x86_64-cpython-310/gensim/models
      copying gensim/models/ldamodel.py -> build/lib.linux-x86_64-cpython-310/gensim/models
      copying gensim/models/callbacks.py -> build/lib.linux-x86_64-cpython-310/gensim/models
      copying gensim/models/word2vec.py -> build/lib.linux-x86_64-cpython-310/gensim/models
      copying gensim/models/ensemblelda.py -> build/lib.linux-x86_64-cpython-310/gensim/models
      copying gensim/models/ldaseqmodel.py -> build/lib.linux-x86_64-cpython-310/gensim/models
      copying gensim/models/phrases.py -> build/lib.linux-x86_64-cpython-310/gensim/models
      copying gensim/models/hdpmodel.py -> build/lib.linux-x86_64-cpython-310/gensim/models
      copying gensim/models/translation_matrix.py -> build/lib.linux-x86_64-cpython-310/gensim/models
      copying gensim/models/lsimodel.py -> build/lib.linux-x86_64-cpython-310/gensim/models
      copying gensim/models/fasttext.py -> build/lib.linux-x86_64-cpython-310/gensim/models
      copying gensim/models/lda_worker.py -> build/lib.linux-x86_64-cpython-310/gensim/models
      copying gensim/models/lsi_worker.py -> build/lib.linux-x86_64-cpython-310/gensim/models
      copying gensim/models/tfidfmodel.py -> build/lib.linux-x86_64-cpython-310/gensim/models
      copying gensim/models/ldamulticore.py -> build/lib.linux-x86_64-cpython-310/gensim/models
      copying gensim/models/rpmodel.py -> build/lib.linux-x86_64-cpython-310/gensim/models
      copying gensim/models/nmf.py -> build/lib.linux-x86_64-cpython-310/gensim/models
      copying gensim/models/logentropy_model.py -> build/lib.linux-x86_64-cpython-310/gensim/models
      copying gensim/models/poincare.py -> build/lib.linux-x86_64-cpython-310/gensim/models
      copying gensim/models/doc2vec.py -> build/lib.linux-x86_64-cpython-310/gensim/models
      copying gensim/models/basemodel.py -> build/lib.linux-x86_64-cpython-310/gensim/models
      copying gensim/models/keyedvectors.py -> build/lib.linux-x86_64-cpython-310/gensim/models
      copying gensim/models/normmodel.py -> build/lib.linux-x86_64-cpython-310/gensim/models
      copying gensim/models/lda_dispatcher.py -> build/lib.linux-x86_64-cpython-310/gensim/models
      copying gensim/models/_fasttext_bin.py -> build/lib.linux-x86_64-cpython-310/gensim/models
      copying gensim/models/__init__.py -> build/lib.linux-x86_64-cpython-310/gensim/models
      copying gensim/models/atmodel.py -> build/lib.linux-x86_64-cpython-310/gensim/models
      copying gensim/models/coherencemodel.py -> build/lib.linux-x86_64-cpython-310/gensim/models
      copying gensim/models/lsi_dispatcher.py -> build/lib.linux-x86_64-cpython-310/gensim/models
      running egg_info
      writing gensim.egg-info/PKG-INFO
      writing dependency_links to gensim.egg-info/dependency_links.txt
      writing requirements to gensim.egg-info/requires.txt
      writing top-level names to gensim.egg-info/top_level.txt
      reading manifest file 'gensim.egg-info/SOURCES.txt'
      reading manifest template 'MANIFEST.in'
      warning: no files found matching 'COPYING.LESSER'
      warning: no files found matching 'ez_setup.py'
      warning: no files found matching 'gensim/models/doc2vec_inner.c'
      adding license file 'COPYING'
      writing manifest file 'gensim.egg-info/SOURCES.txt'
      copying gensim/_matutils.c -> build/lib.linux-x86_64-cpython-310/gensim
      copying gensim/_matutils.pyx -> build/lib.linux-x86_64-cpython-310/gensim
      copying gensim/similarities/fastss.c -> build/lib.linux-x86_64-cpython-310/gensim/similarities
      creating build/lib.linux-x86_64-cpython-310/gensim/test/test_data
      copying gensim/test/test_data/EN.1-10.cbow1_wind5_hs0_neg10_size300_smpl1e-05.txt -> build/lib.linux-x86_64-cpython-310/gensim/test/test_data
      copying gensim/test/test_data/IT.1-10.cbow1_wind5_hs0_neg10_size300_smpl1e-05.txt -> build/lib.linux-x86_64-cpython-310/gensim/test/test_data
      copying gensim/test/test_data/OPUS_en_it_europarl_train_one2ten.txt -> build/lib.linux-x86_64-cpython-310/gensim/test/test_data
      copying gensim/test/test_data/alldata-id-10.txt -> build/lib.linux-x86_64-cpython-310/gensim/test/test_data
      copying gensim/test/test_data/atmodel_3_0_1_model -> build/lib.linux-x86_64-cpython-310/gensim/test/test_data
      copying gensim/test/test_data/atmodel_3_0_1_model.expElogbeta.npy -> build/lib.linux-x86_64-cpython-310/gensim/test/test_data
      copying gensim/test/test_data/atmodel_3_0_1_model.id2word -> build/lib.linux-x86_64-cpython-310/gensim/test/test_data
      copying gensim/test/test_data/atmodel_3_0_1_model.state -> build/lib.linux-x86_64-cpython-310/gensim/test/test_data
      copying gensim/test/test_data/bgwiki-latest-pages-articles-shortened.xml.bz2 -> build/lib.linux-x86_64-cpython-310/gensim/test/test_data
      copying gensim/test/test_data/compatible-hash-true.model -> build/lib.linux-x86_64-cpython-310/gensim/test/test_data
      copying gensim/test/test_data/cp852_fasttext.bin -> build/lib.linux-x86_64-cpython-310/gensim/test/test_data
      copying gensim/test/test_data/crime-and-punishment.bin -> build/lib.linux-x86_64-cpython-310/gensim/test/test_data
      copying gensim/test/test_data/crime-and-punishment.txt -> build/lib.linux-x86_64-cpython-310/gensim/test/test_data
      copying gensim/test/test_data/crime-and-punishment.vec -> build/lib.linux-x86_64-cpython-310/gensim/test/test_data
      copying gensim/test/test_data/d2v-lee-v0.13.0 -> build/lib.linux-x86_64-cpython-310/gensim/test/test_data
      copying gensim/test/test_data/doc2vec_old -> build/lib.linux-x86_64-cpython-310/gensim/test/test_data
      copying gensim/test/test_data/doc2vec_old_sep -> build/lib.linux-x86_64-cpython-310/gensim/test/test_data
      copying gensim/test/test_data/doc2vec_old_sep.syn0_lockf.npy -> build/lib.linux-x86_64-cpython-310/gensim/test/test_data
      copying gensim/test/test_data/doc2vec_old_sep.syn1neg.npy -> build/lib.linux-x86_64-cpython-310/gensim/test/test_data
      copying gensim/test/test_data/dtm_test.dict -> build/lib.linux-x86_64-cpython-310/gensim/test/test_data
      copying gensim/test/test_data/dtm_test.mm -> build/lib.linux-x86_64-cpython-310/gensim/test/test_data
      copying gensim/test/test_data/ensemblelda -> build/lib.linux-x86_64-cpython-310/gensim/test/test_data
      copying gensim/test/test_data/enwiki-latest-pages-articles1.xml-p000000010p000030302-shortened.bz2 -> build/lib.linux-x86_64-cpython-310/gensim/test/test_data
      copying gensim/test/test_data/enwiki-table-markup.xml.bz2 -> build/lib.linux-x86_64-cpython-310/gensim/test/test_data
      copying gensim/test/test_data/euclidean_vectors.bin -> build/lib.linux-x86_64-cpython-310/gensim/test/test_data
      copying gensim/test/test_data/fasttext_old -> build/lib.linux-x86_64-cpython-310/gensim/test/test_data
      copying gensim/test/test_data/fasttext_old_sep -> build/lib.linux-x86_64-cpython-310/gensim/test/test_data
      copying gensim/test/test_data/fasttext_old_sep.syn0_lockf.npy -> build/lib.linux-x86_64-cpython-310/gensim/test/test_data
      copying gensim/test/test_data/fasttext_old_sep.syn1neg.npy -> build/lib.linux-x86_64-cpython-310/gensim/test/test_data
      copying gensim/test/test_data/fb-ngrams.txt -> build/lib.linux-x86_64-cpython-310/gensim/test/test_data
      copying gensim/test/test_data/ft_kv_3.6.0.model.gz -> build/lib.linux-x86_64-cpython-310/gensim/test/test_data
      copying gensim/test/test_data/ft_model_2.3.0 -> build/lib.linux-x86_64-cpython-310/gensim/test/test_data
      copying gensim/test/test_data/head500.noblanks.cor -> build/lib.linux-x86_64-cpython-310/gensim/test/test_data
      copying gensim/test/test_data/head500.noblanks.cor.bz2 -> build/lib.linux-x86_64-cpython-310/gensim/test/test_data
      copying gensim/test/test_data/head500.noblanks.cor_tfidf.model -> build/lib.linux-x86_64-cpython-310/gensim/test/test_data
      copying gensim/test/test_data/head500.noblanks.cor_wordids.txt -> build/lib.linux-x86_64-cpython-310/gensim/test/test_data
      copying gensim/test/test_data/high_precision.kv.bin -> build/lib.linux-x86_64-cpython-310/gensim/test/test_data
      copying gensim/test/test_data/high_precision.kv.txt -> build/lib.linux-x86_64-cpython-310/gensim/test/test_data
      copying gensim/test/test_data/large_tag_doc_10_iter50 -> build/lib.linux-x86_64-cpython-310/gensim/test/test_data
      copying gensim/test/test_data/lda_3_0_1_model -> build/lib.linux-x86_64-cpython-310/gensim/test/test_data
      copying gensim/test/test_data/lda_3_0_1_model.expElogbeta.npy -> build/lib.linux-x86_64-cpython-310/gensim/test/test_data
      copying gensim/test/test_data/lda_3_0_1_model.id2word -> build/lib.linux-x86_64-cpython-310/gensim/test/test_data
      copying gensim/test/test_data/lda_3_0_1_model.state -> build/lib.linux-x86_64-cpython-310/gensim/test/test_data
      copying gensim/test/test_data/ldamodel_python_2_7 -> build/lib.linux-x86_64-cpython-310/gensim/test/test_data
      copying gensim/test/test_data/ldamodel_python_2_7.expElogbeta.npy -> build/lib.linux-x86_64-cpython-310/gensim/test/test_data
      copying gensim/test/test_data/ldamodel_python_2_7.id2word -> build/lib.linux-x86_64-cpython-310/gensim/test/test_data
      copying gensim/test/test_data/ldamodel_python_2_7.state -> build/lib.linux-x86_64-cpython-310/gensim/test/test_data
      copying gensim/test/test_data/ldamodel_python_3_5 -> build/lib.linux-x86_64-cpython-310/gensim/test/test_data
      copying gensim/test/test_data/ldamodel_python_3_5.expElogbeta.npy -> build/lib.linux-x86_64-cpython-310/gensim/test/test_data
      copying gensim/test/test_data/ldamodel_python_3_5.id2word -> build/lib.linux-x86_64-cpython-310/gensim/test/test_data
      copying gensim/test/test_data/ldamodel_python_3_5.state -> build/lib.linux-x86_64-cpython-310/gensim/test/test_data
      copying gensim/test/test_data/ldavowpalwabbit.dict.txt -> build/lib.linux-x86_64-cpython-310/gensim/test/test_data
      copying gensim/test/test_data/ldavowpalwabbit.txt -> build/lib.linux-x86_64-cpython-310/gensim/test/test_data
      copying gensim/test/test_data/lee.cor -> build/lib.linux-x86_64-cpython-310/gensim/test/test_data
      copying gensim/test/test_data/lee_background.cor -> build/lib.linux-x86_64-cpython-310/gensim/test/test_data
      copying gensim/test/test_data/lee_fasttext -> build/lib.linux-x86_64-cpython-310/gensim/test/test_data
      copying gensim/test/test_data/lee_fasttext.bin -> build/lib.linux-x86_64-cpython-310/gensim/test/test_data
      copying gensim/test/test_data/lee_fasttext.vec -> build/lib.linux-x86_64-cpython-310/gensim/test/test_data
      copying gensim/test/test_data/lee_fasttext_new.bin -> build/lib.linux-x86_64-cpython-310/gensim/test/test_data
      copying gensim/test/test_data/miIslita.cor -> build/lib.linux-x86_64-cpython-310/gensim/test/test_data
      copying gensim/test/test_data/mini_newsgroup -> build/lib.linux-x86_64-cpython-310/gensim/test/test_data
      copying gensim/test/test_data/nmf_model -> build/lib.linux-x86_64-cpython-310/gensim/test/test_data
      copying gensim/test/test_data/non_ascii_fasttext.bin -> build/lib.linux-x86_64-cpython-310/gensim/test/test_data
      copying gensim/test/test_data/old_keyedvectors_320.dat -> build/lib.linux-x86_64-cpython-310/gensim/test/test_data
      copying gensim/test/test_data/pang_lee_polarity.cor -> build/lib.linux-x86_64-cpython-310/gensim/test/test_data
      copying gensim/test/test_data/pang_lee_polarity_fasttext.bin -> build/lib.linux-x86_64-cpython-310/gensim/test/test_data
      copying gensim/test/test_data/pang_lee_polarity_fasttext.vec -> build/lib.linux-x86_64-cpython-310/gensim/test/test_data
      copying gensim/test/test_data/para2para_text1.txt -> build/lib.linux-x86_64-cpython-310/gensim/test/test_data
      copying gensim/test/test_data/para2para_text2.txt -> build/lib.linux-x86_64-cpython-310/gensim/test/test_data
      copying gensim/test/test_data/phraser-3.6.0.model -> build/lib.linux-x86_64-cpython-310/gensim/test/test_data
      copying gensim/test/test_data/phraser-no-common-terms.pkl -> build/lib.linux-x86_64-cpython-310/gensim/test/test_data
      copying gensim/test/test_data/phraser-no-scoring.pkl -> build/lib.linux-x86_64-cpython-310/gensim/test/test_data
      copying gensim/test/test_data/phraser-scoring-str.pkl -> build/lib.linux-x86_64-cpython-310/gensim/test/test_data
      copying gensim/test/test_data/phrases-3.6.0.model -> build/lib.linux-x86_64-cpython-310/gensim/test/test_data
      copying gensim/test/test_data/phrases-no-common-terms.pkl -> build/lib.linux-x86_64-cpython-310/gensim/test/test_data
      copying gensim/test/test_data/phrases-no-scoring.pkl -> build/lib.linux-x86_64-cpython-310/gensim/test/test_data
      copying gensim/test/test_data/phrases-scoring-str.pkl -> build/lib.linux-x86_64-cpython-310/gensim/test/test_data
      copying gensim/test/test_data/poincare_cp852.tsv -> build/lib.linux-x86_64-cpython-310/gensim/test/test_data
      copying gensim/test/test_data/poincare_hypernyms.tsv -> build/lib.linux-x86_64-cpython-310/gensim/test/test_data
      copying gensim/test/test_data/poincare_hypernyms_large.tsv -> build/lib.linux-x86_64-cpython-310/gensim/test/test_data
      copying gensim/test/test_data/poincare_test_3.4.0 -> build/lib.linux-x86_64-cpython-310/gensim/test/test_data
      copying gensim/test/test_data/poincare_utf8.tsv -> build/lib.linux-x86_64-cpython-310/gensim/test/test_data
      copying gensim/test/test_data/poincare_vectors.bin -> build/lib.linux-x86_64-cpython-310/gensim/test/test_data
      copying gensim/test/test_data/pre_0_13_2_model -> build/lib.linux-x86_64-cpython-310/gensim/test/test_data
      copying gensim/test/test_data/pre_0_13_2_model.state -> build/lib.linux-x86_64-cpython-310/gensim/test/test_data
      copying gensim/test/test_data/pretrained.vec -> build/lib.linux-x86_64-cpython-310/gensim/test/test_data
      copying gensim/test/test_data/questions-words.txt -> build/lib.linux-x86_64-cpython-310/gensim/test/test_data
      copying gensim/test/test_data/reproduce.dat -> build/lib.linux-x86_64-cpython-310/gensim/test/test_data
      copying gensim/test/test_data/reproduce.dat.gz -> build/lib.linux-x86_64-cpython-310/gensim/test/test_data
      copying gensim/test/test_data/similarities0-1.txt -> build/lib.linux-x86_64-cpython-310/gensim/test/test_data
      copying gensim/test/test_data/simlex999.txt -> build/lib.linux-x86_64-cpython-310/gensim/test/test_data
      copying gensim/test/test_data/small_tag_doc_5_iter50 -> build/lib.linux-x86_64-cpython-310/gensim/test/test_data
      copying gensim/test/test_data/test_corpus_ok.mm -> build/lib.linux-x86_64-cpython-310/gensim/test/test_data
      copying gensim/test/test_data/test_corpus_small.mm -> build/lib.linux-x86_64-cpython-310/gensim/test/test_data
      copying gensim/test/test_data/test_glove.txt -> build/lib.linux-x86_64-cpython-310/gensim/test/test_data
      copying gensim/test/test_data/test_mmcorpus_corrupt.mm -> build/lib.linux-x86_64-cpython-310/gensim/test/test_data
      copying gensim/test/test_data/test_mmcorpus_no_index.mm -> build/lib.linux-x86_64-cpython-310/gensim/test/test_data
      copying gensim/test/test_data/test_mmcorpus_no_index.mm.bz2 -> build/lib.linux-x86_64-cpython-310/gensim/test/test_data
      copying gensim/test/test_data/test_mmcorpus_no_index.mm.gz -> build/lib.linux-x86_64-cpython-310/gensim/test/test_data
      copying gensim/test/test_data/test_mmcorpus_overflow.mm -> build/lib.linux-x86_64-cpython-310/gensim/test/test_data
      copying gensim/test/test_data/test_mmcorpus_with_index.mm -> build/lib.linux-x86_64-cpython-310/gensim/test/test_data
      copying gensim/test/test_data/test_mmcorpus_with_index.mm.index -> build/lib.linux-x86_64-cpython-310/gensim/test/test_data
      copying gensim/test/test_data/testcorpus.blei -> build/lib.linux-x86_64-cpython-310/gensim/test/test_data
      copying gensim/test/test_data/testcorpus.blei.index -> build/lib.linux-x86_64-cpython-310/gensim/test/test_data
      copying gensim/test/test_data/testcorpus.blei.vocab -> build/lib.linux-x86_64-cpython-310/gensim/test/test_data
      copying gensim/test/test_data/testcorpus.low -> build/lib.linux-x86_64-cpython-310/gensim/test/test_data
      copying gensim/test/test_data/testcorpus.low.index -> build/lib.linux-x86_64-cpython-310/gensim/test/test_data
      copying gensim/test/test_data/testcorpus.mallet -> build/lib.linux-x86_64-cpython-310/gensim/test/test_data
      copying gensim/test/test_data/testcorpus.mallet.index -> build/lib.linux-x86_64-cpython-310/gensim/test/test_data
      copying gensim/test/test_data/testcorpus.mm -> build/lib.linux-x86_64-cpython-310/gensim/test/test_data
      copying gensim/test/test_data/testcorpus.mm.index -> build/lib.linux-x86_64-cpython-310/gensim/test/test_data
      copying gensim/test/test_data/testcorpus.svmlight -> build/lib.linux-x86_64-cpython-310/gensim/test/test_data
      copying gensim/test/test_data/testcorpus.svmlight.index -> build/lib.linux-x86_64-cpython-310/gensim/test/test_data
      copying gensim/test/test_data/testcorpus.txt -> build/lib.linux-x86_64-cpython-310/gensim/test/test_data
      copying gensim/test/test_data/testcorpus.uci -> build/lib.linux-x86_64-cpython-310/gensim/test/test_data
      copying gensim/test/test_data/testcorpus.uci.index -> build/lib.linux-x86_64-cpython-310/gensim/test/test_data
      copying gensim/test/test_data/testcorpus.uci.vocab -> build/lib.linux-x86_64-cpython-310/gensim/test/test_data
      copying gensim/test/test_data/testcorpus.xml.bz2 -> build/lib.linux-x86_64-cpython-310/gensim/test/test_data
      copying gensim/test/test_data/testcorpus_serialization.mm.index -> build/lib.linux-x86_64-cpython-310/gensim/test/test_data
      copying gensim/test/test_data/tfidf_model.tst -> build/lib.linux-x86_64-cpython-310/gensim/test/test_data
      copying gensim/test/test_data/tfidf_model.tst.bz2 -> build/lib.linux-x86_64-cpython-310/gensim/test/test_data
      copying gensim/test/test_data/tfidf_model_3_2.tst -> build/lib.linux-x86_64-cpython-310/gensim/test/test_data
      copying gensim/test/test_data/toy-data.txt -> build/lib.linux-x86_64-cpython-310/gensim/test/test_data
      copying gensim/test/test_data/toy-model-pretrained.bin -> build/lib.linux-x86_64-cpython-310/gensim/test/test_data
      copying gensim/test/test_data/toy-model.bin -> build/lib.linux-x86_64-cpython-310/gensim/test/test_data
      copying gensim/test/test_data/toy-model.vec -> build/lib.linux-x86_64-cpython-310/gensim/test/test_data
      copying gensim/test/test_data/varembed_lee_subcorpus.cor -> build/lib.linux-x86_64-cpython-310/gensim/test/test_data
      copying gensim/test/test_data/varembed_morfessor.bin -> build/lib.linux-x86_64-cpython-310/gensim/test/test_data
      copying gensim/test/test_data/varembed_vectors.pkl -> build/lib.linux-x86_64-cpython-310/gensim/test/test_data
      copying gensim/test/test_data/w2v-lee-v0.12.0 -> build/lib.linux-x86_64-cpython-310/gensim/test/test_data
      copying gensim/test/test_data/w2v_keyedvectors_load_test.modeldata -> build/lib.linux-x86_64-cpython-310/gensim/test/test_data
      copying gensim/test/test_data/w2v_keyedvectors_load_test.vocab -> build/lib.linux-x86_64-cpython-310/gensim/test/test_data
      copying gensim/test/test_data/word2vec_3.3 -> build/lib.linux-x86_64-cpython-310/gensim/test/test_data
      copying gensim/test/test_data/word2vec_old -> build/lib.linux-x86_64-cpython-310/gensim/test/test_data
      copying gensim/test/test_data/word2vec_old_sep -> build/lib.linux-x86_64-cpython-310/gensim/test/test_data
      copying gensim/test/test_data/word2vec_old_sep.syn0_lockf.npy -> build/lib.linux-x86_64-cpython-310/gensim/test/test_data
      copying gensim/test/test_data/word2vec_old_sep.syn1neg.npy -> build/lib.linux-x86_64-cpython-310/gensim/test/test_data
      copying gensim/test/test_data/word2vec_pre_kv_c -> build/lib.linux-x86_64-cpython-310/gensim/test/test_data
      copying gensim/test/test_data/word2vec_pre_kv_py2 -> build/lib.linux-x86_64-cpython-310/gensim/test/test_data
      copying gensim/test/test_data/word2vec_pre_kv_py3 -> build/lib.linux-x86_64-cpython-310/gensim/test/test_data
      copying gensim/test/test_data/word2vec_pre_kv_py3_4 -> build/lib.linux-x86_64-cpython-310/gensim/test/test_data
      copying gensim/test/test_data/word2vec_pre_kv_sep_py2 -> build/lib.linux-x86_64-cpython-310/gensim/test/test_data
      copying gensim/test/test_data/word2vec_pre_kv_sep_py2.neg_labels.npy -> build/lib.linux-x86_64-cpython-310/gensim/test/test_data
      copying gensim/test/test_data/word2vec_pre_kv_sep_py2.syn0.npy -> build/lib.linux-x86_64-cpython-310/gensim/test/test_data
      copying gensim/test/test_data/word2vec_pre_kv_sep_py2.syn0_lockf.npy -> build/lib.linux-x86_64-cpython-310/gensim/test/test_data
      copying gensim/test/test_data/word2vec_pre_kv_sep_py2.syn1neg.npy -> build/lib.linux-x86_64-cpython-310/gensim/test/test_data
      copying gensim/test/test_data/word2vec_pre_kv_sep_py3 -> build/lib.linux-x86_64-cpython-310/gensim/test/test_data
      copying gensim/test/test_data/word2vec_pre_kv_sep_py3.neg_labels.npy -> build/lib.linux-x86_64-cpython-310/gensim/test/test_data
      copying gensim/test/test_data/word2vec_pre_kv_sep_py3.syn0.npy -> build/lib.linux-x86_64-cpython-310/gensim/test/test_data
      copying gensim/test/test_data/word2vec_pre_kv_sep_py3.syn0_lockf.npy -> build/lib.linux-x86_64-cpython-310/gensim/test/test_data
      copying gensim/test/test_data/word2vec_pre_kv_sep_py3.syn1neg.npy -> build/lib.linux-x86_64-cpython-310/gensim/test/test_data
      copying gensim/test/test_data/word2vec_pre_kv_sep_py3_4 -> build/lib.linux-x86_64-cpython-310/gensim/test/test_data
      copying gensim/test/test_data/word2vec_pre_kv_sep_py3_4.neg_labels.npy -> build/lib.linux-x86_64-cpython-310/gensim/test/test_data
      copying gensim/test/test_data/word2vec_pre_kv_sep_py3_4.syn0.npy -> build/lib.linux-x86_64-cpython-310/gensim/test/test_data
      copying gensim/test/test_data/word2vec_pre_kv_sep_py3_4.syn0_lockf.npy -> build/lib.linux-x86_64-cpython-310/gensim/test/test_data
      copying gensim/test/test_data/word2vec_pre_kv_sep_py3_4.syn1neg.npy -> build/lib.linux-x86_64-cpython-310/gensim/test/test_data
      copying gensim/test/test_data/wordsim353.tsv -> build/lib.linux-x86_64-cpython-310/gensim/test/test_data
      creating build/lib.linux-x86_64-cpython-310/gensim/test/test_data/DTM
      copying gensim/test/test_data/DTM/ldaseq_3_0_1_model -> build/lib.linux-x86_64-cpython-310/gensim/test/test_data/DTM
      copying gensim/test/test_data/DTM/sstats_test.txt -> build/lib.linux-x86_64-cpython-310/gensim/test/test_data/DTM
      creating build/lib.linux-x86_64-cpython-310/gensim/test/test_data/PathLineSentences
      copying gensim/test/test_data/PathLineSentences/1.txt -> build/lib.linux-x86_64-cpython-310/gensim/test/test_data/PathLineSentences
      copying gensim/test/test_data/PathLineSentences/2.txt.bz2 -> build/lib.linux-x86_64-cpython-310/gensim/test/test_data/PathLineSentences
      creating build/lib.linux-x86_64-cpython-310/gensim/test/test_data/old_d2v_models
      copying gensim/test/test_data/old_d2v_models/d2v_0.12.0.mdl -> build/lib.linux-x86_64-cpython-310/gensim/test/test_data/old_d2v_models
      copying gensim/test/test_data/old_d2v_models/d2v_0.12.1.mdl -> build/lib.linux-x86_64-cpython-310/gensim/test/test_data/old_d2v_models
      copying gensim/test/test_data/old_d2v_models/d2v_0.12.2.mdl -> build/lib.linux-x86_64-cpython-310/gensim/test/test_data/old_d2v_models
      copying gensim/test/test_data/old_d2v_models/d2v_0.12.3.mdl -> build/lib.linux-x86_64-cpython-310/gensim/test/test_data/old_d2v_models
      copying gensim/test/test_data/old_d2v_models/d2v_0.12.4.mdl -> build/lib.linux-x86_64-cpython-310/gensim/test/test_data/old_d2v_models
      copying gensim/test/test_data/old_d2v_models/d2v_0.13.0.mdl -> build/lib.linux-x86_64-cpython-310/gensim/test/test_data/old_d2v_models
      copying gensim/test/test_data/old_d2v_models/d2v_0.13.1.mdl -> build/lib.linux-x86_64-cpython-310/gensim/test/test_data/old_d2v_models
      copying gensim/test/test_data/old_d2v_models/d2v_0.13.2.mdl -> build/lib.linux-x86_64-cpython-310/gensim/test/test_data/old_d2v_models
      copying gensim/test/test_data/old_d2v_models/d2v_0.13.3.mdl -> build/lib.linux-x86_64-cpython-310/gensim/test/test_data/old_d2v_models
      copying gensim/test/test_data/old_d2v_models/d2v_0.13.4.mdl -> build/lib.linux-x86_64-cpython-310/gensim/test/test_data/old_d2v_models
      copying gensim/test/test_data/old_d2v_models/d2v_1.0.0.mdl -> build/lib.linux-x86_64-cpython-310/gensim/test/test_data/old_d2v_models
      copying gensim/test/test_data/old_d2v_models/d2v_1.0.1.mdl -> build/lib.linux-x86_64-cpython-310/gensim/test/test_data/old_d2v_models
      copying gensim/test/test_data/old_d2v_models/d2v_2.0.0.mdl -> build/lib.linux-x86_64-cpython-310/gensim/test/test_data/old_d2v_models
      copying gensim/test/test_data/old_d2v_models/d2v_2.1.0.mdl -> build/lib.linux-x86_64-cpython-310/gensim/test/test_data/old_d2v_models
      copying gensim/test/test_data/old_d2v_models/d2v_2.2.0.mdl -> build/lib.linux-x86_64-cpython-310/gensim/test/test_data/old_d2v_models
      copying gensim/test/test_data/old_d2v_models/d2v_2.3.0.mdl -> build/lib.linux-x86_64-cpython-310/gensim/test/test_data/old_d2v_models
      copying gensim/test/test_data/old_d2v_models/d2v_3.0.0.mdl -> build/lib.linux-x86_64-cpython-310/gensim/test/test_data/old_d2v_models
      copying gensim/test/test_data/old_d2v_models/d2v_3.1.0.mdl -> build/lib.linux-x86_64-cpython-310/gensim/test/test_data/old_d2v_models
      copying gensim/test/test_data/old_d2v_models/d2v_3.2.0.mdl -> build/lib.linux-x86_64-cpython-310/gensim/test/test_data/old_d2v_models
      copying gensim/test/test_data/old_d2v_models/d2v_3.3.0.mdl -> build/lib.linux-x86_64-cpython-310/gensim/test/test_data/old_d2v_models
      copying gensim/test/test_data/old_d2v_models/d2v_3.4.0.mdl -> build/lib.linux-x86_64-cpython-310/gensim/test/test_data/old_d2v_models
      creating build/lib.linux-x86_64-cpython-310/gensim/test/test_data/old_w2v_models
      copying gensim/test/test_data/old_w2v_models/w2v_0.12.0.mdl -> build/lib.linux-x86_64-cpython-310/gensim/test/test_data/old_w2v_models
      copying gensim/test/test_data/old_w2v_models/w2v_0.12.1.mdl -> build/lib.linux-x86_64-cpython-310/gensim/test/test_data/old_w2v_models
      copying gensim/test/test_data/old_w2v_models/w2v_0.12.2.mdl -> build/lib.linux-x86_64-cpython-310/gensim/test/test_data/old_w2v_models
      copying gensim/test/test_data/old_w2v_models/w2v_0.12.3.mdl -> build/lib.linux-x86_64-cpython-310/gensim/test/test_data/old_w2v_models
      copying gensim/test/test_data/old_w2v_models/w2v_0.12.4.mdl -> build/lib.linux-x86_64-cpython-310/gensim/test/test_data/old_w2v_models
      copying gensim/test/test_data/old_w2v_models/w2v_0.13.0.mdl -> build/lib.linux-x86_64-cpython-310/gensim/test/test_data/old_w2v_models
      copying gensim/test/test_data/old_w2v_models/w2v_0.13.1.mdl -> build/lib.linux-x86_64-cpython-310/gensim/test/test_data/old_w2v_models
      copying gensim/test/test_data/old_w2v_models/w2v_0.13.2.mdl -> build/lib.linux-x86_64-cpython-310/gensim/test/test_data/old_w2v_models
      copying gensim/test/test_data/old_w2v_models/w2v_0.13.3.mdl -> build/lib.linux-x86_64-cpython-310/gensim/test/test_data/old_w2v_models
      copying gensim/test/test_data/old_w2v_models/w2v_0.13.4.mdl -> build/lib.linux-x86_64-cpython-310/gensim/test/test_data/old_w2v_models
      copying gensim/test/test_data/old_w2v_models/w2v_1.0.0.mdl -> build/lib.linux-x86_64-cpython-310/gensim/test/test_data/old_w2v_models
      copying gensim/test/test_data/old_w2v_models/w2v_1.0.1.mdl -> build/lib.linux-x86_64-cpython-310/gensim/test/test_data/old_w2v_models
      copying gensim/test/test_data/old_w2v_models/w2v_2.0.0.mdl -> build/lib.linux-x86_64-cpython-310/gensim/test/test_data/old_w2v_models
      copying gensim/test/test_data/old_w2v_models/w2v_2.1.0.mdl -> build/lib.linux-x86_64-cpython-310/gensim/test/test_data/old_w2v_models
      copying gensim/test/test_data/old_w2v_models/w2v_2.2.0.mdl -> build/lib.linux-x86_64-cpython-310/gensim/test/test_data/old_w2v_models
      copying gensim/test/test_data/old_w2v_models/w2v_2.3.0.mdl -> build/lib.linux-x86_64-cpython-310/gensim/test/test_data/old_w2v_models
      copying gensim/test/test_data/old_w2v_models/w2v_3.0.0.mdl -> build/lib.linux-x86_64-cpython-310/gensim/test/test_data/old_w2v_models
      copying gensim/test/test_data/old_w2v_models/w2v_3.1.0.mdl -> build/lib.linux-x86_64-cpython-310/gensim/test/test_data/old_w2v_models
      copying gensim/test/test_data/old_w2v_models/w2v_3.2.0.mdl -> build/lib.linux-x86_64-cpython-310/gensim/test/test_data/old_w2v_models
      copying gensim/test/test_data/old_w2v_models/w2v_3.3.0.mdl -> build/lib.linux-x86_64-cpython-310/gensim/test/test_data/old_w2v_models
      copying gensim/test/test_data/old_w2v_models/w2v_3.4.0.mdl -> build/lib.linux-x86_64-cpython-310/gensim/test/test_data/old_w2v_models
      copying gensim/corpora/_mmreader.c -> build/lib.linux-x86_64-cpython-310/gensim/corpora
      copying gensim/corpora/_mmreader.pyx -> build/lib.linux-x86_64-cpython-310/gensim/corpora
      copying gensim/models/doc2vec_corpusfile.cpp -> build/lib.linux-x86_64-cpython-310/gensim/models
      copying gensim/models/doc2vec_corpusfile.pyx -> build/lib.linux-x86_64-cpython-310/gensim/models
      copying gensim/models/doc2vec_inner.cpp -> build/lib.linux-x86_64-cpython-310/gensim/models
      copying gensim/models/doc2vec_inner.pxd -> build/lib.linux-x86_64-cpython-310/gensim/models
      copying gensim/models/doc2vec_inner.pyx -> build/lib.linux-x86_64-cpython-310/gensim/models
      copying gensim/models/fast_line_sentence.h -> build/lib.linux-x86_64-cpython-310/gensim/models
      copying gensim/models/fasttext_corpusfile.cpp -> build/lib.linux-x86_64-cpython-310/gensim/models
      copying gensim/models/fasttext_corpusfile.pyx -> build/lib.linux-x86_64-cpython-310/gensim/models
      copying gensim/models/fasttext_inner.c -> build/lib.linux-x86_64-cpython-310/gensim/models
      copying gensim/models/fasttext_inner.pxd -> build/lib.linux-x86_64-cpython-310/gensim/models
      copying gensim/models/fasttext_inner.pyx -> build/lib.linux-x86_64-cpython-310/gensim/models
      copying gensim/models/nmf_pgd.c -> build/lib.linux-x86_64-cpython-310/gensim/models
      copying gensim/models/nmf_pgd.pyx -> build/lib.linux-x86_64-cpython-310/gensim/models
      copying gensim/models/stdint_wrapper.h -> build/lib.linux-x86_64-cpython-310/gensim/models
      copying gensim/models/voidptr.h -> build/lib.linux-x86_64-cpython-310/gensim/models
      copying gensim/models/word2vec_corpusfile.cpp -> build/lib.linux-x86_64-cpython-310/gensim/models
      copying gensim/models/word2vec_corpusfile.pxd -> build/lib.linux-x86_64-cpython-310/gensim/models
      copying gensim/models/word2vec_corpusfile.pyx -> build/lib.linux-x86_64-cpython-310/gensim/models
      copying gensim/models/word2vec_inner.c -> build/lib.linux-x86_64-cpython-310/gensim/models
      copying gensim/models/word2vec_inner.pxd -> build/lib.linux-x86_64-cpython-310/gensim/models
      copying gensim/models/word2vec_inner.pyx -> build/lib.linux-x86_64-cpython-310/gensim/models
      running build_ext
      building 'gensim.models.word2vec_inner' extension
      creating build/temp.linux-x86_64-cpython-310
      creating build/temp.linux-x86_64-cpython-310/gensim
      creating build/temp.linux-x86_64-cpython-310/gensim/models
      gcc -pthread -Wno-unused-result -Wsign-compare -DNDEBUG -g -fwrapv -O3 -Wall -fPIC -I/home/app/function/.tox/test/include -I/usr/local/include/python3.10 -I/tmp/pip-install-tdv51hl7/gensim_6088ebdb01fa44a0900f1e24d3a71f69/.eggs/numpy-1.22.3-py3.10-linux-x86_64.egg/numpy/core/include -c gensim/models/word2vec_inner.c -o build/temp.linux-x86_64-cpython-310/gensim/models/word2vec_inner.o
      In file included from /tmp/pip-install-tdv51hl7/gensim_6088ebdb01fa44a0900f1e24d3a71f69/.eggs/numpy-1.22.3-py3.10-linux-x86_64.egg/numpy/core/include/numpy/ndarraytypes.h:1960,
                       from /tmp/pip-install-tdv51hl7/gensim_6088ebdb01fa44a0900f1e24d3a71f69/.eggs/numpy-1.22.3-py3.10-linux-x86_64.egg/numpy/core/include/numpy/ndarrayobject.h:12,
                       from /tmp/pip-install-tdv51hl7/gensim_6088ebdb01fa44a0900f1e24d3a71f69/.eggs/numpy-1.22.3-py3.10-linux-x86_64.egg/numpy/core/include/numpy/arrayobject.h:5,
                       from gensim/models/word2vec_inner.c:631:
      /tmp/pip-install-tdv51hl7/gensim_6088ebdb01fa44a0900f1e24d3a71f69/.eggs/numpy-1.22.3-py3.10-linux-x86_64.egg/numpy/core/include/numpy/npy_1_7_deprecated_api.h:17:2: warning: #warning "Using deprecated NumPy API, disable it with " "#define NPY_NO_DEPRECATED_API NPY_1_7_API_VERSION" [-Wcpp]
       #warning "Using deprecated NumPy API, disable it with " \
        ^~~~~~~
      gensim/models/word2vec_inner.c: In function â€˜__pyx_pf_6gensim_6models_14word2vec_inner_2train_batch_cbow.isra.22â€™:
      gensim/models/word2vec_inner.c:5799:28: warning: â€˜__pyx_v_vocab_sample_intsâ€™ may be used uninitialized in this function [-Wmaybe-uninitialized]
         __pyx_t_5numpy_uint32_t *__pyx_v_vocab_sample_ints;
                                  ^~~~~~~~~~~~~~~~~~~~~~~~~
      gensim/models/word2vec_inner.c: In function â€˜__pyx_pf_6gensim_6models_14word2vec_inner_train_batch_sg.isra.23â€™:
      gensim/models/word2vec_inner.c:4627:28: warning: â€˜__pyx_v_vocab_sample_intsâ€™ may be used uninitialized in this function [-Wmaybe-uninitialized]
         __pyx_t_5numpy_uint32_t *__pyx_v_vocab_sample_ints;
                                  ^~~~~~~~~~~~~~~~~~~~~~~~~
      gcc -pthread -shared -Wl,--strip-all build/temp.linux-x86_64-cpython-310/gensim/models/word2vec_inner.o -L/usr/local/lib -o build/lib.linux-x86_64-cpython-310/gensim/models/word2vec_inner.cpython-310-x86_64-linux-gnu.so
      building 'gensim.corpora._mmreader' extension
      creating build/temp.linux-x86_64-cpython-310/gensim/corpora
      gcc -pthread -Wno-unused-result -Wsign-compare -DNDEBUG -g -fwrapv -O3 -Wall -fPIC -I/home/app/function/.tox/test/include -I/usr/local/include/python3.10 -I/tmp/pip-install-tdv51hl7/gensim_6088ebdb01fa44a0900f1e24d3a71f69/.eggs/numpy-1.22.3-py3.10-linux-x86_64.egg/numpy/core/include -c gensim/corpora/_mmreader.c -o build/temp.linux-x86_64-cpython-310/gensim/corpora/_mmreader.o
      gcc -pthread -shared -Wl,--strip-all build/temp.linux-x86_64-cpython-310/gensim/corpora/_mmreader.o -L/usr/local/lib -o build/lib.linux-x86_64-cpython-310/gensim/corpora/_mmreader.cpython-310-x86_64-linux-gnu.so
      building 'gensim.models.fasttext_inner' extension
      gcc -pthread -Wno-unused-result -Wsign-compare -DNDEBUG -g -fwrapv -O3 -Wall -fPIC -I/home/app/function/.tox/test/include -I/usr/local/include/python3.10 -I/tmp/pip-install-tdv51hl7/gensim_6088ebdb01fa44a0900f1e24d3a71f69/.eggs/numpy-1.22.3-py3.10-linux-x86_64.egg/numpy/core/include -c gensim/models/fasttext_inner.c -o build/temp.linux-x86_64-cpython-310/gensim/models/fasttext_inner.o
      In file included from /tmp/pip-install-tdv51hl7/gensim_6088ebdb01fa44a0900f1e24d3a71f69/.eggs/numpy-1.22.3-py3.10-linux-x86_64.egg/numpy/core/include/numpy/ndarraytypes.h:1960,
                       from /tmp/pip-install-tdv51hl7/gensim_6088ebdb01fa44a0900f1e24d3a71f69/.eggs/numpy-1.22.3-py3.10-linux-x86_64.egg/numpy/core/include/numpy/ndarrayobject.h:12,
                       from /tmp/pip-install-tdv51hl7/gensim_6088ebdb01fa44a0900f1e24d3a71f69/.eggs/numpy-1.22.3-py3.10-linux-x86_64.egg/numpy/core/include/numpy/arrayobject.h:5,
                       from gensim/models/fasttext_inner.c:632:
      /tmp/pip-install-tdv51hl7/gensim_6088ebdb01fa44a0900f1e24d3a71f69/.eggs/numpy-1.22.3-py3.10-linux-x86_64.egg/numpy/core/include/numpy/npy_1_7_deprecated_api.h:17:2: warning: #warning "Using deprecated NumPy API, disable it with " "#define NPY_NO_DEPRECATED_API NPY_1_7_API_VERSION" [-Wcpp]
       #warning "Using deprecated NumPy API, disable it with " \
        ^~~~~~~
      gensim/models/fasttext_inner.c: In function â€˜__pyx_f_6gensim_6models_14fasttext_inner_fasttext_fast_sentence_sg_negâ€™:
      gensim/models/fasttext_inner.c:2268:35: warning: comparison of integer expressions of different signedness: â€˜intâ€™ and â€˜__pyx_t_5numpy_uint32_tâ€™ {aka â€˜unsigned intâ€™} [-Wsign-compare]
           for (__pyx_t_4 = 0; __pyx_t_4 < __pyx_t_3; __pyx_t_4+=1) {
                                         ^
      gensim/models/fasttext_inner.c:2534:33: warning: comparison of integer expressions of different signedness: â€˜intâ€™ and â€˜__pyx_t_5numpy_uint32_tâ€™ {aka â€˜unsigned intâ€™} [-Wsign-compare]
         for (__pyx_t_4 = 0; __pyx_t_4 < __pyx_t_3; __pyx_t_4+=1) {
                                       ^
      In file included from gensim/models/fasttext_inner.c:640:
      At top level:
      gensim/models/voidptr.h:8:15: warning: â€˜PyCObject_AsVoidPtrâ€™ defined but not used [-Wunused-function]
       static void * PyCObject_AsVoidPtr(PyObject *obj)
                     ^~~~~~~~~~~~~~~~~~~
      gensim/models/fasttext_inner.c: In function â€˜__pyx_f_6gensim_6models_14fasttext_inner_populate_ft_configâ€™:
      gensim/models/fasttext_inner.c:4360:28: warning: â€˜__pyx_v_vocab_sample_intsâ€™ may be used uninitialized in this function [-Wmaybe-uninitialized]
         __pyx_t_5numpy_uint32_t *__pyx_v_vocab_sample_ints;
                                  ^~~~~~~~~~~~~~~~~~~~~~~~~
      gcc -pthread -shared -Wl,--strip-all build/temp.linux-x86_64-cpython-310/gensim/models/fasttext_inner.o -L/usr/local/lib -o build/lib.linux-x86_64-cpython-310/gensim/models/fasttext_inner.cpython-310-x86_64-linux-gnu.so
      building 'gensim._matutils' extension
      gcc -pthread -Wno-unused-result -Wsign-compare -DNDEBUG -g -fwrapv -O3 -Wall -fPIC -I/home/app/function/.tox/test/include -I/usr/local/include/python3.10 -I/tmp/pip-install-tdv51hl7/gensim_6088ebdb01fa44a0900f1e24d3a71f69/.eggs/numpy-1.22.3-py3.10-linux-x86_64.egg/numpy/core/include -c gensim/_matutils.c -o build/temp.linux-x86_64-cpython-310/gensim/_matutils.o
      In file included from /tmp/pip-install-tdv51hl7/gensim_6088ebdb01fa44a0900f1e24d3a71f69/.eggs/numpy-1.22.3-py3.10-linux-x86_64.egg/numpy/core/include/numpy/ndarraytypes.h:1960,
                       from /tmp/pip-install-tdv51hl7/gensim_6088ebdb01fa44a0900f1e24d3a71f69/.eggs/numpy-1.22.3-py3.10-linux-x86_64.egg/numpy/core/include/numpy/ndarrayobject.h:12,
                       from /tmp/pip-install-tdv51hl7/gensim_6088ebdb01fa44a0900f1e24d3a71f69/.eggs/numpy-1.22.3-py3.10-linux-x86_64.egg/numpy/core/include/numpy/arrayobject.h:5,
                       from gensim/_matutils.c:626:
      /tmp/pip-install-tdv51hl7/gensim_6088ebdb01fa44a0900f1e24d3a71f69/.eggs/numpy-1.22.3-py3.10-linux-x86_64.egg/numpy/core/include/numpy/npy_1_7_deprecated_api.h:17:2: warning: #warning "Using deprecated NumPy API, disable it with " "#define NPY_NO_DEPRECATED_API NPY_1_7_API_VERSION" [-Wcpp]
       #warning "Using deprecated NumPy API, disable it with " \
        ^~~~~~~
      gensim/_matutils.c: In function â€˜__Pyx_InitGlobalsâ€™:
      gensim/_matutils.c:21523:1: warning: â€˜PyEval_InitThreadsâ€™ is deprecated [-Wdeprecated-declarations]
       PyEval_InitThreads();
       ^~~~~~~~~~~~~~~~~~
      In file included from /usr/local/include/python3.10/Python.h:130,
                       from gensim/_matutils.c:20:
      /usr/local/include/python3.10/ceval.h:122:37: note: declared here
       Py_DEPRECATED(3.9) PyAPI_FUNC(void) PyEval_InitThreads(void);
                                           ^~~~~~~~~~~~~~~~~~
      gcc -pthread -shared -Wl,--strip-all build/temp.linux-x86_64-cpython-310/gensim/_matutils.o -L/usr/local/lib -o build/lib.linux-x86_64-cpython-310/gensim/_matutils.cpython-310-x86_64-linux-gnu.so
      building 'gensim.models.nmf_pgd' extension
      gcc -pthread -Wno-unused-result -Wsign-compare -DNDEBUG -g -fwrapv -O3 -Wall -fPIC -I/home/app/function/.tox/test/include -I/usr/local/include/python3.10 -I/tmp/pip-install-tdv51hl7/gensim_6088ebdb01fa44a0900f1e24d3a71f69/.eggs/numpy-1.22.3-py3.10-linux-x86_64.egg/numpy/core/include -c gensim/models/nmf_pgd.c -o build/temp.linux-x86_64-cpython-310/gensim/models/nmf_pgd.o
      gensim/models/nmf_pgd.c: In function â€˜__Pyx_InitGlobalsâ€™:
      gensim/models/nmf_pgd.c:16730:1: warning: â€˜PyEval_InitThreadsâ€™ is deprecated [-Wdeprecated-declarations]
       PyEval_InitThreads();
       ^~~~~~~~~~~~~~~~~~
      In file included from /usr/local/include/python3.10/Python.h:130,
                       from gensim/models/nmf_pgd.c:20:
      /usr/local/include/python3.10/ceval.h:122:37: note: declared here
       Py_DEPRECATED(3.9) PyAPI_FUNC(void) PyEval_InitThreads(void);
                                           ^~~~~~~~~~~~~~~~~~
      gcc -pthread -shared -Wl,--strip-all build/temp.linux-x86_64-cpython-310/gensim/models/nmf_pgd.o -L/usr/local/lib -o build/lib.linux-x86_64-cpython-310/gensim/models/nmf_pgd.cpython-310-x86_64-linux-gnu.so
      building 'gensim.similarities.fastss' extension
      creating build/temp.linux-x86_64-cpython-310/gensim/similarities
      gcc -pthread -Wno-unused-result -Wsign-compare -DNDEBUG -g -fwrapv -O3 -Wall -fPIC -I/home/app/function/.tox/test/include -I/usr/local/include/python3.10 -I/tmp/pip-install-tdv51hl7/gensim_6088ebdb01fa44a0900f1e24d3a71f69/.eggs/numpy-1.22.3-py3.10-linux-x86_64.egg/numpy/core/include -c gensim/similarities/fastss.c -o build/temp.linux-x86_64-cpython-310/gensim/similarities/fastss.o
      gcc -pthread -shared -Wl,--strip-all build/temp.linux-x86_64-cpython-310/gensim/similarities/fastss.o -L/usr/local/lib -o build/lib.linux-x86_64-cpython-310/gensim/similarities/fastss.cpython-310-x86_64-linux-gnu.so
      building 'gensim.models.doc2vec_inner' extension
      gcc -pthread -Wno-unused-result -Wsign-compare -DNDEBUG -g -fwrapv -O3 -Wall -fPIC -I/home/app/function/.tox/test/include -I/usr/local/include/python3.10 -I/tmp/pip-install-tdv51hl7/gensim_6088ebdb01fa44a0900f1e24d3a71f69/.eggs/numpy-1.22.3-py3.10-linux-x86_64.egg/numpy/core/include -c gensim/models/doc2vec_inner.cpp -o build/temp.linux-x86_64-cpython-310/gensim/models/doc2vec_inner.o -std=c++11
      gcc: error trying to exec 'cc1plus': execvp: No such file or directory
      error: command '/usr/bin/gcc' failed with exit code 1
      [end of output]
  
  note: This error originates from a subprocess, and is likely not a problem with pip.
  ERROR: Failed building wheel for gensim
  Running setup.py clean for gensim
  Building wheel for simplejson (setup.py): started
  Building wheel for simplejson (setup.py): finished with status 'done'
  Created wheel for simplejson: filename=simplejson-3.17.2-cp310-cp310-linux_x86_64.whl size=74934 sha256=0e6dd784671a98f932b4551ca879e88a9a5c95a514953b08c43019b6e14f95dc
  Stored in directory: /root/.cache/pip/wheels/4c/d2/65/e6ec94ca89c44483d8010d15e5fbead72b6411e01d26f90a31
Successfully built simplejson
Failed to build gensim
Installing collected packages: regex, pytz, iniconfig, Werkzeug, urllib3, tqdm, tomli, smart-open, six, simplejson, pyparsing, py, pluggy, numpy, MarkupSafe, joblib, jmespath, itsdangerous, click, attrs, scipy, python-dateutil, packaging, nltk, Jinja2, pytest, pandas, gensim, flask, botocore, s3transfer, boto3
  Running setup.py install for gensim: started
  Running setup.py install for gensim: finished with status 'error'
  error: subprocess-exited-with-error
  
  Ã— Running setup.py install for gensim did not run successfully.
  â”‚ exit code: 1
  â•°â”€> [478 lines of output]
      running install
      /home/app/function/.tox/test/lib/python3.10/site-packages/setuptools/command/install.py:34: SetuptoolsDeprecationWarning: setup.py install is deprecated. Use build and pip and other standards-based tools.
        warnings.warn(
      running build
      running build_py
      creating build
      creating build/lib.linux-x86_64-cpython-310
      creating build/lib.linux-x86_64-cpython-310/gensim
      copying gensim/nosy.py -> build/lib.linux-x86_64-cpython-310/gensim
      copying gensim/utils.py -> build/lib.linux-x86_64-cpython-310/gensim
      copying gensim/interfaces.py -> build/lib.linux-x86_64-cpython-310/gensim
      copying gensim/downloader.py -> build/lib.linux-x86_64-cpython-310/gensim
      copying gensim/matutils.py -> build/lib.linux-x86_64-cpython-310/gensim
      copying gensim/__init__.py -> build/lib.linux-x86_64-cpython-310/gensim
      creating build/lib.linux-x86_64-cpython-310/gensim/similarities
      copying gensim/similarities/levenshtein.py -> build/lib.linux-x86_64-cpython-310/gensim/similarities
      copying gensim/similarities/docsim.py -> build/lib.linux-x86_64-cpython-310/gensim/similarities
      copying gensim/similarities/annoy.py -> build/lib.linux-x86_64-cpython-310/gensim/similarities
      copying gensim/similarities/termsim.py -> build/lib.linux-x86_64-cpython-310/gensim/similarities
      copying gensim/similarities/__init__.py -> build/lib.linux-x86_64-cpython-310/gensim/similarities
      copying gensim/similarities/nmslib.py -> build/lib.linux-x86_64-cpython-310/gensim/similarities
      creating build/lib.linux-x86_64-cpython-310/gensim/scripts
      copying gensim/scripts/make_wiki_online_nodebug.py -> build/lib.linux-x86_64-cpython-310/gensim/scripts
      copying gensim/scripts/benchmark.py -> build/lib.linux-x86_64-cpython-310/gensim/scripts
      copying gensim/scripts/make_wikicorpus.py -> build/lib.linux-x86_64-cpython-310/gensim/scripts
      copying gensim/scripts/make_wiki.py -> build/lib.linux-x86_64-cpython-310/gensim/scripts
      copying gensim/scripts/segment_wiki.py -> build/lib.linux-x86_64-cpython-310/gensim/scripts
      copying gensim/scripts/word2vec_standalone.py -> build/lib.linux-x86_64-cpython-310/gensim/scripts
      copying gensim/scripts/word2vec2tensor.py -> build/lib.linux-x86_64-cpython-310/gensim/scripts
      copying gensim/scripts/make_wiki_online.py -> build/lib.linux-x86_64-cpython-310/gensim/scripts
      copying gensim/scripts/package_info.py -> build/lib.linux-x86_64-cpython-310/gensim/scripts
      copying gensim/scripts/glove2word2vec.py -> build/lib.linux-x86_64-cpython-310/gensim/scripts
      copying gensim/scripts/__init__.py -> build/lib.linux-x86_64-cpython-310/gensim/scripts
      creating build/lib.linux-x86_64-cpython-310/gensim/test
      copying gensim/test/test_corpora.py -> build/lib.linux-x86_64-cpython-310/gensim/test
      copying gensim/test/test_hdpmodel.py -> build/lib.linux-x86_64-cpython-310/gensim/test
      copying gensim/test/test_direct_confirmation.py -> build/lib.linux-x86_64-cpython-310/gensim/test
      copying gensim/test/test_lsimodel.py -> build/lib.linux-x86_64-cpython-310/gensim/test
      copying gensim/test/test_atmodel.py -> build/lib.linux-x86_64-cpython-310/gensim/test
      copying gensim/test/test_text_analysis.py -> build/lib.linux-x86_64-cpython-310/gensim/test
      copying gensim/test/test_normmodel.py -> build/lib.linux-x86_64-cpython-310/gensim/test
      copying gensim/test/test_translation_matrix.py -> build/lib.linux-x86_64-cpython-310/gensim/test
      copying gensim/test/test_corpora_hashdictionary.py -> build/lib.linux-x86_64-cpython-310/gensim/test
      copying gensim/test/test_indirect_confirmation.py -> build/lib.linux-x86_64-cpython-310/gensim/test
      copying gensim/test/test_coherencemodel.py -> build/lib.linux-x86_64-cpython-310/gensim/test
      copying gensim/test/simspeed2.py -> build/lib.linux-x86_64-cpython-310/gensim/test
      copying gensim/test/utils.py -> build/lib.linux-x86_64-cpython-310/gensim/test
      copying gensim/test/test_similarity_metrics.py -> build/lib.linux-x86_64-cpython-310/gensim/test
      copying gensim/test/test_phrases.py -> build/lib.linux-x86_64-cpython-310/gensim/test
      copying gensim/test/test_logentropy_model.py -> build/lib.linux-x86_64-cpython-310/gensim/test
      copying gensim/test/test_fasttext.py -> build/lib.linux-x86_64-cpython-310/gensim/test
      copying gensim/test/test_doc2vec.py -> build/lib.linux-x86_64-cpython-310/gensim/test
      copying gensim/test/test_similarities.py -> build/lib.linux-x86_64-cpython-310/gensim/test
      copying gensim/test/test_parsing.py -> build/lib.linux-x86_64-cpython-310/gensim/test
      copying gensim/test/test_corpora_dictionary.py -> build/lib.linux-x86_64-cpython-310/gensim/test
      copying gensim/test/test_word2vec.py -> build/lib.linux-x86_64-cpython-310/gensim/test
      copying gensim/test/test_utils.py -> build/lib.linux-x86_64-cpython-310/gensim/test
      copying gensim/test/test_ensemblelda.py -> build/lib.linux-x86_64-cpython-310/gensim/test
      copying gensim/test/test_rpmodel.py -> build/lib.linux-x86_64-cpython-310/gensim/test
      copying gensim/test/test_datatype.py -> build/lib.linux-x86_64-cpython-310/gensim/test
      copying gensim/test/test_sharded_corpus.py -> build/lib.linux-x86_64-cpython-310/gensim/test
      copying gensim/test/test_ldamodel.py -> build/lib.linux-x86_64-cpython-310/gensim/test
      copying gensim/test/basetmtests.py -> build/lib.linux-x86_64-cpython-310/gensim/test
      copying gensim/test/test_probability_estimation.py -> build/lib.linux-x86_64-cpython-310/gensim/test
      copying gensim/test/svd_error.py -> build/lib.linux-x86_64-cpython-310/gensim/test
      copying gensim/test/test_segmentation.py -> build/lib.linux-x86_64-cpython-310/gensim/test
      copying gensim/test/test_miislita.py -> build/lib.linux-x86_64-cpython-310/gensim/test
      copying gensim/test/test_tfidfmodel.py -> build/lib.linux-x86_64-cpython-310/gensim/test
      copying gensim/test/test_tmdiff.py -> build/lib.linux-x86_64-cpython-310/gensim/test
      copying gensim/test/test_ldaseqmodel.py -> build/lib.linux-x86_64-cpython-310/gensim/test
      copying gensim/test/test_api.py -> build/lib.linux-x86_64-cpython-310/gensim/test
      copying gensim/test/test_aggregation.py -> build/lib.linux-x86_64-cpython-310/gensim/test
      copying gensim/test/test_nmf.py -> build/lib.linux-x86_64-cpython-310/gensim/test
      copying gensim/test/test_dtm.py -> build/lib.linux-x86_64-cpython-310/gensim/test
      copying gensim/test/test_lee.py -> build/lib.linux-x86_64-cpython-310/gensim/test
      copying gensim/test/test_matutils.py -> build/lib.linux-x86_64-cpython-310/gensim/test
      copying gensim/test/test_poincare.py -> build/lib.linux-x86_64-cpython-310/gensim/test
      copying gensim/test/__init__.py -> build/lib.linux-x86_64-cpython-310/gensim/test
      copying gensim/test/test_glove2word2vec.py -> build/lib.linux-x86_64-cpython-310/gensim/test
      copying gensim/test/test_lda_callback.py -> build/lib.linux-x86_64-cpython-310/gensim/test
      copying gensim/test/test_keyedvectors.py -> build/lib.linux-x86_64-cpython-310/gensim/test
      copying gensim/test/simspeed.py -> build/lib.linux-x86_64-cpython-310/gensim/test
      copying gensim/test/test_scripts.py -> build/lib.linux-x86_64-cpython-310/gensim/test
      copying gensim/test/test_big.py -> build/lib.linux-x86_64-cpython-310/gensim/test
      creating build/lib.linux-x86_64-cpython-310/gensim/topic_coherence
      copying gensim/topic_coherence/segmentation.py -> build/lib.linux-x86_64-cpython-310/gensim/topic_coherence
      copying gensim/topic_coherence/aggregation.py -> build/lib.linux-x86_64-cpython-310/gensim/topic_coherence
      copying gensim/topic_coherence/probability_estimation.py -> build/lib.linux-x86_64-cpython-310/gensim/topic_coherence
      copying gensim/topic_coherence/direct_confirmation_measure.py -> build/lib.linux-x86_64-cpython-310/gensim/topic_coherence
      copying gensim/topic_coherence/indirect_confirmation_measure.py -> build/lib.linux-x86_64-cpython-310/gensim/topic_coherence
      copying gensim/topic_coherence/text_analysis.py -> build/lib.linux-x86_64-cpython-310/gensim/topic_coherence
      copying gensim/topic_coherence/__init__.py -> build/lib.linux-x86_64-cpython-310/gensim/topic_coherence
      creating build/lib.linux-x86_64-cpython-310/gensim/parsing
      copying gensim/parsing/preprocessing.py -> build/lib.linux-x86_64-cpython-310/gensim/parsing
      copying gensim/parsing/porter.py -> build/lib.linux-x86_64-cpython-310/gensim/parsing
      copying gensim/parsing/__init__.py -> build/lib.linux-x86_64-cpython-310/gensim/parsing
      creating build/lib.linux-x86_64-cpython-310/gensim/corpora
      copying gensim/corpora/lowcorpus.py -> build/lib.linux-x86_64-cpython-310/gensim/corpora
      copying gensim/corpora/hashdictionary.py -> build/lib.linux-x86_64-cpython-310/gensim/corpora
      copying gensim/corpora/dictionary.py -> build/lib.linux-x86_64-cpython-310/gensim/corpora
      copying gensim/corpora/malletcorpus.py -> build/lib.linux-x86_64-cpython-310/gensim/corpora
      copying gensim/corpora/sharded_corpus.py -> build/lib.linux-x86_64-cpython-310/gensim/corpora
      copying gensim/corpora/csvcorpus.py -> build/lib.linux-x86_64-cpython-310/gensim/corpora
      copying gensim/corpora/bleicorpus.py -> build/lib.linux-x86_64-cpython-310/gensim/corpora
      copying gensim/corpora/mmcorpus.py -> build/lib.linux-x86_64-cpython-310/gensim/corpora
      copying gensim/corpora/indexedcorpus.py -> build/lib.linux-x86_64-cpython-310/gensim/corpora
      copying gensim/corpora/wikicorpus.py -> build/lib.linux-x86_64-cpython-310/gensim/corpora
      copying gensim/corpora/textcorpus.py -> build/lib.linux-x86_64-cpython-310/gensim/corpora
      copying gensim/corpora/opinosiscorpus.py -> build/lib.linux-x86_64-cpython-310/gensim/corpora
      copying gensim/corpora/svmlightcorpus.py -> build/lib.linux-x86_64-cpython-310/gensim/corpora
      copying gensim/corpora/ucicorpus.py -> build/lib.linux-x86_64-cpython-310/gensim/corpora
      copying gensim/corpora/__init__.py -> build/lib.linux-x86_64-cpython-310/gensim/corpora
      creating build/lib.linux-x86_64-cpython-310/gensim/models
      copying gensim/models/ldamodel.py -> build/lib.linux-x86_64-cpython-310/gensim/models
      copying gensim/models/callbacks.py -> build/lib.linux-x86_64-cpython-310/gensim/models
      copying gensim/models/word2vec.py -> build/lib.linux-x86_64-cpython-310/gensim/models
      copying gensim/models/ensemblelda.py -> build/lib.linux-x86_64-cpython-310/gensim/models
      copying gensim/models/ldaseqmodel.py -> build/lib.linux-x86_64-cpython-310/gensim/models
      copying gensim/models/phrases.py -> build/lib.linux-x86_64-cpython-310/gensim/models
      copying gensim/models/hdpmodel.py -> build/lib.linux-x86_64-cpython-310/gensim/models
      copying gensim/models/translation_matrix.py -> build/lib.linux-x86_64-cpython-310/gensim/models
      copying gensim/models/lsimodel.py -> build/lib.linux-x86_64-cpython-310/gensim/models
      copying gensim/models/fasttext.py -> build/lib.linux-x86_64-cpython-310/gensim/models
      copying gensim/models/lda_worker.py -> build/lib.linux-x86_64-cpython-310/gensim/models
      copying gensim/models/lsi_worker.py -> build/lib.linux-x86_64-cpython-310/gensim/models
      copying gensim/models/tfidfmodel.py -> build/lib.linux-x86_64-cpython-310/gensim/models
      copying gensim/models/ldamulticore.py -> build/lib.linux-x86_64-cpython-310/gensim/models
      copying gensim/models/rpmodel.py -> build/lib.linux-x86_64-cpython-310/gensim/models
      copying gensim/models/nmf.py -> build/lib.linux-x86_64-cpython-310/gensim/models
      copying gensim/models/logentropy_model.py -> build/lib.linux-x86_64-cpython-310/gensim/models
      copying gensim/models/poincare.py -> build/lib.linux-x86_64-cpython-310/gensim/models
      copying gensim/models/doc2vec.py -> build/lib.linux-x86_64-cpython-310/gensim/models
      copying gensim/models/basemodel.py -> build/lib.linux-x86_64-cpython-310/gensim/models
      copying gensim/models/keyedvectors.py -> build/lib.linux-x86_64-cpython-310/gensim/models
      copying gensim/models/normmodel.py -> build/lib.linux-x86_64-cpython-310/gensim/models
      copying gensim/models/lda_dispatcher.py -> build/lib.linux-x86_64-cpython-310/gensim/models
      copying gensim/models/_fasttext_bin.py -> build/lib.linux-x86_64-cpython-310/gensim/models
      copying gensim/models/__init__.py -> build/lib.linux-x86_64-cpython-310/gensim/models
      copying gensim/models/atmodel.py -> build/lib.linux-x86_64-cpython-310/gensim/models
      copying gensim/models/coherencemodel.py -> build/lib.linux-x86_64-cpython-310/gensim/models
      copying gensim/models/lsi_dispatcher.py -> build/lib.linux-x86_64-cpython-310/gensim/models
      running egg_info
      writing gensim.egg-info/PKG-INFO
      writing dependency_links to gensim.egg-info/dependency_links.txt
      writing requirements to gensim.egg-info/requires.txt
      writing top-level names to gensim.egg-info/top_level.txt
      reading manifest file 'gensim.egg-info/SOURCES.txt'
      reading manifest template 'MANIFEST.in'
      warning: no files found matching 'COPYING.LESSER'
      warning: no files found matching 'ez_setup.py'
      warning: no files found matching 'gensim/models/doc2vec_inner.c'
      adding license file 'COPYING'
      writing manifest file 'gensim.egg-info/SOURCES.txt'
      copying gensim/_matutils.c -> build/lib.linux-x86_64-cpython-310/gensim
      copying gensim/_matutils.pyx -> build/lib.linux-x86_64-cpython-310/gensim
      copying gensim/similarities/fastss.c -> build/lib.linux-x86_64-cpython-310/gensim/similarities
      creating build/lib.linux-x86_64-cpython-310/gensim/test/test_data
      copying gensim/test/test_data/EN.1-10.cbow1_wind5_hs0_neg10_size300_smpl1e-05.txt -> build/lib.linux-x86_64-cpython-310/gensim/test/test_data
      copying gensim/test/test_data/IT.1-10.cbow1_wind5_hs0_neg10_size300_smpl1e-05.txt -> build/lib.linux-x86_64-cpython-310/gensim/test/test_data
      copying gensim/test/test_data/OPUS_en_it_europarl_train_one2ten.txt -> build/lib.linux-x86_64-cpython-310/gensim/test/test_data
      copying gensim/test/test_data/alldata-id-10.txt -> build/lib.linux-x86_64-cpython-310/gensim/test/test_data
      copying gensim/test/test_data/atmodel_3_0_1_model -> build/lib.linux-x86_64-cpython-310/gensim/test/test_data
      copying gensim/test/test_data/atmodel_3_0_1_model.expElogbeta.npy -> build/lib.linux-x86_64-cpython-310/gensim/test/test_data
      copying gensim/test/test_data/atmodel_3_0_1_model.id2word -> build/lib.linux-x86_64-cpython-310/gensim/test/test_data
      copying gensim/test/test_data/atmodel_3_0_1_model.state -> build/lib.linux-x86_64-cpython-310/gensim/test/test_data
      copying gensim/test/test_data/bgwiki-latest-pages-articles-shortened.xml.bz2 -> build/lib.linux-x86_64-cpython-310/gensim/test/test_data
      copying gensim/test/test_data/compatible-hash-true.model -> build/lib.linux-x86_64-cpython-310/gensim/test/test_data
      copying gensim/test/test_data/cp852_fasttext.bin -> build/lib.linux-x86_64-cpython-310/gensim/test/test_data
      copying gensim/test/test_data/crime-and-punishment.bin -> build/lib.linux-x86_64-cpython-310/gensim/test/test_data
      copying gensim/test/test_data/crime-and-punishment.txt -> build/lib.linux-x86_64-cpython-310/gensim/test/test_data
      copying gensim/test/test_data/crime-and-punishment.vec -> build/lib.linux-x86_64-cpython-310/gensim/test/test_data
      copying gensim/test/test_data/d2v-lee-v0.13.0 -> build/lib.linux-x86_64-cpython-310/gensim/test/test_data
      copying gensim/test/test_data/doc2vec_old -> build/lib.linux-x86_64-cpython-310/gensim/test/test_data
      copying gensim/test/test_data/doc2vec_old_sep -> build/lib.linux-x86_64-cpython-310/gensim/test/test_data
      copying gensim/test/test_data/doc2vec_old_sep.syn0_lockf.npy -> build/lib.linux-x86_64-cpython-310/gensim/test/test_data
      copying gensim/test/test_data/doc2vec_old_sep.syn1neg.npy -> build/lib.linux-x86_64-cpython-310/gensim/test/test_data
      copying gensim/test/test_data/dtm_test.dict -> build/lib.linux-x86_64-cpython-310/gensim/test/test_data
      copying gensim/test/test_data/dtm_test.mm -> build/lib.linux-x86_64-cpython-310/gensim/test/test_data
      copying gensim/test/test_data/ensemblelda -> build/lib.linux-x86_64-cpython-310/gensim/test/test_data
      copying gensim/test/test_data/enwiki-latest-pages-articles1.xml-p000000010p000030302-shortened.bz2 -> build/lib.linux-x86_64-cpython-310/gensim/test/test_data
      copying gensim/test/test_data/enwiki-table-markup.xml.bz2 -> build/lib.linux-x86_64-cpython-310/gensim/test/test_data
      copying gensim/test/test_data/euclidean_vectors.bin -> build/lib.linux-x86_64-cpython-310/gensim/test/test_data
      copying gensim/test/test_data/fasttext_old -> build/lib.linux-x86_64-cpython-310/gensim/test/test_data
      copying gensim/test/test_data/fasttext_old_sep -> build/lib.linux-x86_64-cpython-310/gensim/test/test_data
      copying gensim/test/test_data/fasttext_old_sep.syn0_lockf.npy -> build/lib.linux-x86_64-cpython-310/gensim/test/test_data
      copying gensim/test/test_data/fasttext_old_sep.syn1neg.npy -> build/lib.linux-x86_64-cpython-310/gensim/test/test_data
      copying gensim/test/test_data/fb-ngrams.txt -> build/lib.linux-x86_64-cpython-310/gensim/test/test_data
      copying gensim/test/test_data/ft_kv_3.6.0.model.gz -> build/lib.linux-x86_64-cpython-310/gensim/test/test_data
      copying gensim/test/test_data/ft_model_2.3.0 -> build/lib.linux-x86_64-cpython-310/gensim/test/test_data
      copying gensim/test/test_data/head500.noblanks.cor -> build/lib.linux-x86_64-cpython-310/gensim/test/test_data
      copying gensim/test/test_data/head500.noblanks.cor.bz2 -> build/lib.linux-x86_64-cpython-310/gensim/test/test_data
      copying gensim/test/test_data/head500.noblanks.cor_tfidf.model -> build/lib.linux-x86_64-cpython-310/gensim/test/test_data
      copying gensim/test/test_data/head500.noblanks.cor_wordids.txt -> build/lib.linux-x86_64-cpython-310/gensim/test/test_data
      copying gensim/test/test_data/high_precision.kv.bin -> build/lib.linux-x86_64-cpython-310/gensim/test/test_data
      copying gensim/test/test_data/high_precision.kv.txt -> build/lib.linux-x86_64-cpython-310/gensim/test/test_data
      copying gensim/test/test_data/large_tag_doc_10_iter50 -> build/lib.linux-x86_64-cpython-310/gensim/test/test_data
      copying gensim/test/test_data/lda_3_0_1_model -> build/lib.linux-x86_64-cpython-310/gensim/test/test_data
      copying gensim/test/test_data/lda_3_0_1_model.expElogbeta.npy -> build/lib.linux-x86_64-cpython-310/gensim/test/test_data
      copying gensim/test/test_data/lda_3_0_1_model.id2word -> build/lib.linux-x86_64-cpython-310/gensim/test/test_data
      copying gensim/test/test_data/lda_3_0_1_model.state -> build/lib.linux-x86_64-cpython-310/gensim/test/test_data
      copying gensim/test/test_data/ldamodel_python_2_7 -> build/lib.linux-x86_64-cpython-310/gensim/test/test_data
      copying gensim/test/test_data/ldamodel_python_2_7.expElogbeta.npy -> build/lib.linux-x86_64-cpython-310/gensim/test/test_data
      copying gensim/test/test_data/ldamodel_python_2_7.id2word -> build/lib.linux-x86_64-cpython-310/gensim/test/test_data
      copying gensim/test/test_data/ldamodel_python_2_7.state -> build/lib.linux-x86_64-cpython-310/gensim/test/test_data
      copying gensim/test/test_data/ldamodel_python_3_5 -> build/lib.linux-x86_64-cpython-310/gensim/test/test_data
      copying gensim/test/test_data/ldamodel_python_3_5.expElogbeta.npy -> build/lib.linux-x86_64-cpython-310/gensim/test/test_data
      copying gensim/test/test_data/ldamodel_python_3_5.id2word -> build/lib.linux-x86_64-cpython-310/gensim/test/test_data
      copying gensim/test/test_data/ldamodel_python_3_5.state -> build/lib.linux-x86_64-cpython-310/gensim/test/test_data
      copying gensim/test/test_data/ldavowpalwabbit.dict.txt -> build/lib.linux-x86_64-cpython-310/gensim/test/test_data
      copying gensim/test/test_data/ldavowpalwabbit.txt -> build/lib.linux-x86_64-cpython-310/gensim/test/test_data
      copying gensim/test/test_data/lee.cor -> build/lib.linux-x86_64-cpython-310/gensim/test/test_data
      copying gensim/test/test_data/lee_background.cor -> build/lib.linux-x86_64-cpython-310/gensim/test/test_data
      copying gensim/test/test_data/lee_fasttext -> build/lib.linux-x86_64-cpython-310/gensim/test/test_data
      copying gensim/test/test_data/lee_fasttext.bin -> build/lib.linux-x86_64-cpython-310/gensim/test/test_data
      copying gensim/test/test_data/lee_fasttext.vec -> build/lib.linux-x86_64-cpython-310/gensim/test/test_data
      copying gensim/test/test_data/lee_fasttext_new.bin -> build/lib.linux-x86_64-cpython-310/gensim/test/test_data
      copying gensim/test/test_data/miIslita.cor -> build/lib.linux-x86_64-cpython-310/gensim/test/test_data
      copying gensim/test/test_data/mini_newsgroup -> build/lib.linux-x86_64-cpython-310/gensim/test/test_data
      copying gensim/test/test_data/nmf_model -> build/lib.linux-x86_64-cpython-310/gensim/test/test_data
      copying gensim/test/test_data/non_ascii_fasttext.bin -> build/lib.linux-x86_64-cpython-310/gensim/test/test_data
      copying gensim/test/test_data/old_keyedvectors_320.dat -> build/lib.linux-x86_64-cpython-310/gensim/test/test_data
      copying gensim/test/test_data/pang_lee_polarity.cor -> build/lib.linux-x86_64-cpython-310/gensim/test/test_data
      copying gensim/test/test_data/pang_lee_polarity_fasttext.bin -> build/lib.linux-x86_64-cpython-310/gensim/test/test_data
      copying gensim/test/test_data/pang_lee_polarity_fasttext.vec -> build/lib.linux-x86_64-cpython-310/gensim/test/test_data
      copying gensim/test/test_data/para2para_text1.txt -> build/lib.linux-x86_64-cpython-310/gensim/test/test_data
      copying gensim/test/test_data/para2para_text2.txt -> build/lib.linux-x86_64-cpython-310/gensim/test/test_data
      copying gensim/test/test_data/phraser-3.6.0.model -> build/lib.linux-x86_64-cpython-310/gensim/test/test_data
      copying gensim/test/test_data/phraser-no-common-terms.pkl -> build/lib.linux-x86_64-cpython-310/gensim/test/test_data
      copying gensim/test/test_data/phraser-no-scoring.pkl -> build/lib.linux-x86_64-cpython-310/gensim/test/test_data
      copying gensim/test/test_data/phraser-scoring-str.pkl -> build/lib.linux-x86_64-cpython-310/gensim/test/test_data
      copying gensim/test/test_data/phrases-3.6.0.model -> build/lib.linux-x86_64-cpython-310/gensim/test/test_data
      copying gensim/test/test_data/phrases-no-common-terms.pkl -> build/lib.linux-x86_64-cpython-310/gensim/test/test_data
      copying gensim/test/test_data/phrases-no-scoring.pkl -> build/lib.linux-x86_64-cpython-310/gensim/test/test_data
      copying gensim/test/test_data/phrases-scoring-str.pkl -> build/lib.linux-x86_64-cpython-310/gensim/test/test_data
      copying gensim/test/test_data/poincare_cp852.tsv -> build/lib.linux-x86_64-cpython-310/gensim/test/test_data
      copying gensim/test/test_data/poincare_hypernyms.tsv -> build/lib.linux-x86_64-cpython-310/gensim/test/test_data
      copying gensim/test/test_data/poincare_hypernyms_large.tsv -> build/lib.linux-x86_64-cpython-310/gensim/test/test_data
      copying gensim/test/test_data/poincare_test_3.4.0 -> build/lib.linux-x86_64-cpython-310/gensim/test/test_data
      copying gensim/test/test_data/poincare_utf8.tsv -> build/lib.linux-x86_64-cpython-310/gensim/test/test_data
      copying gensim/test/test_data/poincare_vectors.bin -> build/lib.linux-x86_64-cpython-310/gensim/test/test_data
      copying gensim/test/test_data/pre_0_13_2_model -> build/lib.linux-x86_64-cpython-310/gensim/test/test_data
      copying gensim/test/test_data/pre_0_13_2_model.state -> build/lib.linux-x86_64-cpython-310/gensim/test/test_data
      copying gensim/test/test_data/pretrained.vec -> build/lib.linux-x86_64-cpython-310/gensim/test/test_data
      copying gensim/test/test_data/questions-words.txt -> build/lib.linux-x86_64-cpython-310/gensim/test/test_data
      copying gensim/test/test_data/reproduce.dat -> build/lib.linux-x86_64-cpython-310/gensim/test/test_data
      copying gensim/test/test_data/reproduce.dat.gz -> build/lib.linux-x86_64-cpython-310/gensim/test/test_data
      copying gensim/test/test_data/similarities0-1.txt -> build/lib.linux-x86_64-cpython-310/gensim/test/test_data
      copying gensim/test/test_data/simlex999.txt -> build/lib.linux-x86_64-cpython-310/gensim/test/test_data
      copying gensim/test/test_data/small_tag_doc_5_iter50 -> build/lib.linux-x86_64-cpython-310/gensim/test/test_data
      copying gensim/test/test_data/test_corpus_ok.mm -> build/lib.linux-x86_64-cpython-310/gensim/test/test_data
      copying gensim/test/test_data/test_corpus_small.mm -> build/lib.linux-x86_64-cpython-310/gensim/test/test_data
      copying gensim/test/test_data/test_glove.txt -> build/lib.linux-x86_64-cpython-310/gensim/test/test_data
      copying gensim/test/test_data/test_mmcorpus_corrupt.mm -> build/lib.linux-x86_64-cpython-310/gensim/test/test_data
      copying gensim/test/test_data/test_mmcorpus_no_index.mm -> build/lib.linux-x86_64-cpython-310/gensim/test/test_data
      copying gensim/test/test_data/test_mmcorpus_no_index.mm.bz2 -> build/lib.linux-x86_64-cpython-310/gensim/test/test_data
      copying gensim/test/test_data/test_mmcorpus_no_index.mm.gz -> build/lib.linux-x86_64-cpython-310/gensim/test/test_data
      copying gensim/test/test_data/test_mmcorpus_overflow.mm -> build/lib.linux-x86_64-cpython-310/gensim/test/test_data
      copying gensim/test/test_data/test_mmcorpus_with_index.mm -> build/lib.linux-x86_64-cpython-310/gensim/test/test_data
      copying gensim/test/test_data/test_mmcorpus_with_index.mm.index -> build/lib.linux-x86_64-cpython-310/gensim/test/test_data
      copying gensim/test/test_data/testcorpus.blei -> build/lib.linux-x86_64-cpython-310/gensim/test/test_data
      copying gensim/test/test_data/testcorpus.blei.index -> build/lib.linux-x86_64-cpython-310/gensim/test/test_data
      copying gensim/test/test_data/testcorpus.blei.vocab -> build/lib.linux-x86_64-cpython-310/gensim/test/test_data
      copying gensim/test/test_data/testcorpus.low -> build/lib.linux-x86_64-cpython-310/gensim/test/test_data
      copying gensim/test/test_data/testcorpus.low.index -> build/lib.linux-x86_64-cpython-310/gensim/test/test_data
      copying gensim/test/test_data/testcorpus.mallet -> build/lib.linux-x86_64-cpython-310/gensim/test/test_data
      copying gensim/test/test_data/testcorpus.mallet.index -> build/lib.linux-x86_64-cpython-310/gensim/test/test_data
      copying gensim/test/test_data/testcorpus.mm -> build/lib.linux-x86_64-cpython-310/gensim/test/test_data
      copying gensim/test/test_data/testcorpus.mm.index -> build/lib.linux-x86_64-cpython-310/gensim/test/test_data
      copying gensim/test/test_data/testcorpus.svmlight -> build/lib.linux-x86_64-cpython-310/gensim/test/test_data
      copying gensim/test/test_data/testcorpus.svmlight.index -> build/lib.linux-x86_64-cpython-310/gensim/test/test_data
      copying gensim/test/test_data/testcorpus.txt -> build/lib.linux-x86_64-cpython-310/gensim/test/test_data
      copying gensim/test/test_data/testcorpus.uci -> build/lib.linux-x86_64-cpython-310/gensim/test/test_data
      copying gensim/test/test_data/testcorpus.uci.index -> build/lib.linux-x86_64-cpython-310/gensim/test/test_data
      copying gensim/test/test_data/testcorpus.uci.vocab -> build/lib.linux-x86_64-cpython-310/gensim/test/test_data
      copying gensim/test/test_data/testcorpus.xml.bz2 -> build/lib.linux-x86_64-cpython-310/gensim/test/test_data
      copying gensim/test/test_data/testcorpus_serialization.mm.index -> build/lib.linux-x86_64-cpython-310/gensim/test/test_data
      copying gensim/test/test_data/tfidf_model.tst -> build/lib.linux-x86_64-cpython-310/gensim/test/test_data
      copying gensim/test/test_data/tfidf_model.tst.bz2 -> build/lib.linux-x86_64-cpython-310/gensim/test/test_data
      copying gensim/test/test_data/tfidf_model_3_2.tst -> build/lib.linux-x86_64-cpython-310/gensim/test/test_data
      copying gensim/test/test_data/toy-data.txt -> build/lib.linux-x86_64-cpython-310/gensim/test/test_data
      copying gensim/test/test_data/toy-model-pretrained.bin -> build/lib.linux-x86_64-cpython-310/gensim/test/test_data
      copying gensim/test/test_data/toy-model.bin -> build/lib.linux-x86_64-cpython-310/gensim/test/test_data
      copying gensim/test/test_data/toy-model.vec -> build/lib.linux-x86_64-cpython-310/gensim/test/test_data
      copying gensim/test/test_data/varembed_lee_subcorpus.cor -> build/lib.linux-x86_64-cpython-310/gensim/test/test_data
      copying gensim/test/test_data/varembed_morfessor.bin -> build/lib.linux-x86_64-cpython-310/gensim/test/test_data
      copying gensim/test/test_data/varembed_vectors.pkl -> build/lib.linux-x86_64-cpython-310/gensim/test/test_data
      copying gensim/test/test_data/w2v-lee-v0.12.0 -> build/lib.linux-x86_64-cpython-310/gensim/test/test_data
      copying gensim/test/test_data/w2v_keyedvectors_load_test.modeldata -> build/lib.linux-x86_64-cpython-310/gensim/test/test_data
      copying gensim/test/test_data/w2v_keyedvectors_load_test.vocab -> build/lib.linux-x86_64-cpython-310/gensim/test/test_data
      copying gensim/test/test_data/word2vec_3.3 -> build/lib.linux-x86_64-cpython-310/gensim/test/test_data
      copying gensim/test/test_data/word2vec_old -> build/lib.linux-x86_64-cpython-310/gensim/test/test_data
      copying gensim/test/test_data/word2vec_old_sep -> build/lib.linux-x86_64-cpython-310/gensim/test/test_data
      copying gensim/test/test_data/word2vec_old_sep.syn0_lockf.npy -> build/lib.linux-x86_64-cpython-310/gensim/test/test_data
      copying gensim/test/test_data/word2vec_old_sep.syn1neg.npy -> build/lib.linux-x86_64-cpython-310/gensim/test/test_data
      copying gensim/test/test_data/word2vec_pre_kv_c -> build/lib.linux-x86_64-cpython-310/gensim/test/test_data
      copying gensim/test/test_data/word2vec_pre_kv_py2 -> build/lib.linux-x86_64-cpython-310/gensim/test/test_data
      copying gensim/test/test_data/word2vec_pre_kv_py3 -> build/lib.linux-x86_64-cpython-310/gensim/test/test_data
      copying gensim/test/test_data/word2vec_pre_kv_py3_4 -> build/lib.linux-x86_64-cpython-310/gensim/test/test_data
      copying gensim/test/test_data/word2vec_pre_kv_sep_py2 -> build/lib.linux-x86_64-cpython-310/gensim/test/test_data
      copying gensim/test/test_data/word2vec_pre_kv_sep_py2.neg_labels.npy -> build/lib.linux-x86_64-cpython-310/gensim/test/test_data
      copying gensim/test/test_data/word2vec_pre_kv_sep_py2.syn0.npy -> build/lib.linux-x86_64-cpython-310/gensim/test/test_data
      copying gensim/test/test_data/word2vec_pre_kv_sep_py2.syn0_lockf.npy -> build/lib.linux-x86_64-cpython-310/gensim/test/test_data
      copying gensim/test/test_data/word2vec_pre_kv_sep_py2.syn1neg.npy -> build/lib.linux-x86_64-cpython-310/gensim/test/test_data
      copying gensim/test/test_data/word2vec_pre_kv_sep_py3 -> build/lib.linux-x86_64-cpython-310/gensim/test/test_data
      copying gensim/test/test_data/word2vec_pre_kv_sep_py3.neg_labels.npy -> build/lib.linux-x86_64-cpython-310/gensim/test/test_data
      copying gensim/test/test_data/word2vec_pre_kv_sep_py3.syn0.npy -> build/lib.linux-x86_64-cpython-310/gensim/test/test_data
      copying gensim/test/test_data/word2vec_pre_kv_sep_py3.syn0_lockf.npy -> build/lib.linux-x86_64-cpython-310/gensim/test/test_data
      copying gensim/test/test_data/word2vec_pre_kv_sep_py3.syn1neg.npy -> build/lib.linux-x86_64-cpython-310/gensim/test/test_data
      copying gensim/test/test_data/word2vec_pre_kv_sep_py3_4 -> build/lib.linux-x86_64-cpython-310/gensim/test/test_data
      copying gensim/test/test_data/word2vec_pre_kv_sep_py3_4.neg_labels.npy -> build/lib.linux-x86_64-cpython-310/gensim/test/test_data
      copying gensim/test/test_data/word2vec_pre_kv_sep_py3_4.syn0.npy -> build/lib.linux-x86_64-cpython-310/gensim/test/test_data
      copying gensim/test/test_data/word2vec_pre_kv_sep_py3_4.syn0_lockf.npy -> build/lib.linux-x86_64-cpython-310/gensim/test/test_data
      copying gensim/test/test_data/word2vec_pre_kv_sep_py3_4.syn1neg.npy -> build/lib.linux-x86_64-cpython-310/gensim/test/test_data
      copying gensim/test/test_data/wordsim353.tsv -> build/lib.linux-x86_64-cpython-310/gensim/test/test_data
      creating build/lib.linux-x86_64-cpython-310/gensim/test/test_data/DTM
      copying gensim/test/test_data/DTM/ldaseq_3_0_1_model -> build/lib.linux-x86_64-cpython-310/gensim/test/test_data/DTM
      copying gensim/test/test_data/DTM/sstats_test.txt -> build/lib.linux-x86_64-cpython-310/gensim/test/test_data/DTM
      creating build/lib.linux-x86_64-cpython-310/gensim/test/test_data/PathLineSentences
      copying gensim/test/test_data/PathLineSentences/1.txt -> build/lib.linux-x86_64-cpython-310/gensim/test/test_data/PathLineSentences
      copying gensim/test/test_data/PathLineSentences/2.txt.bz2 -> build/lib.linux-x86_64-cpython-310/gensim/test/test_data/PathLineSentences
      creating build/lib.linux-x86_64-cpython-310/gensim/test/test_data/old_d2v_models
      copying gensim/test/test_data/old_d2v_models/d2v_0.12.0.mdl -> build/lib.linux-x86_64-cpython-310/gensim/test/test_data/old_d2v_models
      copying gensim/test/test_data/old_d2v_models/d2v_0.12.1.mdl -> build/lib.linux-x86_64-cpython-310/gensim/test/test_data/old_d2v_models
      copying gensim/test/test_data/old_d2v_models/d2v_0.12.2.mdl -> build/lib.linux-x86_64-cpython-310/gensim/test/test_data/old_d2v_models
      copying gensim/test/test_data/old_d2v_models/d2v_0.12.3.mdl -> build/lib.linux-x86_64-cpython-310/gensim/test/test_data/old_d2v_models
      copying gensim/test/test_data/old_d2v_models/d2v_0.12.4.mdl -> build/lib.linux-x86_64-cpython-310/gensim/test/test_data/old_d2v_models
      copying gensim/test/test_data/old_d2v_models/d2v_0.13.0.mdl -> build/lib.linux-x86_64-cpython-310/gensim/test/test_data/old_d2v_models
      copying gensim/test/test_data/old_d2v_models/d2v_0.13.1.mdl -> build/lib.linux-x86_64-cpython-310/gensim/test/test_data/old_d2v_models
      copying gensim/test/test_data/old_d2v_models/d2v_0.13.2.mdl -> build/lib.linux-x86_64-cpython-310/gensim/test/test_data/old_d2v_models
      copying gensim/test/test_data/old_d2v_models/d2v_0.13.3.mdl -> build/lib.linux-x86_64-cpython-310/gensim/test/test_data/old_d2v_models
      copying gensim/test/test_data/old_d2v_models/d2v_0.13.4.mdl -> build/lib.linux-x86_64-cpython-310/gensim/test/test_data/old_d2v_models
      copying gensim/test/test_data/old_d2v_models/d2v_1.0.0.mdl -> build/lib.linux-x86_64-cpython-310/gensim/test/test_data/old_d2v_models
      copying gensim/test/test_data/old_d2v_models/d2v_1.0.1.mdl -> build/lib.linux-x86_64-cpython-310/gensim/test/test_data/old_d2v_models
      copying gensim/test/test_data/old_d2v_models/d2v_2.0.0.mdl -> build/lib.linux-x86_64-cpython-310/gensim/test/test_data/old_d2v_models
      copying gensim/test/test_data/old_d2v_models/d2v_2.1.0.mdl -> build/lib.linux-x86_64-cpython-310/gensim/test/test_data/old_d2v_models
      copying gensim/test/test_data/old_d2v_models/d2v_2.2.0.mdl -> build/lib.linux-x86_64-cpython-310/gensim/test/test_data/old_d2v_models
      copying gensim/test/test_data/old_d2v_models/d2v_2.3.0.mdl -> build/lib.linux-x86_64-cpython-310/gensim/test/test_data/old_d2v_models
      copying gensim/test/test_data/old_d2v_models/d2v_3.0.0.mdl -> build/lib.linux-x86_64-cpython-310/gensim/test/test_data/old_d2v_models
      copying gensim/test/test_data/old_d2v_models/d2v_3.1.0.mdl -> build/lib.linux-x86_64-cpython-310/gensim/test/test_data/old_d2v_models
      copying gensim/test/test_data/old_d2v_models/d2v_3.2.0.mdl -> build/lib.linux-x86_64-cpython-310/gensim/test/test_data/old_d2v_models
      copying gensim/test/test_data/old_d2v_models/d2v_3.3.0.mdl -> build/lib.linux-x86_64-cpython-310/gensim/test/test_data/old_d2v_models
      copying gensim/test/test_data/old_d2v_models/d2v_3.4.0.mdl -> build/lib.linux-x86_64-cpython-310/gensim/test/test_data/old_d2v_models
      creating build/lib.linux-x86_64-cpython-310/gensim/test/test_data/old_w2v_models
      copying gensim/test/test_data/old_w2v_models/w2v_0.12.0.mdl -> build/lib.linux-x86_64-cpython-310/gensim/test/test_data/old_w2v_models
      copying gensim/test/test_data/old_w2v_models/w2v_0.12.1.mdl -> build/lib.linux-x86_64-cpython-310/gensim/test/test_data/old_w2v_models
      copying gensim/test/test_data/old_w2v_models/w2v_0.12.2.mdl -> build/lib.linux-x86_64-cpython-310/gensim/test/test_data/old_w2v_models
      copying gensim/test/test_data/old_w2v_models/w2v_0.12.3.mdl -> build/lib.linux-x86_64-cpython-310/gensim/test/test_data/old_w2v_models
      copying gensim/test/test_data/old_w2v_models/w2v_0.12.4.mdl -> build/lib.linux-x86_64-cpython-310/gensim/test/test_data/old_w2v_models
      copying gensim/test/test_data/old_w2v_models/w2v_0.13.0.mdl -> build/lib.linux-x86_64-cpython-310/gensim/test/test_data/old_w2v_models
      copying gensim/test/test_data/old_w2v_models/w2v_0.13.1.mdl -> build/lib.linux-x86_64-cpython-310/gensim/test/test_data/old_w2v_models
      copying gensim/test/test_data/old_w2v_models/w2v_0.13.2.mdl -> build/lib.linux-x86_64-cpython-310/gensim/test/test_data/old_w2v_models
      copying gensim/test/test_data/old_w2v_models/w2v_0.13.3.mdl -> build/lib.linux-x86_64-cpython-310/gensim/test/test_data/old_w2v_models
      copying gensim/test/test_data/old_w2v_models/w2v_0.13.4.mdl -> build/lib.linux-x86_64-cpython-310/gensim/test/test_data/old_w2v_models
      copying gensim/test/test_data/old_w2v_models/w2v_1.0.0.mdl -> build/lib.linux-x86_64-cpython-310/gensim/test/test_data/old_w2v_models
      copying gensim/test/test_data/old_w2v_models/w2v_1.0.1.mdl -> build/lib.linux-x86_64-cpython-310/gensim/test/test_data/old_w2v_models
      copying gensim/test/test_data/old_w2v_models/w2v_2.0.0.mdl -> build/lib.linux-x86_64-cpython-310/gensim/test/test_data/old_w2v_models
      copying gensim/test/test_data/old_w2v_models/w2v_2.1.0.mdl -> build/lib.linux-x86_64-cpython-310/gensim/test/test_data/old_w2v_models
      copying gensim/test/test_data/old_w2v_models/w2v_2.2.0.mdl -> build/lib.linux-x86_64-cpython-310/gensim/test/test_data/old_w2v_models
      copying gensim/test/test_data/old_w2v_models/w2v_2.3.0.mdl -> build/lib.linux-x86_64-cpython-310/gensim/test/test_data/old_w2v_models
      copying gensim/test/test_data/old_w2v_models/w2v_3.0.0.mdl -> build/lib.linux-x86_64-cpython-310/gensim/test/test_data/old_w2v_models
      copying gensim/test/test_data/old_w2v_models/w2v_3.1.0.mdl -> build/lib.linux-x86_64-cpython-310/gensim/test/test_data/old_w2v_models
      copying gensim/test/test_data/old_w2v_models/w2v_3.2.0.mdl -> build/lib.linux-x86_64-cpython-310/gensim/test/test_data/old_w2v_models
      copying gensim/test/test_data/old_w2v_models/w2v_3.3.0.mdl -> build/lib.linux-x86_64-cpython-310/gensim/test/test_data/old_w2v_models
      copying gensim/test/test_data/old_w2v_models/w2v_3.4.0.mdl -> build/lib.linux-x86_64-cpython-310/gensim/test/test_data/old_w2v_models
      copying gensim/corpora/_mmreader.c -> build/lib.linux-x86_64-cpython-310/gensim/corpora
      copying gensim/corpora/_mmreader.pyx -> build/lib.linux-x86_64-cpython-310/gensim/corpora
      copying gensim/models/doc2vec_corpusfile.cpp -> build/lib.linux-x86_64-cpython-310/gensim/models
      copying gensim/models/doc2vec_corpusfile.pyx -> build/lib.linux-x86_64-cpython-310/gensim/models
      copying gensim/models/doc2vec_inner.cpp -> build/lib.linux-x86_64-cpython-310/gensim/models
      copying gensim/models/doc2vec_inner.pxd -> build/lib.linux-x86_64-cpython-310/gensim/models
      copying gensim/models/doc2vec_inner.pyx -> build/lib.linux-x86_64-cpython-310/gensim/models
      copying gensim/models/fast_line_sentence.h -> build/lib.linux-x86_64-cpython-310/gensim/models
      copying gensim/models/fasttext_corpusfile.cpp -> build/lib.linux-x86_64-cpython-310/gensim/models
      copying gensim/models/fasttext_corpusfile.pyx -> build/lib.linux-x86_64-cpython-310/gensim/models
      copying gensim/models/fasttext_inner.c -> build/lib.linux-x86_64-cpython-310/gensim/models
      copying gensim/models/fasttext_inner.pxd -> build/lib.linux-x86_64-cpython-310/gensim/models
      copying gensim/models/fasttext_inner.pyx -> build/lib.linux-x86_64-cpython-310/gensim/models
      copying gensim/models/nmf_pgd.c -> build/lib.linux-x86_64-cpython-310/gensim/models
      copying gensim/models/nmf_pgd.pyx -> build/lib.linux-x86_64-cpython-310/gensim/models
      copying gensim/models/stdint_wrapper.h -> build/lib.linux-x86_64-cpython-310/gensim/models
      copying gensim/models/voidptr.h -> build/lib.linux-x86_64-cpython-310/gensim/models
      copying gensim/models/word2vec_corpusfile.cpp -> build/lib.linux-x86_64-cpython-310/gensim/models
      copying gensim/models/word2vec_corpusfile.pxd -> build/lib.linux-x86_64-cpython-310/gensim/models
      copying gensim/models/word2vec_corpusfile.pyx -> build/lib.linux-x86_64-cpython-310/gensim/models
      copying gensim/models/word2vec_inner.c -> build/lib.linux-x86_64-cpython-310/gensim/models
      copying gensim/models/word2vec_inner.pxd -> build/lib.linux-x86_64-cpython-310/gensim/models
      copying gensim/models/word2vec_inner.pyx -> build/lib.linux-x86_64-cpython-310/gensim/models
      running build_ext
      building 'gensim.models.word2vec_inner' extension
      creating build/temp.linux-x86_64-cpython-310
      creating build/temp.linux-x86_64-cpython-310/gensim
      creating build/temp.linux-x86_64-cpython-310/gensim/models
      gcc -pthread -Wno-unused-result -Wsign-compare -DNDEBUG -g -fwrapv -O3 -Wall -fPIC -I/home/app/function/.tox/test/include -I/usr/local/include/python3.10 -I/home/app/function/.tox/test/lib/python3.10/site-packages/numpy/core/include -c gensim/models/word2vec_inner.c -o build/temp.linux-x86_64-cpython-310/gensim/models/word2vec_inner.o
      In file included from /home/app/function/.tox/test/lib/python3.10/site-packages/numpy/core/include/numpy/ndarraytypes.h:1960,
                       from /home/app/function/.tox/test/lib/python3.10/site-packages/numpy/core/include/numpy/ndarrayobject.h:12,
                       from /home/app/function/.tox/test/lib/python3.10/site-packages/numpy/core/include/numpy/arrayobject.h:5,
                       from gensim/models/word2vec_inner.c:631:
      /home/app/function/.tox/test/lib/python3.10/site-packages/numpy/core/include/numpy/npy_1_7_deprecated_api.h:17:2: warning: #warning "Using deprecated NumPy API, disable it with " "#define NPY_NO_DEPRECATED_API NPY_1_7_API_VERSION" [-Wcpp]
       #warning "Using deprecated NumPy API, disable it with " \
        ^~~~~~~
      gensim/models/word2vec_inner.c: In function â€˜__pyx_pf_6gensim_6models_14word2vec_inner_2train_batch_cbow.isra.22â€™:
      gensim/models/word2vec_inner.c:5799:28: warning: â€˜__pyx_v_vocab_sample_intsâ€™ may be used uninitialized in this function [-Wmaybe-uninitialized]
         __pyx_t_5numpy_uint32_t *__pyx_v_vocab_sample_ints;
                                  ^~~~~~~~~~~~~~~~~~~~~~~~~
      gensim/models/word2vec_inner.c: In function â€˜__pyx_pf_6gensim_6models_14word2vec_inner_train_batch_sg.isra.23â€™:
      gensim/models/word2vec_inner.c:4627:28: warning: â€˜__pyx_v_vocab_sample_intsâ€™ may be used uninitialized in this function [-Wmaybe-uninitialized]
         __pyx_t_5numpy_uint32_t *__pyx_v_vocab_sample_ints;
                                  ^~~~~~~~~~~~~~~~~~~~~~~~~
      gcc -pthread -shared -Wl,--strip-all build/temp.linux-x86_64-cpython-310/gensim/models/word2vec_inner.o -L/usr/local/lib -o build/lib.linux-x86_64-cpython-310/gensim/models/word2vec_inner.cpython-310-x86_64-linux-gnu.so
      building 'gensim.corpora._mmreader' extension
      creating build/temp.linux-x86_64-cpython-310/gensim/corpora
      gcc -pthread -Wno-unused-result -Wsign-compare -DNDEBUG -g -fwrapv -O3 -Wall -fPIC -I/home/app/function/.tox/test/include -I/usr/local/include/python3.10 -I/home/app/function/.tox/test/lib/python3.10/site-packages/numpy/core/include -c gensim/corpora/_mmreader.c -o build/temp.linux-x86_64-cpython-310/gensim/corpora/_mmreader.o
      gcc -pthread -shared -Wl,--strip-all build/temp.linux-x86_64-cpython-310/gensim/corpora/_mmreader.o -L/usr/local/lib -o build/lib.linux-x86_64-cpython-310/gensim/corpora/_mmreader.cpython-310-x86_64-linux-gnu.so
      building 'gensim.models.fasttext_inner' extension
      gcc -pthread -Wno-unused-result -Wsign-compare -DNDEBUG -g -fwrapv -O3 -Wall -fPIC -I/home/app/function/.tox/test/include -I/usr/local/include/python3.10 -I/home/app/function/.tox/test/lib/python3.10/site-packages/numpy/core/include -c gensim/models/fasttext_inner.c -o build/temp.linux-x86_64-cpython-310/gensim/models/fasttext_inner.o
      In file included from /home/app/function/.tox/test/lib/python3.10/site-packages/numpy/core/include/numpy/ndarraytypes.h:1960,
                       from /home/app/function/.tox/test/lib/python3.10/site-packages/numpy/core/include/numpy/ndarrayobject.h:12,
                       from /home/app/function/.tox/test/lib/python3.10/site-packages/numpy/core/include/numpy/arrayobject.h:5,
                       from gensim/models/fasttext_inner.c:632:
      /home/app/function/.tox/test/lib/python3.10/site-packages/numpy/core/include/numpy/npy_1_7_deprecated_api.h:17:2: warning: #warning "Using deprecated NumPy API, disable it with " "#define NPY_NO_DEPRECATED_API NPY_1_7_API_VERSION" [-Wcpp]
       #warning "Using deprecated NumPy API, disable it with " \
        ^~~~~~~
      gensim/models/fasttext_inner.c: In function â€˜__pyx_f_6gensim_6models_14fasttext_inner_fasttext_fast_sentence_sg_negâ€™:
      gensim/models/fasttext_inner.c:2268:35: warning: comparison of integer expressions of different signedness: â€˜intâ€™ and â€˜__pyx_t_5numpy_uint32_tâ€™ {aka â€˜unsigned intâ€™} [-Wsign-compare]
           for (__pyx_t_4 = 0; __pyx_t_4 < __pyx_t_3; __pyx_t_4+=1) {
                                         ^
      gensim/models/fasttext_inner.c:2534:33: warning: comparison of integer expressions of different signedness: â€˜intâ€™ and â€˜__pyx_t_5numpy_uint32_tâ€™ {aka â€˜unsigned intâ€™} [-Wsign-compare]
         for (__pyx_t_4 = 0; __pyx_t_4 < __pyx_t_3; __pyx_t_4+=1) {
                                       ^
      In file included from gensim/models/fasttext_inner.c:640:
      At top level:
      gensim/models/voidptr.h:8:15: warning: â€˜PyCObject_AsVoidPtrâ€™ defined but not used [-Wunused-function]
       static void * PyCObject_AsVoidPtr(PyObject *obj)
                     ^~~~~~~~~~~~~~~~~~~
      gensim/models/fasttext_inner.c: In function â€˜__pyx_f_6gensim_6models_14fasttext_inner_populate_ft_configâ€™:
      gensim/models/fasttext_inner.c:4360:28: warning: â€˜__pyx_v_vocab_sample_intsâ€™ may be used uninitialized in this function [-Wmaybe-uninitialized]
         __pyx_t_5numpy_uint32_t *__pyx_v_vocab_sample_ints;
                                  ^~~~~~~~~~~~~~~~~~~~~~~~~
      gcc -pthread -shared -Wl,--strip-all build/temp.linux-x86_64-cpython-310/gensim/models/fasttext_inner.o -L/usr/local/lib -o build/lib.linux-x86_64-cpython-310/gensim/models/fasttext_inner.cpython-310-x86_64-linux-gnu.so
      building 'gensim._matutils' extension
      gcc -pthread -Wno-unused-result -Wsign-compare -DNDEBUG -g -fwrapv -O3 -Wall -fPIC -I/home/app/function/.tox/test/include -I/usr/local/include/python3.10 -I/home/app/function/.tox/test/lib/python3.10/site-packages/numpy/core/include -c gensim/_matutils.c -o build/temp.linux-x86_64-cpython-310/gensim/_matutils.o
      In file included from /home/app/function/.tox/test/lib/python3.10/site-packages/numpy/core/include/numpy/ndarraytypes.h:1960,
                       from /home/app/function/.tox/test/lib/python3.10/site-packages/numpy/core/include/numpy/ndarrayobject.h:12,
                       from /home/app/function/.tox/test/lib/python3.10/site-packages/numpy/core/include/numpy/arrayobject.h:5,
                       from gensim/_matutils.c:626:
      /home/app/function/.tox/test/lib/python3.10/site-packages/numpy/core/include/numpy/npy_1_7_deprecated_api.h:17:2: warning: #warning "Using deprecated NumPy API, disable it with " "#define NPY_NO_DEPRECATED_API NPY_1_7_API_VERSION" [-Wcpp]
       #warning "Using deprecated NumPy API, disable it with " \
        ^~~~~~~
      gensim/_matutils.c: In function â€˜__Pyx_InitGlobalsâ€™:
      gensim/_matutils.c:21523:1: warning: â€˜PyEval_InitThreadsâ€™ is deprecated [-Wdeprecated-declarations]
       PyEval_InitThreads();
       ^~~~~~~~~~~~~~~~~~
      In file included from /usr/local/include/python3.10/Python.h:130,
                       from gensim/_matutils.c:20:
      /usr/local/include/python3.10/ceval.h:122:37: note: declared here
       Py_DEPRECATED(3.9) PyAPI_FUNC(void) PyEval_InitThreads(void);
                                           ^~~~~~~~~~~~~~~~~~
      gcc -pthread -shared -Wl,--strip-all build/temp.linux-x86_64-cpython-310/gensim/_matutils.o -L/usr/local/lib -o build/lib.linux-x86_64-cpython-310/gensim/_matutils.cpython-310-x86_64-linux-gnu.so
      building 'gensim.models.nmf_pgd' extension
      gcc -pthread -Wno-unused-result -Wsign-compare -DNDEBUG -g -fwrapv -O3 -Wall -fPIC -I/home/app/function/.tox/test/include -I/usr/local/include/python3.10 -I/home/app/function/.tox/test/lib/python3.10/site-packages/numpy/core/include -c gensim/models/nmf_pgd.c -o build/temp.linux-x86_64-cpython-310/gensim/models/nmf_pgd.o
      gensim/models/nmf_pgd.c: In function â€˜__Pyx_InitGlobalsâ€™:
      gensim/models/nmf_pgd.c:16730:1: warning: â€˜PyEval_InitThreadsâ€™ is deprecated [-Wdeprecated-declarations]
       PyEval_InitThreads();
       ^~~~~~~~~~~~~~~~~~
      In file included from /usr/local/include/python3.10/Python.h:130,
                       from gensim/models/nmf_pgd.c:20:
      /usr/local/include/python3.10/ceval.h:122:37: note: declared here
       Py_DEPRECATED(3.9) PyAPI_FUNC(void) PyEval_InitThreads(void);
                                           ^~~~~~~~~~~~~~~~~~
      gcc -pthread -shared -Wl,--strip-all build/temp.linux-x86_64-cpython-310/gensim/models/nmf_pgd.o -L/usr/local/lib -o build/lib.linux-x86_64-cpython-310/gensim/models/nmf_pgd.cpython-310-x86_64-linux-gnu.so
      building 'gensim.similarities.fastss' extension
      creating build/temp.linux-x86_64-cpython-310/gensim/similarities
      gcc -pthread -Wno-unused-result -Wsign-compare -DNDEBUG -g -fwrapv -O3 -Wall -fPIC -I/home/app/function/.tox/test/include -I/usr/local/include/python3.10 -I/home/app/function/.tox/test/lib/python3.10/site-packages/numpy/core/include -c gensim/similarities/fastss.c -o build/temp.linux-x86_64-cpython-310/gensim/similarities/fastss.o
      gcc -pthread -shared -Wl,--strip-all build/temp.linux-x86_64-cpython-310/gensim/similarities/fastss.o -L/usr/local/lib -o build/lib.linux-x86_64-cpython-310/gensim/similarities/fastss.cpython-310-x86_64-linux-gnu.so
      building 'gensim.models.doc2vec_inner' extension
      gcc -pthread -Wno-unused-result -Wsign-compare -DNDEBUG -g -fwrapv -O3 -Wall -fPIC -I/home/app/function/.tox/test/include -I/usr/local/include/python3.10 -I/home/app/function/.tox/test/lib/python3.10/site-packages/numpy/core/include -c gensim/models/doc2vec_inner.cpp -o build/temp.linux-x86_64-cpython-310/gensim/models/doc2vec_inner.o -std=c++11
      gcc: error trying to exec 'cc1plus': execvp: No such file or directory
      error: command '/usr/bin/gcc' failed with exit code 1
      [end of output]
  
  note: This error originates from a subprocess, and is likely not a problem with pip.
error: legacy-install-failure

Ã— Encountered error while trying to install package.
â•°â”€> gensim

note: This is an issue with the package mentioned above, not pip.
hint: See above for output from the failure.

=================================== log end ====================================
ERROR: could not install deps [flask, pytest, -rrequirements.txt]; v = InvocationError('/home/app/function/.tox/test/bin/python -m pip install flask pytest -rrequirements.txt', 1)
___________________________________ summary ____________________________________
  lint: commands succeeded
ERROR:   test: could not install deps [flask, pytest, -rrequirements.txt]; v = InvocationError('/home/app/function/.tox/test/bin/python -m pip install flask pytest -rrequirements.txt', 1)
[33m[0] < Building nlp done in 372.01s.
[0m[33m[0] Worker done.
[0m
[33mTotal build time: 372.01s[0m
[31mErrors received during build:
- [nlp] received non-zero exit code from build, error: The command '/bin/sh -c if [ "$TEST_ENABLED" = "false" ]; then     echo "skipping tests";     else     eval "$TEST_COMMAND";     fi' returned a non-zero code: 1

[0m
